2025-09-16 11:27:26,055 - base_page.py:[277] - [INFO] - 调用了 scroll_privacy_agreement 方法, 滑动了隐私协议
2025-09-16 11:27:26,126 - base_page.py:[237] - [INFO] - 调用了 find_and_click 方法, 定位方式是 ['resource-id', 'com.blink.blinkfocos:id/privacy_confirm_btn']
2025-09-16 11:27:28,657 - base_page.py:[237] - [INFO] - 调用了 find_and_click 方法, 定位方式是 ['XPATH', '//*[@text="账户"]']
2025-09-16 11:27:30,813 - base_page.py:[237] - [INFO] - 调用了 find_and_click 方法, 定位方式是 ['XPATH', '//*[@text="请登录"]']
2025-09-16 11:27:31,908 - base_page.py:[107] - [INFO] - 点击元素com.blink.blinkfocos:id/type_login成功
2025-09-16 11:27:31,908 - base_page.py:[261] - [INFO] - 调用了 find_one_element_exist_click 方法, 定位方式是 ['resource-id', 'com.blink.blinkfocos:id/type_login'],要获取的文本 密码
2025-09-16 11:27:32,978 - base_page.py:[252] - [INFO] - 调用了 find_and_send 方法, 定位方式是 ['resource-id', 'com.blink.blinkfocos:id/content'],输入的文本 15371972593
2025-09-16 11:27:34,049 - base_page.py:[252] - [INFO] - 调用了 find_and_send 方法, 定位方式是 ['resource-id', 'com.blink.blinkfocos:id/ver_code'],输入的文本 jxx321
2025-09-16 11:27:34,613 - base_page.py:[237] - [INFO] - 调用了 find_and_click 方法, 定位方式是 ['resource-id', 'com.blink.blinkfocos:id/bt_confirm']
2025-09-16 11:27:35,388 - base_page.py:[237] - [INFO] - 调用了 find_and_click 方法, 定位方式是 ['resource-id', 'com.blink.blinkfocos:id/agree_continue']
2025-09-16 11:27:55,563 - handle_black.py:[28] - [INFO] - 在黑名单中查找元素('xpath', "//android.widget.ImageView[@content-desc='Close']")
2025-09-16 11:28:05,896 - handle_black.py:[39] - [INFO] - 在黑名单中元素('xpath', "//android.widget.ImageView[@content-desc='Close']")未在页面中定位到
2025-09-16 11:28:05,897 - handle_black.py:[28] - [INFO] - 在黑名单中查找元素('id', 'com.android.permissioncontroller:id/permission_allow_foreground_only_button')
2025-09-16 11:28:16,174 - handle_black.py:[39] - [INFO] - 在黑名单中元素('id', 'com.android.permissioncontroller:id/permission_allow_foreground_only_button')未在页面中定位到
2025-09-16 11:28:16,174 - handle_black.py:[28] - [INFO] - 在黑名单中查找元素('id', 'com.android.permissioncontroller:id/permission_allow_button')
2025-09-16 11:28:26,361 - handle_black.py:[39] - [INFO] - 在黑名单中元素('id', 'com.android.permissioncontroller:id/permission_allow_button')未在页面中定位到
2025-09-16 11:28:26,361 - base_page.py:[284] - [ERROR] - 元素定位交互异常，执行的操作是find,传入的参数 定位方式['XPATH', '//android.widget.Toast']::下标None::文本None::等待时间1
2025-09-16 11:28:26,361 - base_page.py:[285] - [ERROR] - 报错信息是  Message: 元素定位异常
Stacktrace:
NoSuchElementError: An element could not be located on the page using the given search parameters.
    at AndroidUiautomator2Driver.findElOrEls (C:\Program Files\Appium\resources\app\node_modules\appium\node_modules\appium-android-driver\lib\commands\find.js:75:11)
    at runMicrotasks (<anonymous>)
    at processTicksAndRejections (internal/process/task_queues.js:85:5)
2025-09-16 11:28:26,362 - test_login.py:[23] - [ERROR] - 执行登录用例失败，错误：Message: 元素定位异常
Stacktrace:
NoSuchElementError: An element could not be located on the page using the given search parameters.
    at AndroidUiautomator2Driver.findElOrEls (C:\Program Files\Appium\resources\app\node_modules\appium\node_modules\appium-android-driver\lib\commands\find.js:75:11)
    at runMicrotasks (<anonymous>)
    at processTicksAndRejections (internal/process/task_queues.js:85:5)
2025-09-16 11:44:26,551 - base_page.py:[281] - [INFO] - 调用了 scroll_privacy_agreement 方法, 滑动了隐私协议
2025-09-16 11:44:26,616 - base_page.py:[241] - [INFO] - 调用了 find_and_click 方法, 定位方式是 ['resource-id', 'com.blink.blinkfocos:id/privacy_confirm_btn']
2025-09-16 11:44:29,149 - base_page.py:[241] - [INFO] - 调用了 find_and_click 方法, 定位方式是 ['XPATH', '//*[@text="账户"]']
2025-09-16 11:44:31,314 - base_page.py:[241] - [INFO] - 调用了 find_and_click 方法, 定位方式是 ['XPATH', '//*[@text="请登录"]']
2025-09-16 11:44:32,407 - base_page.py:[111] - [INFO] - 点击元素com.blink.blinkfocos:id/type_login成功
2025-09-16 11:44:32,407 - base_page.py:[265] - [INFO] - 调用了 find_one_element_exist_click 方法, 定位方式是 ['resource-id', 'com.blink.blinkfocos:id/type_login'],要获取的文本 密码
2025-09-16 11:44:33,991 - base_page.py:[256] - [INFO] - 调用了 find_and_send 方法, 定位方式是 ['resource-id', 'com.blink.blinkfocos:id/content'],输入的文本 15371972593
2025-09-16 11:44:35,559 - base_page.py:[256] - [INFO] - 调用了 find_and_send 方法, 定位方式是 ['resource-id', 'com.blink.blinkfocos:id/ver_code'],输入的文本 jxx321
2025-09-16 11:44:36,866 - base_page.py:[241] - [INFO] - 调用了 find_and_click 方法, 定位方式是 ['resource-id', 'com.blink.blinkfocos:id/bt_confirm']
2025-09-16 11:44:36,931 - base_page.py:[241] - [INFO] - 调用了 find_and_click 方法, 定位方式是 ['resource-id', 'com.blink.blinkfocos:id/agree_continue']
2025-09-16 11:44:36,933 - base_page.py:[288] - [ERROR] - 元素定位交互异常，执行的操作是get_toast_text,传入的参数 定位方式['XPATH', '//android.widget.Toast']::下标None::文本None::等待时间None
2025-09-16 11:44:36,933 - base_page.py:[289] - [ERROR] - 报错信息是  你的元素定位交互方法 get_toast_text 没有找到，再检查一下哦！
2025-09-16 11:44:36,933 - test_login.py:[23] - [ERROR] - 执行登录用例失败，错误：你的元素定位交互方法 get_toast_text 没有找到，再检查一下哦！
2025-09-16 11:45:34,672 - base_page.py:[281] - [INFO] - 调用了 scroll_privacy_agreement 方法, 滑动了隐私协议
2025-09-16 11:45:34,742 - base_page.py:[241] - [INFO] - 调用了 find_and_click 方法, 定位方式是 ['resource-id', 'com.blink.blinkfocos:id/privacy_confirm_btn']
2025-09-16 11:45:37,277 - base_page.py:[241] - [INFO] - 调用了 find_and_click 方法, 定位方式是 ['XPATH', '//*[@text="账户"]']
2025-09-16 11:45:39,432 - base_page.py:[241] - [INFO] - 调用了 find_and_click 方法, 定位方式是 ['XPATH', '//*[@text="请登录"]']
2025-09-16 11:45:40,519 - base_page.py:[111] - [INFO] - 点击元素com.blink.blinkfocos:id/type_login成功
2025-09-16 11:45:40,519 - base_page.py:[265] - [INFO] - 调用了 find_one_element_exist_click 方法, 定位方式是 ['resource-id', 'com.blink.blinkfocos:id/type_login'],要获取的文本 密码
2025-09-16 11:45:41,599 - base_page.py:[256] - [INFO] - 调用了 find_and_send 方法, 定位方式是 ['resource-id', 'com.blink.blinkfocos:id/content'],输入的文本 15371972593
2025-09-16 11:45:43,171 - base_page.py:[256] - [INFO] - 调用了 find_and_send 方法, 定位方式是 ['resource-id', 'com.blink.blinkfocos:id/ver_code'],输入的文本 jxx321
2025-09-16 11:45:43,735 - base_page.py:[241] - [INFO] - 调用了 find_and_click 方法, 定位方式是 ['resource-id', 'com.blink.blinkfocos:id/bt_confirm']
2025-09-16 11:45:44,559 - base_page.py:[241] - [INFO] - 调用了 find_and_click 方法, 定位方式是 ['resource-id', 'com.blink.blinkfocos:id/agree_continue']
2025-09-16 11:45:44,697 - base_page.py:[291] - [ERROR] - 元素定位交互异常，执行的操作是get_toast_text,传入的参数 定位方式['XPATH', '//android.widget.Toast']::下标None::文本None::等待时间None
2025-09-16 11:45:44,697 - base_page.py:[292] - [ERROR] - 报错信息是  Message: Locator Strategy 'XPATH' is not supported for this session
Stacktrace:
InvalidSelectorError: Locator Strategy 'XPATH' is not supported for this session
    at AndroidUiautomator2Driver.validateLocatorStrategy (C:\Program Files\Appium\resources\app\node_modules\appium\node_modules\appium-base-driver\lib\basedriver\driver.js:392:13)
    at AndroidUiautomator2Driver.findElOrElsWithProcessing (C:\Program Files\Appium\resources\app\node_modules\appium\node_modules\appium-base-driver\lib\basedriver\commands\find.js:31:8)
    at AndroidUiautomator2Driver.findElement (C:\Program Files\Appium\resources\app\node_modules\appium\node_modules\appium-base-driver\lib\basedriver\commands\find.js:53:21)
    at commandExecutor (C:\Program Files\Appium\resources\app\node_modules\appium\node_modules\appium-base-driver\lib\basedriver\driver.js:334:9)
    at C:\Program Files\Appium\resources\app\node_modules\appium\node_modules\async-lock\lib\index.js:125:12
    at AsyncLock._promiseTry (C:\Program Files\Appium\resources\app\node_modules\appium\node_modules\async-lock\lib\index.js:249:31)
    at exec (C:\Program Files\Appium\resources\app\node_modules\appium\node_modules\async-lock\lib\index.js:124:9)
    at AsyncLock.acquire (C:\Program Files\Appium\resources\app\node_modules\appium\node_modules\async-lock\lib\index.js:140:3)
    at AndroidUiautomator2Driver.executeCommand (C:\Program Files\Appium\resources\app\node_modules\appium\node_modules\appium-base-driver\lib\basedriver\driver.js:347:39)
    at AppiumDriver.executeCommand (C:\Program Files\Appium\resources\app\node_modules\appium\lib\appium.js:542:36)
    at runMicrotasks (<anonymous>)
    at processTicksAndRejections (internal/process/task_queues.js:85:5)
    at asyncHandler (C:\Program Files\Appium\resources\app\node_modules\appium\node_modules\appium-base-driver\lib\protocol\protocol.js:300:21)
2025-09-16 11:45:44,698 - test_login.py:[23] - [ERROR] - 执行登录用例失败，错误：Message: Locator Strategy 'XPATH' is not supported for this session
Stacktrace:
InvalidSelectorError: Locator Strategy 'XPATH' is not supported for this session
    at AndroidUiautomator2Driver.validateLocatorStrategy (C:\Program Files\Appium\resources\app\node_modules\appium\node_modules\appium-base-driver\lib\basedriver\driver.js:392:13)
    at AndroidUiautomator2Driver.findElOrElsWithProcessing (C:\Program Files\Appium\resources\app\node_modules\appium\node_modules\appium-base-driver\lib\basedriver\commands\find.js:31:8)
    at AndroidUiautomator2Driver.findElement (C:\Program Files\Appium\resources\app\node_modules\appium\node_modules\appium-base-driver\lib\basedriver\commands\find.js:53:21)
    at commandExecutor (C:\Program Files\Appium\resources\app\node_modules\appium\node_modules\appium-base-driver\lib\basedriver\driver.js:334:9)
    at C:\Program Files\Appium\resources\app\node_modules\appium\node_modules\async-lock\lib\index.js:125:12
    at AsyncLock._promiseTry (C:\Program Files\Appium\resources\app\node_modules\appium\node_modules\async-lock\lib\index.js:249:31)
    at exec (C:\Program Files\Appium\resources\app\node_modules\appium\node_modules\async-lock\lib\index.js:124:9)
    at AsyncLock.acquire (C:\Program Files\Appium\resources\app\node_modules\appium\node_modules\async-lock\lib\index.js:140:3)
    at AndroidUiautomator2Driver.executeCommand (C:\Program Files\Appium\resources\app\node_modules\appium\node_modules\appium-base-driver\lib\basedriver\driver.js:347:39)
    at AppiumDriver.executeCommand (C:\Program Files\Appium\resources\app\node_modules\appium\lib\appium.js:542:36)
    at runMicrotasks (<anonymous>)
    at processTicksAndRejections (internal/process/task_queues.js:85:5)
    at asyncHandler (C:\Program Files\Appium\resources\app\node_modules\appium\node_modules\appium-base-driver\lib\protocol\protocol.js:300:21)
2025-09-16 13:12:40,379 - base_page.py:[281] - [INFO] - 调用了 scroll_privacy_agreement 方法, 滑动了隐私协议
2025-09-16 13:12:40,462 - base_page.py:[241] - [INFO] - 调用了 find_and_click 方法, 定位方式是 ['resource-id', 'com.blink.blinkfocos:id/privacy_confirm_btn']
2025-09-16 13:12:42,985 - base_page.py:[241] - [INFO] - 调用了 find_and_click 方法, 定位方式是 ['XPATH', '//*[@text="账户"]']
2025-09-16 13:12:45,132 - base_page.py:[241] - [INFO] - 调用了 find_and_click 方法, 定位方式是 ['XPATH', '//*[@text="请登录"]']
2025-09-16 13:12:46,226 - base_page.py:[111] - [INFO] - 点击元素com.blink.blinkfocos:id/type_login成功
2025-09-16 13:12:46,227 - base_page.py:[265] - [INFO] - 调用了 find_one_element_exist_click 方法, 定位方式是 ['resource-id', 'com.blink.blinkfocos:id/type_login'],要获取的文本 密码
2025-09-16 13:12:47,804 - base_page.py:[256] - [INFO] - 调用了 find_and_send 方法, 定位方式是 ['resource-id', 'com.blink.blinkfocos:id/content'],输入的文本 15371972593
2025-09-16 13:12:49,387 - base_page.py:[256] - [INFO] - 调用了 find_and_send 方法, 定位方式是 ['resource-id', 'com.blink.blinkfocos:id/ver_code'],输入的文本 jxx321
2025-09-16 13:12:50,758 - base_page.py:[241] - [INFO] - 调用了 find_and_click 方法, 定位方式是 ['resource-id', 'com.blink.blinkfocos:id/bt_confirm']
2025-09-16 13:12:50,839 - base_page.py:[241] - [INFO] - 调用了 find_and_click 方法, 定位方式是 ['resource-id', 'com.blink.blinkfocos:id/agree_continue']
2025-09-16 13:12:50,849 - base_page.py:[291] - [ERROR] - 元素定位交互异常，执行的操作是get_toast_text,传入的参数 定位方式['By.XPATH', '//android.widget.Toast']::下标None::文本None::等待时间None
2025-09-16 13:12:50,849 - base_page.py:[292] - [ERROR] - 报错信息是  Message: Locator Strategy 'By.XPATH' is not supported for this session
Stacktrace:
InvalidSelectorError: Locator Strategy 'By.XPATH' is not supported for this session
    at AndroidUiautomator2Driver.validateLocatorStrategy (C:\Program Files\Appium\resources\app\node_modules\appium\node_modules\appium-base-driver\lib\basedriver\driver.js:392:13)
    at AndroidUiautomator2Driver.findElOrElsWithProcessing (C:\Program Files\Appium\resources\app\node_modules\appium\node_modules\appium-base-driver\lib\basedriver\commands\find.js:31:8)
    at AndroidUiautomator2Driver.findElement (C:\Program Files\Appium\resources\app\node_modules\appium\node_modules\appium-base-driver\lib\basedriver\commands\find.js:53:21)
    at commandExecutor (C:\Program Files\Appium\resources\app\node_modules\appium\node_modules\appium-base-driver\lib\basedriver\driver.js:334:9)
    at C:\Program Files\Appium\resources\app\node_modules\appium\node_modules\async-lock\lib\index.js:125:12
    at AsyncLock._promiseTry (C:\Program Files\Appium\resources\app\node_modules\appium\node_modules\async-lock\lib\index.js:249:31)
    at exec (C:\Program Files\Appium\resources\app\node_modules\appium\node_modules\async-lock\lib\index.js:124:9)
    at AsyncLock.acquire (C:\Program Files\Appium\resources\app\node_modules\appium\node_modules\async-lock\lib\index.js:140:3)
    at AndroidUiautomator2Driver.executeCommand (C:\Program Files\Appium\resources\app\node_modules\appium\node_modules\appium-base-driver\lib\basedriver\driver.js:347:39)
    at AppiumDriver.executeCommand (C:\Program Files\Appium\resources\app\node_modules\appium\lib\appium.js:542:36)
    at runMicrotasks (<anonymous>)
    at processTicksAndRejections (internal/process/task_queues.js:85:5)
    at asyncHandler (C:\Program Files\Appium\resources\app\node_modules\appium\node_modules\appium-base-driver\lib\protocol\protocol.js:300:21)
2025-09-16 13:12:50,849 - test_login.py:[23] - [ERROR] - 执行登录用例失败，错误：Message: Locator Strategy 'By.XPATH' is not supported for this session
Stacktrace:
InvalidSelectorError: Locator Strategy 'By.XPATH' is not supported for this session
    at AndroidUiautomator2Driver.validateLocatorStrategy (C:\Program Files\Appium\resources\app\node_modules\appium\node_modules\appium-base-driver\lib\basedriver\driver.js:392:13)
    at AndroidUiautomator2Driver.findElOrElsWithProcessing (C:\Program Files\Appium\resources\app\node_modules\appium\node_modules\appium-base-driver\lib\basedriver\commands\find.js:31:8)
    at AndroidUiautomator2Driver.findElement (C:\Program Files\Appium\resources\app\node_modules\appium\node_modules\appium-base-driver\lib\basedriver\commands\find.js:53:21)
    at commandExecutor (C:\Program Files\Appium\resources\app\node_modules\appium\node_modules\appium-base-driver\lib\basedriver\driver.js:334:9)
    at C:\Program Files\Appium\resources\app\node_modules\appium\node_modules\async-lock\lib\index.js:125:12
    at AsyncLock._promiseTry (C:\Program Files\Appium\resources\app\node_modules\appium\node_modules\async-lock\lib\index.js:249:31)
    at exec (C:\Program Files\Appium\resources\app\node_modules\appium\node_modules\async-lock\lib\index.js:124:9)
    at AsyncLock.acquire (C:\Program Files\Appium\resources\app\node_modules\appium\node_modules\async-lock\lib\index.js:140:3)
    at AndroidUiautomator2Driver.executeCommand (C:\Program Files\Appium\resources\app\node_modules\appium\node_modules\appium-base-driver\lib\basedriver\driver.js:347:39)
    at AppiumDriver.executeCommand (C:\Program Files\Appium\resources\app\node_modules\appium\lib\appium.js:542:36)
    at runMicrotasks (<anonymous>)
    at processTicksAndRejections (internal/process/task_queues.js:85:5)
    at asyncHandler (C:\Program Files\Appium\resources\app\node_modules\appium\node_modules\appium-base-driver\lib\protocol\protocol.js:300:21)
2025-09-16 13:19:27,380 - base_page.py:[286] - [INFO] - 调用了 scroll_privacy_agreement 方法, 滑动了隐私协议
2025-09-16 13:19:27,444 - base_page.py:[246] - [INFO] - 调用了 find_and_click 方法, 定位方式是 ['resource-id', 'com.blink.blinkfocos:id/privacy_confirm_btn']
2025-09-16 13:19:29,926 - base_page.py:[246] - [INFO] - 调用了 find_and_click 方法, 定位方式是 ['XPATH', '//*[@text="账户"]']
2025-09-16 13:19:32,101 - base_page.py:[246] - [INFO] - 调用了 find_and_click 方法, 定位方式是 ['XPATH', '//*[@text="请登录"]']
2025-09-16 13:19:33,185 - base_page.py:[116] - [INFO] - 点击元素com.blink.blinkfocos:id/type_login成功
2025-09-16 13:19:33,185 - base_page.py:[270] - [INFO] - 调用了 find_one_element_exist_click 方法, 定位方式是 ['resource-id', 'com.blink.blinkfocos:id/type_login'],要获取的文本 密码
2025-09-16 13:19:34,254 - base_page.py:[261] - [INFO] - 调用了 find_and_send 方法, 定位方式是 ['resource-id', 'com.blink.blinkfocos:id/content'],输入的文本 15371972593
2025-09-16 13:19:35,331 - base_page.py:[261] - [INFO] - 调用了 find_and_send 方法, 定位方式是 ['resource-id', 'com.blink.blinkfocos:id/ver_code'],输入的文本 jxx321
2025-09-16 13:19:35,885 - base_page.py:[246] - [INFO] - 调用了 find_and_click 方法, 定位方式是 ['resource-id', 'com.blink.blinkfocos:id/bt_confirm']
2025-09-16 13:19:36,692 - base_page.py:[246] - [INFO] - 调用了 find_and_click 方法, 定位方式是 ['resource-id', 'com.blink.blinkfocos:id/agree_continue']
2025-09-16 13:19:41,137 - base_page.py:[289] - [INFO] - 调起了 get_toast_text 方法, 获取到的文本是 None
2025-09-16 13:19:41,137 - test_login.py:[23] - [ERROR] - 执行登录用例失败，错误：assert None == '登录成功'
2025-09-16 13:28:35,243 - base_page.py:[286] - [INFO] - 调用了 scroll_privacy_agreement 方法, 滑动了隐私协议
2025-09-16 13:28:35,916 - base_page.py:[246] - [INFO] - 调用了 find_and_click 方法, 定位方式是 ['resource-id', 'com.blink.blinkfocos:id/privacy_confirm_btn']
2025-09-16 13:28:37,792 - base_page.py:[246] - [INFO] - 调用了 find_and_click 方法, 定位方式是 ['XPATH', '//*[@text="账户"]']
2025-09-16 13:28:39,932 - base_page.py:[246] - [INFO] - 调用了 find_and_click 方法, 定位方式是 ['XPATH', '//*[@text="请登录"]']
2025-09-16 13:28:41,026 - base_page.py:[116] - [INFO] - 点击元素com.blink.blinkfocos:id/type_login成功
2025-09-16 13:28:41,026 - base_page.py:[270] - [INFO] - 调用了 find_one_element_exist_click 方法, 定位方式是 ['resource-id', 'com.blink.blinkfocos:id/type_login'],要获取的文本 密码
2025-09-16 13:28:42,602 - base_page.py:[261] - [INFO] - 调用了 find_and_send 方法, 定位方式是 ['resource-id', 'com.blink.blinkfocos:id/content'],输入的文本 15371972593
2025-09-16 13:28:44,171 - base_page.py:[261] - [INFO] - 调用了 find_and_send 方法, 定位方式是 ['resource-id', 'com.blink.blinkfocos:id/ver_code'],输入的文本 jxx321
2025-09-16 13:28:45,533 - base_page.py:[246] - [INFO] - 调用了 find_and_click 方法, 定位方式是 ['resource-id', 'com.blink.blinkfocos:id/bt_confirm']
2025-09-16 13:28:46,606 - base_page.py:[246] - [INFO] - 调用了 find_and_click 方法, 定位方式是 ['resource-id', 'com.blink.blinkfocos:id/agree_continue']
2025-09-16 13:28:51,040 - base_page.py:[289] - [INFO] - 调起了 get_toast_text 方法, 获取到的文本是 None
2025-09-16 13:28:51,040 - test_login.py:[23] - [ERROR] - 执行登录用例失败，错误：assert None == '登录成功'
2025-09-16 13:29:52,199 - base_page.py:[286] - [INFO] - 调用了 scroll_privacy_agreement 方法, 滑动了隐私协议
2025-09-16 13:29:52,271 - base_page.py:[246] - [INFO] - 调用了 find_and_click 方法, 定位方式是 ['resource-id', 'com.blink.blinkfocos:id/privacy_confirm_btn']
2025-09-16 13:29:54,763 - base_page.py:[246] - [INFO] - 调用了 find_and_click 方法, 定位方式是 ['XPATH', '//*[@text="账户"]']
2025-09-16 13:29:56,920 - base_page.py:[246] - [INFO] - 调用了 find_and_click 方法, 定位方式是 ['XPATH', '//*[@text="请登录"]']
2025-09-16 13:29:57,996 - base_page.py:[116] - [INFO] - 点击元素com.blink.blinkfocos:id/type_login成功
2025-09-16 13:29:57,996 - base_page.py:[270] - [INFO] - 调用了 find_one_element_exist_click 方法, 定位方式是 ['resource-id', 'com.blink.blinkfocos:id/type_login'],要获取的文本 密码
2025-09-16 13:29:59,083 - base_page.py:[261] - [INFO] - 调用了 find_and_send 方法, 定位方式是 ['resource-id', 'com.blink.blinkfocos:id/content'],输入的文本 15371972593
2025-09-16 13:30:00,531 - base_page.py:[261] - [INFO] - 调用了 find_and_send 方法, 定位方式是 ['resource-id', 'com.blink.blinkfocos:id/ver_code'],输入的文本 jxx321
2025-09-16 13:30:01,089 - base_page.py:[246] - [INFO] - 调用了 find_and_click 方法, 定位方式是 ['resource-id', 'com.blink.blinkfocos:id/bt_confirm']
2025-09-16 13:30:02,158 - base_page.py:[246] - [INFO] - 调用了 find_and_click 方法, 定位方式是 ['resource-id', 'com.blink.blinkfocos:id/agree_continue']
2025-09-16 13:30:06,601 - base_page.py:[289] - [INFO] - 调起了 get_toast_text 方法, 获取到的文本是 None
2025-09-16 13:30:06,601 - test_login.py:[23] - [ERROR] - 执行登录用例失败，错误：assert None == '登录成功'
2025-09-16 13:56:43,027 - base_page.py:[306] - [INFO] - 调用了 scroll_privacy_agreement 方法, 滑动了隐私协议
2025-09-16 13:56:43,092 - base_page.py:[266] - [INFO] - 调用了 find_and_click 方法, 定位方式是 ['resource-id', 'com.blink.blinkfocos:id/privacy_confirm_btn']
2025-09-16 13:56:54,738 - handle_black.py:[29] - [INFO] - 在黑名单中查找元素('xpath', "//android.widget.ImageView[@content-desc='Close']")
2025-09-16 13:57:04,882 - handle_black.py:[40] - [INFO] - 在黑名单中元素('xpath', "//android.widget.ImageView[@content-desc='Close']")未在页面中定位到
2025-09-16 13:57:04,882 - handle_black.py:[29] - [INFO] - 在黑名单中查找元素('id', 'com.android.permissioncontroller:id/permission_allow_foreground_only_button')
2025-09-16 13:57:15,066 - handle_black.py:[40] - [INFO] - 在黑名单中元素('id', 'com.android.permissioncontroller:id/permission_allow_foreground_only_button')未在页面中定位到
2025-09-16 13:57:15,066 - handle_black.py:[29] - [INFO] - 在黑名单中查找元素('id', 'com.android.permissioncontroller:id/permission_allow_button')
2025-09-16 13:57:25,198 - handle_black.py:[40] - [INFO] - 在黑名单中元素('id', 'com.android.permissioncontroller:id/permission_allow_button')未在页面中定位到
2025-09-16 13:57:25,199 - handle_black.py:[29] - [INFO] - 在黑名单中查找元素('xpath', "//android.widget.ImageView[@content-desc='Close']")
2025-09-16 13:57:35,381 - handle_black.py:[40] - [INFO] - 在黑名单中元素('xpath', "//android.widget.ImageView[@content-desc='Close']")未在页面中定位到
2025-09-16 13:57:35,382 - handle_black.py:[29] - [INFO] - 在黑名单中查找元素('id', 'com.android.permissioncontroller:id/permission_allow_foreground_only_button')
2025-09-16 13:57:45,420 - handle_black.py:[40] - [INFO] - 在黑名单中元素('id', 'com.android.permissioncontroller:id/permission_allow_foreground_only_button')未在页面中定位到
2025-09-16 13:57:45,420 - handle_black.py:[29] - [INFO] - 在黑名单中查找元素('id', 'com.android.permissioncontroller:id/permission_allow_button')
2025-09-16 13:57:55,525 - handle_black.py:[40] - [INFO] - 在黑名单中元素('id', 'com.android.permissioncontroller:id/permission_allow_button')未在页面中定位到
2025-09-16 13:57:55,525 - base_page.py:[316] - [ERROR] - 元素定位交互异常，执行的操作是find_and_click,传入的参数 定位方式['XPATH', '//*[@text="账户"]']::下标None::文本None::等待时间1
2025-09-16 13:57:55,525 - base_page.py:[317] - [ERROR] - 报错信息是  Message: 元素定位异常
Stacktrace:
NoSuchElementError: An element could not be located on the page using the given search parameters.
    at AndroidUiautomator2Driver.findElOrEls (C:\Program Files\Appium\resources\app\node_modules\appium\node_modules\appium-android-driver\lib\commands\find.js:75:11)
    at processTicksAndRejections (internal/process/task_queues.js:85:5)
2025-09-16 13:57:55,525 - test_login.py:[23] - [ERROR] - 执行登录用例失败，错误：Message: 元素定位异常
Stacktrace:
NoSuchElementError: An element could not be located on the page using the given search parameters.
    at AndroidUiautomator2Driver.findElOrEls (C:\Program Files\Appium\resources\app\node_modules\appium\node_modules\appium-android-driver\lib\commands\find.js:75:11)
    at processTicksAndRejections (internal/process/task_queues.js:85:5)
2025-09-16 13:59:06,682 - base_page.py:[306] - [INFO] - 调用了 scroll_privacy_agreement 方法, 滑动了隐私协议
2025-09-16 13:59:07,264 - base_page.py:[266] - [INFO] - 调用了 find_and_click 方法, 定位方式是 ['resource-id', 'com.blink.blinkfocos:id/privacy_confirm_btn']
2025-09-16 13:59:18,493 - handle_black.py:[29] - [INFO] - 在黑名单中查找元素('xpath', "//android.widget.ImageView[@content-desc='Close']")
2025-09-16 14:04:11,759 - base_page.py:[306] - [INFO] - 调用了 scroll_privacy_agreement 方法, 滑动了隐私协议
2025-09-16 14:04:11,824 - base_page.py:[266] - [INFO] - 调用了 find_and_click 方法, 定位方式是 ['resource-id', 'com.blink.blinkfocos:id/privacy_confirm_btn']
2025-09-16 14:04:23,378 - handle_black.py:[29] - [INFO] - 在黑名单中查找元素('xpath', "//android.widget.ImageView[@content-desc='Close']")
2025-09-16 14:04:33,537 - handle_black.py:[40] - [INFO] - 在黑名单中元素('xpath', "//android.widget.ImageView[@content-desc='Close']")未在页面中定位到
2025-09-16 14:04:33,537 - handle_black.py:[29] - [INFO] - 在黑名单中查找元素('id', 'com.android.permissioncontroller:id/permission_allow_foreground_only_button')
2025-09-16 14:04:43,630 - handle_black.py:[40] - [INFO] - 在黑名单中元素('id', 'com.android.permissioncontroller:id/permission_allow_foreground_only_button')未在页面中定位到
2025-09-16 14:04:43,630 - handle_black.py:[29] - [INFO] - 在黑名单中查找元素('id', 'com.android.permissioncontroller:id/permission_allow_button')
2025-09-16 14:04:53,729 - handle_black.py:[40] - [INFO] - 在黑名单中元素('id', 'com.android.permissioncontroller:id/permission_allow_button')未在页面中定位到
2025-09-16 14:04:53,729 - handle_black.py:[29] - [INFO] - 在黑名单中查找元素('xpath', "//android.widget.ImageView[@content-desc='Close']")
2025-09-16 14:05:03,872 - handle_black.py:[40] - [INFO] - 在黑名单中元素('xpath', "//android.widget.ImageView[@content-desc='Close']")未在页面中定位到
2025-09-16 14:05:03,873 - handle_black.py:[29] - [INFO] - 在黑名单中查找元素('id', 'com.android.permissioncontroller:id/permission_allow_foreground_only_button')
2025-09-16 14:05:13,887 - handle_black.py:[40] - [INFO] - 在黑名单中元素('id', 'com.android.permissioncontroller:id/permission_allow_foreground_only_button')未在页面中定位到
2025-09-16 14:05:13,889 - handle_black.py:[29] - [INFO] - 在黑名单中查找元素('id', 'com.android.permissioncontroller:id/permission_allow_button')
2025-09-16 14:05:24,022 - handle_black.py:[40] - [INFO] - 在黑名单中元素('id', 'com.android.permissioncontroller:id/permission_allow_button')未在页面中定位到
2025-09-16 14:05:24,022 - base_page.py:[316] - [ERROR] - 元素定位交互异常，执行的操作是find_and_click,传入的参数 定位方式['XPATH', '//*[@text="账户"]']::下标None::文本None::等待时间1
2025-09-16 14:05:24,022 - base_page.py:[317] - [ERROR] - 报错信息是  Message: 元素定位异常
Stacktrace:
NoSuchElementError: An element could not be located on the page using the given search parameters.
    at AndroidUiautomator2Driver.findElOrEls (C:\Program Files\Appium\resources\app\node_modules\appium\node_modules\appium-android-driver\lib\commands\find.js:75:11)
    at processTicksAndRejections (internal/process/task_queues.js:85:5)
2025-09-16 14:05:24,022 - test_login.py:[23] - [ERROR] - 执行登录用例失败，错误：Message: 元素定位异常
Stacktrace:
NoSuchElementError: An element could not be located on the page using the given search parameters.
    at AndroidUiautomator2Driver.findElOrEls (C:\Program Files\Appium\resources\app\node_modules\appium\node_modules\appium-android-driver\lib\commands\find.js:75:11)
    at processTicksAndRejections (internal/process/task_queues.js:85:5)
2025-09-16 14:06:13,206 - base_page.py:[306] - [INFO] - 调用了 scroll_privacy_agreement 方法, 滑动了隐私协议
2025-09-16 14:06:13,268 - base_page.py:[266] - [INFO] - 调用了 find_and_click 方法, 定位方式是 ['resource-id', 'com.blink.blinkfocos:id/privacy_confirm_btn']
2025-09-16 14:06:24,849 - handle_black.py:[29] - [INFO] - 在黑名单中查找元素('xpath', "//android.widget.ImageView[@content-desc='Close']")
2025-09-16 14:06:35,018 - handle_black.py:[40] - [INFO] - 在黑名单中元素('xpath', "//android.widget.ImageView[@content-desc='Close']")未在页面中定位到
2025-09-16 14:06:35,019 - handle_black.py:[29] - [INFO] - 在黑名单中查找元素('id', 'com.android.permissioncontroller:id/permission_allow_foreground_only_button')
2025-09-16 14:06:45,075 - handle_black.py:[40] - [INFO] - 在黑名单中元素('id', 'com.android.permissioncontroller:id/permission_allow_foreground_only_button')未在页面中定位到
2025-09-16 14:06:45,075 - handle_black.py:[29] - [INFO] - 在黑名单中查找元素('id', 'com.android.permissioncontroller:id/permission_allow_button')
2025-09-16 14:06:55,124 - handle_black.py:[40] - [INFO] - 在黑名单中元素('id', 'com.android.permissioncontroller:id/permission_allow_button')未在页面中定位到
2025-09-16 14:06:55,125 - handle_black.py:[29] - [INFO] - 在黑名单中查找元素('xpath', "//android.widget.ImageView[@content-desc='Close']")
2025-09-16 14:07:05,296 - handle_black.py:[40] - [INFO] - 在黑名单中元素('xpath', "//android.widget.ImageView[@content-desc='Close']")未在页面中定位到
2025-09-16 14:07:05,296 - handle_black.py:[29] - [INFO] - 在黑名单中查找元素('id', 'com.android.permissioncontroller:id/permission_allow_foreground_only_button')
2025-09-16 14:07:15,386 - handle_black.py:[40] - [INFO] - 在黑名单中元素('id', 'com.android.permissioncontroller:id/permission_allow_foreground_only_button')未在页面中定位到
2025-09-16 14:07:15,386 - handle_black.py:[29] - [INFO] - 在黑名单中查找元素('id', 'com.android.permissioncontroller:id/permission_allow_button')
2025-09-16 14:07:25,431 - handle_black.py:[40] - [INFO] - 在黑名单中元素('id', 'com.android.permissioncontroller:id/permission_allow_button')未在页面中定位到
2025-09-16 14:07:25,432 - base_page.py:[316] - [ERROR] - 元素定位交互异常，执行的操作是find_and_click,传入的参数 定位方式['XPATH', '//*[@text="账户"]']::下标None::文本None::等待时间1
2025-09-16 14:07:25,432 - base_page.py:[317] - [ERROR] - 报错信息是  Message: 元素定位异常
Stacktrace:
NoSuchElementError: An element could not be located on the page using the given search parameters.
    at AndroidUiautomator2Driver.findElOrEls (C:\Program Files\Appium\resources\app\node_modules\appium\node_modules\appium-android-driver\lib\commands\find.js:75:11)
    at runMicrotasks (<anonymous>)
    at processTicksAndRejections (internal/process/task_queues.js:85:5)
2025-09-16 14:07:25,432 - test_login.py:[23] - [ERROR] - 执行登录用例失败，错误：Message: 元素定位异常
Stacktrace:
NoSuchElementError: An element could not be located on the page using the given search parameters.
    at AndroidUiautomator2Driver.findElOrEls (C:\Program Files\Appium\resources\app\node_modules\appium\node_modules\appium-android-driver\lib\commands\find.js:75:11)
    at runMicrotasks (<anonymous>)
    at processTicksAndRejections (internal/process/task_queues.js:85:5)
2025-09-16 14:13:47,276 - base_page.py:[316] - [ERROR] - 元素定位交互异常，执行的操作是scroll_privacy_agreement,传入的参数 定位方式None::下标5::文本None::等待时间None
2025-09-16 14:13:47,276 - base_page.py:[317] - [ERROR] - 报错信息是  'NoneType' object has no attribute 'move_to_location'
2025-09-16 14:13:47,277 - test_login.py:[23] - [ERROR] - 执行登录用例失败，错误：'NoneType' object has no attribute 'move_to_location'
2025-09-16 14:14:04,864 - base_page.py:[316] - [ERROR] - 元素定位交互异常，执行的操作是scroll_privacy_agreement,传入的参数 定位方式None::下标5::文本None::等待时间None
2025-09-16 14:14:04,865 - base_page.py:[317] - [ERROR] - 报错信息是  'NoneType' object has no attribute 'move_to_location'
2025-09-16 14:14:04,865 - test_login.py:[23] - [ERROR] - 执行登录用例失败，错误：'NoneType' object has no attribute 'move_to_location'
2025-09-16 14:22:54,313 - base_page.py:[308] - [INFO] - 调用了 scroll_privacy_agreement 方法, 滑动了隐私协议
2025-09-16 14:22:54,854 - base_page.py:[268] - [INFO] - 调用了 find_and_click 方法, 定位方式是 ['resource-id', 'com.blink.blinkfocos:id/privacy_confirm_btn']
2025-09-16 14:22:57,377 - base_page.py:[268] - [INFO] - 调用了 find_and_click 方法, 定位方式是 ['XPATH', '//*[@text="账户"]']
2025-09-16 14:22:59,548 - base_page.py:[268] - [INFO] - 调用了 find_and_click 方法, 定位方式是 ['XPATH', '//*[@text="请登录"]']
2025-09-16 14:23:00,637 - base_page.py:[120] - [INFO] - 点击元素com.blink.blinkfocos:id/type_login成功
2025-09-16 14:23:00,637 - base_page.py:[292] - [INFO] - 调用了 find_one_element_exist_click 方法, 定位方式是 ['resource-id', 'com.blink.blinkfocos:id/type_login'],要获取的文本 密码
2025-09-16 14:23:02,213 - base_page.py:[283] - [INFO] - 调用了 find_and_send 方法, 定位方式是 ['resource-id', 'com.blink.blinkfocos:id/content'],输入的文本 15371972593
2025-09-16 14:23:03,289 - base_page.py:[283] - [INFO] - 调用了 find_and_send 方法, 定位方式是 ['resource-id', 'com.blink.blinkfocos:id/ver_code'],输入的文本 jxx321
2025-09-16 14:23:03,843 - base_page.py:[268] - [INFO] - 调用了 find_and_click 方法, 定位方式是 ['resource-id', 'com.blink.blinkfocos:id/bt_confirm']
2025-09-16 14:23:04,910 - base_page.py:[268] - [INFO] - 调用了 find_and_click 方法, 定位方式是 ['resource-id', 'com.blink.blinkfocos:id/agree_continue']
2025-09-16 14:23:10,144 - base_page.py:[311] - [INFO] - 调起了 get_toast_text 方法, 获取到的文本是 None
2025-09-16 14:23:10,144 - test_login.py:[23] - [ERROR] - 执行登录用例失败，错误：assert None == '登录成功'
2025-09-16 14:23:58,898 - base_page.py:[308] - [INFO] - 调用了 scroll_privacy_agreement 方法, 滑动了隐私协议
2025-09-16 14:23:59,435 - base_page.py:[268] - [INFO] - 调用了 find_and_click 方法, 定位方式是 ['resource-id', 'com.blink.blinkfocos:id/privacy_confirm_btn']
2025-09-16 14:24:10,763 - handle_black.py:[29] - [INFO] - 在黑名单中查找元素('xpath', "//android.widget.ImageView[@content-desc='Close']")
2025-09-16 14:24:20,997 - handle_black.py:[40] - [INFO] - 在黑名单中元素('xpath', "//android.widget.ImageView[@content-desc='Close']")未在页面中定位到
2025-09-16 14:24:20,997 - handle_black.py:[29] - [INFO] - 在黑名单中查找元素('id', 'com.android.permissioncontroller:id/permission_allow_foreground_only_button')
2025-09-16 14:24:31,106 - handle_black.py:[40] - [INFO] - 在黑名单中元素('id', 'com.android.permissioncontroller:id/permission_allow_foreground_only_button')未在页面中定位到
2025-09-16 14:24:31,107 - handle_black.py:[29] - [INFO] - 在黑名单中查找元素('id', 'com.android.permissioncontroller:id/permission_allow_button')
2025-09-16 14:24:41,186 - handle_black.py:[40] - [INFO] - 在黑名单中元素('id', 'com.android.permissioncontroller:id/permission_allow_button')未在页面中定位到
2025-09-16 14:24:41,186 - handle_black.py:[29] - [INFO] - 在黑名单中查找元素('xpath', "//android.widget.ImageView[@content-desc='Close']")
2025-09-16 14:24:51,413 - handle_black.py:[40] - [INFO] - 在黑名单中元素('xpath', "//android.widget.ImageView[@content-desc='Close']")未在页面中定位到
2025-09-16 14:24:51,413 - handle_black.py:[29] - [INFO] - 在黑名单中查找元素('id', 'com.android.permissioncontroller:id/permission_allow_foreground_only_button')
2025-09-16 14:25:01,540 - handle_black.py:[40] - [INFO] - 在黑名单中元素('id', 'com.android.permissioncontroller:id/permission_allow_foreground_only_button')未在页面中定位到
2025-09-16 14:25:01,543 - handle_black.py:[29] - [INFO] - 在黑名单中查找元素('id', 'com.android.permissioncontroller:id/permission_allow_button')
2025-09-16 14:25:11,611 - handle_black.py:[40] - [INFO] - 在黑名单中元素('id', 'com.android.permissioncontroller:id/permission_allow_button')未在页面中定位到
2025-09-16 14:25:11,612 - base_page.py:[318] - [ERROR] - 元素定位交互异常，执行的操作是find_and_click,传入的参数 定位方式['XPATH', '//*[@text="账户"]']::下标None::文本None::等待时间1
2025-09-16 14:25:11,612 - base_page.py:[319] - [ERROR] - 报错信息是  Message: 元素定位异常
Stacktrace:
NoSuchElementError: An element could not be located on the page using the given search parameters.
    at AndroidUiautomator2Driver.findElOrEls (C:\Program Files\Appium\resources\app\node_modules\appium\node_modules\appium-android-driver\lib\commands\find.js:75:11)
    at processTicksAndRejections (internal/process/task_queues.js:85:5)
2025-09-16 14:25:11,612 - test_login.py:[23] - [ERROR] - 执行登录用例失败，错误：Message: 元素定位异常
Stacktrace:
NoSuchElementError: An element could not be located on the page using the given search parameters.
    at AndroidUiautomator2Driver.findElOrEls (C:\Program Files\Appium\resources\app\node_modules\appium\node_modules\appium-android-driver\lib\commands\find.js:75:11)
    at processTicksAndRejections (internal/process/task_queues.js:85:5)
2025-09-16 14:25:27,434 - base_page.py:[308] - [INFO] - 调用了 scroll_privacy_agreement 方法, 滑动了隐私协议
2025-09-16 14:25:27,498 - base_page.py:[268] - [INFO] - 调用了 find_and_click 方法, 定位方式是 ['resource-id', 'com.blink.blinkfocos:id/privacy_confirm_btn']
2025-09-16 14:25:29,980 - base_page.py:[268] - [INFO] - 调用了 find_and_click 方法, 定位方式是 ['XPATH', '//*[@text="账户"]']
2025-09-16 14:25:32,143 - base_page.py:[268] - [INFO] - 调用了 find_and_click 方法, 定位方式是 ['XPATH', '//*[@text="请登录"]']
2025-09-16 14:25:33,247 - base_page.py:[120] - [INFO] - 点击元素com.blink.blinkfocos:id/type_login成功
2025-09-16 14:25:33,247 - base_page.py:[292] - [INFO] - 调用了 find_one_element_exist_click 方法, 定位方式是 ['resource-id', 'com.blink.blinkfocos:id/type_login'],要获取的文本 密码
2025-09-16 14:25:34,334 - base_page.py:[283] - [INFO] - 调用了 find_and_send 方法, 定位方式是 ['resource-id', 'com.blink.blinkfocos:id/content'],输入的文本 15371972593
2025-09-16 14:25:35,925 - base_page.py:[283] - [INFO] - 调用了 find_and_send 方法, 定位方式是 ['resource-id', 'com.blink.blinkfocos:id/ver_code'],输入的文本 jxx321
2025-09-16 14:25:36,485 - base_page.py:[268] - [INFO] - 调用了 find_and_click 方法, 定位方式是 ['resource-id', 'com.blink.blinkfocos:id/bt_confirm']
2025-09-16 14:25:37,560 - base_page.py:[268] - [INFO] - 调用了 find_and_click 方法, 定位方式是 ['resource-id', 'com.blink.blinkfocos:id/agree_continue']
2025-09-16 14:25:43,050 - base_page.py:[311] - [INFO] - 调起了 get_toast_text 方法, 获取到的文本是 None
2025-09-16 14:25:43,051 - test_login.py:[23] - [ERROR] - 执行登录用例失败，错误：assert None == '登录成功'
2025-09-16 14:29:06,192 - base_page.py:[318] - [ERROR] - 元素定位交互异常，执行的操作是scroll_privacy_agreement,传入的参数 定位方式None::下标4::文本None::等待时间None
2025-09-16 14:29:06,193 - base_page.py:[319] - [ERROR] - 报错信息是  move_to_location() got an unexpected keyword argument 'duration'
2025-09-16 14:29:06,193 - test_login.py:[23] - [ERROR] - 执行登录用例失败，错误：move_to_location() got an unexpected keyword argument 'duration'
2025-09-16 14:32:48,623 - base_page.py:[310] - [INFO] - 调用了 scroll_privacy_agreement 方法, 滑动了隐私协议
2025-09-16 14:32:48,687 - base_page.py:[270] - [INFO] - 调用了 find_and_click 方法, 定位方式是 ['resource-id', 'com.blink.blinkfocos:id/privacy_confirm_btn']
2025-09-16 14:32:51,179 - base_page.py:[270] - [INFO] - 调用了 find_and_click 方法, 定位方式是 ['XPATH', '//*[@text="账户"]']
2025-09-16 14:32:53,302 - base_page.py:[270] - [INFO] - 调用了 find_and_click 方法, 定位方式是 ['XPATH', '//*[@text="请登录"]']
2025-09-16 14:32:54,387 - base_page.py:[120] - [INFO] - 点击元素com.blink.blinkfocos:id/type_login成功
2025-09-16 14:32:54,387 - base_page.py:[294] - [INFO] - 调用了 find_one_element_exist_click 方法, 定位方式是 ['resource-id', 'com.blink.blinkfocos:id/type_login'],要获取的文本 密码
2025-09-16 14:32:55,979 - base_page.py:[285] - [INFO] - 调用了 find_and_send 方法, 定位方式是 ['resource-id', 'com.blink.blinkfocos:id/content'],输入的文本 15371972593
2025-09-16 14:32:57,544 - base_page.py:[285] - [INFO] - 调用了 find_and_send 方法, 定位方式是 ['resource-id', 'com.blink.blinkfocos:id/ver_code'],输入的文本 jxx321
2025-09-16 14:32:58,892 - base_page.py:[270] - [INFO] - 调用了 find_and_click 方法, 定位方式是 ['resource-id', 'com.blink.blinkfocos:id/bt_confirm']
2025-09-16 14:33:00,554 - base_page.py:[270] - [INFO] - 调用了 find_and_click 方法, 定位方式是 ['resource-id', 'com.blink.blinkfocos:id/agree_continue']
2025-09-16 14:33:07,369 - base_page.py:[313] - [INFO] - 调起了 get_toast_text 方法, 获取到的文本是 None
2025-09-16 14:33:07,369 - test_login.py:[23] - [ERROR] - 执行登录用例失败，错误：assert None == '登录成功'
2025-09-16 15:14:03,496 - base_page.py:[310] - [INFO] - 调用了 scroll_privacy_agreement 方法, 滑动了隐私协议
2025-09-16 15:14:03,562 - base_page.py:[270] - [INFO] - 调用了 find_and_click 方法, 定位方式是 ['resource-id', 'com.blink.blinkfocos:id/privacy_confirm_btn']
2025-09-16 15:14:06,070 - base_page.py:[270] - [INFO] - 调用了 find_and_click 方法, 定位方式是 ['XPATH', '//*[@text="账户"]']
2025-09-16 15:14:08,242 - base_page.py:[270] - [INFO] - 调用了 find_and_click 方法, 定位方式是 ['XPATH', '//*[@text="请登录"]']
2025-09-16 15:14:09,345 - base_page.py:[120] - [INFO] - 点击元素com.blink.blinkfocos:id/type_login成功
2025-09-16 15:14:09,345 - base_page.py:[294] - [INFO] - 调用了 find_one_element_exist_click 方法, 定位方式是 ['resource-id', 'com.blink.blinkfocos:id/type_login'],要获取的文本 密码
2025-09-16 15:14:10,421 - base_page.py:[285] - [INFO] - 调用了 find_and_send 方法, 定位方式是 ['resource-id', 'com.blink.blinkfocos:id/content'],输入的文本 15371972593
2025-09-16 15:14:11,992 - base_page.py:[285] - [INFO] - 调用了 find_and_send 方法, 定位方式是 ['resource-id', 'com.blink.blinkfocos:id/ver_code'],输入的文本 jxx321
2025-09-16 15:14:12,552 - base_page.py:[270] - [INFO] - 调用了 find_and_click 方法, 定位方式是 ['resource-id', 'com.blink.blinkfocos:id/bt_confirm']
2025-09-16 15:14:13,625 - base_page.py:[270] - [INFO] - 调用了 find_and_click 方法, 定位方式是 ['resource-id', 'com.blink.blinkfocos:id/agree_continue']
2025-09-16 15:14:18,210 - base_page.py:[313] - [INFO] - 调起了 get_toast_text 方法, 获取到的文本是 None
2025-09-16 15:14:18,211 - test_login.py:[23] - [ERROR] - 执行登录用例失败，错误：assert None == '登录成功'
2025-09-16 15:23:25,452 - base_page.py:[343] - [INFO] - 调用了 scroll_privacy_agreement 方法, 滑动了隐私协议
2025-09-16 15:23:26,123 - base_page.py:[303] - [INFO] - 调用了 find_and_click 方法, 定位方式是 ['resource-id', 'com.blink.blinkfocos:id/privacy_confirm_btn']
2025-09-16 15:23:27,982 - base_page.py:[303] - [INFO] - 调用了 find_and_click 方法, 定位方式是 ['XPATH', '//*[@text="账户"]']
2025-09-16 15:23:30,130 - base_page.py:[303] - [INFO] - 调用了 find_and_click 方法, 定位方式是 ['XPATH', '//*[@text="请登录"]']
2025-09-16 15:23:31,848 - base_page.py:[153] - [INFO] - 点击元素com.blink.blinkfocos:id/type_login成功
2025-09-16 15:23:31,849 - base_page.py:[327] - [INFO] - 调用了 find_one_element_exist_click 方法, 定位方式是 ['resource-id', 'com.blink.blinkfocos:id/type_login'],要获取的文本 密码
2025-09-16 15:23:33,439 - base_page.py:[318] - [INFO] - 调用了 find_and_send 方法, 定位方式是 ['resource-id', 'com.blink.blinkfocos:id/content'],输入的文本 15371972593
2025-09-16 15:23:34,521 - base_page.py:[318] - [INFO] - 调用了 find_and_send 方法, 定位方式是 ['resource-id', 'com.blink.blinkfocos:id/ver_code'],输入的文本 jxx321
2025-09-16 15:23:35,078 - base_page.py:[303] - [INFO] - 调用了 find_and_click 方法, 定位方式是 ['resource-id', 'com.blink.blinkfocos:id/bt_confirm']
2025-09-16 15:23:36,148 - base_page.py:[303] - [INFO] - 调用了 find_and_click 方法, 定位方式是 ['resource-id', 'com.blink.blinkfocos:id/agree_continue']
2025-09-16 15:23:41,084 - base_page.py:[346] - [INFO] - 调起了 get_toast_text 方法, 获取到的文本是 None
2025-09-16 15:23:41,085 - test_login.py:[23] - [ERROR] - 执行登录用例失败，错误：assert None == '登录成功'
2025-09-16 15:24:35,967 - base_page.py:[343] - [INFO] - 调用了 scroll_privacy_agreement 方法, 滑动了隐私协议
2025-09-16 15:24:36,679 - base_page.py:[303] - [INFO] - 调用了 find_and_click 方法, 定位方式是 ['resource-id', 'com.blink.blinkfocos:id/privacy_confirm_btn']
2025-09-16 15:24:38,577 - base_page.py:[303] - [INFO] - 调用了 find_and_click 方法, 定位方式是 ['XPATH', '//*[@text="账户"]']
2025-09-16 15:24:40,720 - base_page.py:[303] - [INFO] - 调用了 find_and_click 方法, 定位方式是 ['XPATH', '//*[@text="请登录"]']
2025-09-16 15:24:41,821 - base_page.py:[153] - [INFO] - 点击元素com.blink.blinkfocos:id/type_login成功
2025-09-16 15:24:41,822 - base_page.py:[327] - [INFO] - 调用了 find_one_element_exist_click 方法, 定位方式是 ['resource-id', 'com.blink.blinkfocos:id/type_login'],要获取的文本 密码
2025-09-16 15:24:42,914 - base_page.py:[318] - [INFO] - 调用了 find_and_send 方法, 定位方式是 ['resource-id', 'com.blink.blinkfocos:id/content'],输入的文本 15371972593
2025-09-16 15:24:44,497 - base_page.py:[318] - [INFO] - 调用了 find_and_send 方法, 定位方式是 ['resource-id', 'com.blink.blinkfocos:id/ver_code'],输入的文本 jxx321
2025-09-16 15:24:45,053 - base_page.py:[303] - [INFO] - 调用了 find_and_click 方法, 定位方式是 ['resource-id', 'com.blink.blinkfocos:id/bt_confirm']
2025-09-16 15:24:46,137 - base_page.py:[303] - [INFO] - 调用了 find_and_click 方法, 定位方式是 ['resource-id', 'com.blink.blinkfocos:id/agree_continue']
2025-09-16 15:24:51,366 - base_page.py:[346] - [INFO] - 调起了 get_toast_text 方法, 获取到的文本是 None
2025-09-16 15:24:51,366 - test_login.py:[23] - [ERROR] - 执行登录用例失败，错误：assert None == '登录成功'
2025-09-16 15:41:33,760 - base_page.py:[345] - [INFO] - 调用了 scroll_privacy_agreement 方法, 滑动了隐私协议
2025-09-16 15:41:34,425 - base_page.py:[305] - [INFO] - 调用了 find_and_click 方法, 定位方式是 ['resource-id', 'com.blink.blinkfocos:id/privacy_confirm_btn']
2025-09-16 15:41:36,321 - base_page.py:[305] - [INFO] - 调用了 find_and_click 方法, 定位方式是 ['XPATH', '//*[@text="账户"]']
2025-09-16 15:41:38,491 - base_page.py:[305] - [INFO] - 调用了 find_and_click 方法, 定位方式是 ['XPATH', '//*[@text="请登录"]']
2025-09-16 15:41:39,600 - base_page.py:[154] - [INFO] - 点击元素com.blink.blinkfocos:id/type_login成功
2025-09-16 15:41:39,600 - base_page.py:[329] - [INFO] - 调用了 find_one_element_exist_click 方法, 定位方式是 ['resource-id', 'com.blink.blinkfocos:id/type_login'],要获取的文本 密码
2025-09-16 15:41:41,195 - base_page.py:[320] - [INFO] - 调用了 find_and_send 方法, 定位方式是 ['resource-id', 'com.blink.blinkfocos:id/content'],输入的文本 15371972593
2025-09-16 15:41:42,261 - base_page.py:[320] - [INFO] - 调用了 find_and_send 方法, 定位方式是 ['resource-id', 'com.blink.blinkfocos:id/ver_code'],输入的文本 jxx321
2025-09-16 15:41:42,834 - base_page.py:[305] - [INFO] - 调用了 find_and_click 方法, 定位方式是 ['resource-id', 'com.blink.blinkfocos:id/bt_confirm']
2025-09-16 15:41:43,908 - base_page.py:[305] - [INFO] - 调用了 find_and_click 方法, 定位方式是 ['resource-id', 'com.blink.blinkfocos:id/agree_continue']
2025-09-16 15:41:49,241 - base_page.py:[348] - [INFO] - 调起了 get_toast_text 方法, 获取到的文本是 None
2025-09-16 15:41:49,242 - test_login.py:[23] - [ERROR] - 执行登录用例失败，错误：assert None == '登录成功'
2025-09-16 15:44:24,307 - base_page.py:[345] - [INFO] - 调用了 scroll_privacy_agreement 方法, 滑动了隐私协议
2025-09-16 15:44:24,367 - base_page.py:[305] - [INFO] - 调用了 find_and_click 方法, 定位方式是 ['resource-id', 'com.blink.blinkfocos:id/privacy_confirm_btn']
2025-09-16 15:44:26,865 - base_page.py:[305] - [INFO] - 调用了 find_and_click 方法, 定位方式是 ['XPATH', '//*[@text="账户"]']
2025-09-16 15:44:29,037 - base_page.py:[305] - [INFO] - 调用了 find_and_click 方法, 定位方式是 ['XPATH', '//*[@text="请登录"]']
2025-09-16 15:44:30,147 - base_page.py:[154] - [INFO] - 点击元素com.blink.blinkfocos:id/type_login成功
2025-09-16 15:44:30,147 - base_page.py:[329] - [INFO] - 调用了 find_one_element_exist_click 方法, 定位方式是 ['resource-id', 'com.blink.blinkfocos:id/type_login'],要获取的文本 密码
2025-09-16 15:44:31,743 - base_page.py:[320] - [INFO] - 调用了 find_and_send 方法, 定位方式是 ['resource-id', 'com.blink.blinkfocos:id/content'],输入的文本 15371972593
2025-09-16 15:44:32,822 - base_page.py:[320] - [INFO] - 调用了 find_and_send 方法, 定位方式是 ['resource-id', 'com.blink.blinkfocos:id/ver_code'],输入的文本 jxx321
2025-09-16 15:44:33,388 - base_page.py:[305] - [INFO] - 调用了 find_and_click 方法, 定位方式是 ['resource-id', 'com.blink.blinkfocos:id/bt_confirm']
2025-09-16 15:44:34,470 - base_page.py:[305] - [INFO] - 调用了 find_and_click 方法, 定位方式是 ['resource-id', 'com.blink.blinkfocos:id/agree_continue']
2025-09-16 15:44:36,567 - base_page.py:[348] - [INFO] - 调起了 get_toast_text 方法, 获取到的文本是 None
2025-09-16 15:44:36,567 - test_login.py:[23] - [ERROR] - 执行登录用例失败，错误：assert None == '登录成功'
2025-09-16 16:50:37,888 - base_page.py:[346] - [INFO] - 调用了 scroll_privacy_agreement 方法, 滑动了隐私协议
2025-09-16 16:50:37,954 - base_page.py:[306] - [INFO] - 调用了 find_and_click 方法, 定位方式是 ['resource-id', 'com.blink.blinkfocos:id/privacy_confirm_btn']
2025-09-16 16:50:40,410 - base_page.py:[306] - [INFO] - 调用了 find_and_click 方法, 定位方式是 ['XPATH', '//*[@text="账户"]']
2025-09-16 16:50:42,554 - base_page.py:[306] - [INFO] - 调用了 find_and_click 方法, 定位方式是 ['XPATH', '//*[@text="请登录"]']
2025-09-16 16:50:43,672 - base_page.py:[155] - [INFO] - 点击元素com.blink.blinkfocos:id/type_login成功
2025-09-16 16:50:43,672 - base_page.py:[330] - [INFO] - 调用了 find_one_element_exist_click 方法, 定位方式是 ['resource-id', 'com.blink.blinkfocos:id/type_login'],要获取的文本 密码
2025-09-16 16:50:45,265 - base_page.py:[321] - [INFO] - 调用了 find_and_send 方法, 定位方式是 ['resource-id', 'com.blink.blinkfocos:id/content'],输入的文本 15371972593
2025-09-16 16:50:46,854 - base_page.py:[321] - [INFO] - 调用了 find_and_send 方法, 定位方式是 ['resource-id', 'com.blink.blinkfocos:id/ver_code'],输入的文本 jxx321
2025-09-16 16:50:48,226 - base_page.py:[306] - [INFO] - 调用了 find_and_click 方法, 定位方式是 ['resource-id', 'com.blink.blinkfocos:id/bt_confirm']
2025-09-16 16:50:49,300 - base_page.py:[306] - [INFO] - 调用了 find_and_click 方法, 定位方式是 ['resource-id', 'com.blink.blinkfocos:id/agree_continue']
2025-09-16 16:51:07,313 - handle_black.py:[29] - [INFO] - 在黑名单中查找元素('xpath', "//android.widget.ImageView[@content-desc='Close']")
2025-09-16 16:51:17,783 - handle_black.py:[40] - [INFO] - 在黑名单中元素('xpath', "//android.widget.ImageView[@content-desc='Close']")未在页面中定位到
2025-09-16 16:51:17,784 - handle_black.py:[29] - [INFO] - 在黑名单中查找元素('id', 'com.android.permissioncontroller:id/permission_allow_foreground_only_button')
2025-09-16 16:51:28,045 - handle_black.py:[40] - [INFO] - 在黑名单中元素('id', 'com.android.permissioncontroller:id/permission_allow_foreground_only_button')未在页面中定位到
2025-09-16 16:51:28,045 - handle_black.py:[29] - [INFO] - 在黑名单中查找元素('id', 'com.android.permissioncontroller:id/permission_allow_button')
2025-09-16 16:51:38,416 - handle_black.py:[40] - [INFO] - 在黑名单中元素('id', 'com.android.permissioncontroller:id/permission_allow_button')未在页面中定位到
2025-09-16 16:51:38,419 - base_page.py:[349] - [INFO] - 调起了 get_toast_text 方法, 获取到的文本是 None
2025-09-16 16:51:38,419 - test_login.py:[24] - [ERROR] - 执行登录用例失败，错误：assert None == '登录成功'
2025-09-16 19:53:20,756 - base_page.py:[345] - [INFO] - 调用了 scroll_privacy_agreement 方法, 滑动了隐私协议
2025-09-16 19:53:21,416 - base_page.py:[305] - [INFO] - 调用了 find_and_click 方法, 定位方式是 ['resource-id', 'com.blink.blinkfocos:id/privacy_confirm_btn']
2025-09-16 19:53:23,304 - base_page.py:[305] - [INFO] - 调用了 find_and_click 方法, 定位方式是 ['XPATH', '//*[@text="账户"]']
2025-09-16 19:53:25,454 - base_page.py:[305] - [INFO] - 调用了 find_and_click 方法, 定位方式是 ['XPATH', '//*[@text="请登录"]']
2025-09-16 19:53:26,560 - base_page.py:[154] - [INFO] - 点击元素com.blink.blinkfocos:id/type_login成功
2025-09-16 19:53:26,561 - base_page.py:[329] - [INFO] - 调用了 find_one_element_exist_click 方法, 定位方式是 ['resource-id', 'com.blink.blinkfocos:id/type_login'],要获取的文本 密码
2025-09-16 19:53:27,651 - base_page.py:[320] - [INFO] - 调用了 find_and_send 方法, 定位方式是 ['resource-id', 'com.blink.blinkfocos:id/content'],输入的文本 15371972593
2025-09-16 19:53:29,226 - base_page.py:[320] - [INFO] - 调用了 find_and_send 方法, 定位方式是 ['resource-id', 'com.blink.blinkfocos:id/ver_code'],输入的文本 jxx321
2025-09-16 19:53:29,794 - base_page.py:[305] - [INFO] - 调用了 find_and_click 方法, 定位方式是 ['resource-id', 'com.blink.blinkfocos:id/bt_confirm']
2025-09-16 19:53:30,876 - base_page.py:[305] - [INFO] - 调用了 find_and_click 方法, 定位方式是 ['resource-id', 'com.blink.blinkfocos:id/agree_continue']
2025-09-16 19:53:37,749 - base_page.py:[348] - [INFO] - 调起了 get_toast_text 方法, 获取到的文本是 None
2025-09-16 19:53:37,750 - test_login.py:[24] - [ERROR] - 执行登录用例失败，错误：assert None == '登录成功'
2025-09-16 19:55:41,239 - base_page.py:[345] - [INFO] - 调用了 scroll_privacy_agreement 方法, 滑动了隐私协议
2025-09-16 19:55:41,309 - base_page.py:[305] - [INFO] - 调用了 find_and_click 方法, 定位方式是 ['resource-id', 'com.blink.blinkfocos:id/privacy_confirm_btn']
2025-09-16 19:55:43,785 - base_page.py:[305] - [INFO] - 调用了 find_and_click 方法, 定位方式是 ['XPATH', '//*[@text="账户"]']
2025-09-16 19:55:45,959 - base_page.py:[305] - [INFO] - 调用了 find_and_click 方法, 定位方式是 ['XPATH', '//*[@text="请登录"]']
2025-09-16 19:55:47,051 - base_page.py:[154] - [INFO] - 点击元素com.blink.blinkfocos:id/type_login成功
2025-09-16 19:55:47,051 - base_page.py:[329] - [INFO] - 调用了 find_one_element_exist_click 方法, 定位方式是 ['resource-id', 'com.blink.blinkfocos:id/type_login'],要获取的文本 密码
2025-09-16 19:55:48,637 - base_page.py:[320] - [INFO] - 调用了 find_and_send 方法, 定位方式是 ['resource-id', 'com.blink.blinkfocos:id/content'],输入的文本 15371972593
2025-09-16 19:55:50,207 - base_page.py:[320] - [INFO] - 调用了 find_and_send 方法, 定位方式是 ['resource-id', 'com.blink.blinkfocos:id/ver_code'],输入的文本 jxx321
2025-09-16 19:55:51,587 - base_page.py:[305] - [INFO] - 调用了 find_and_click 方法, 定位方式是 ['resource-id', 'com.blink.blinkfocos:id/bt_confirm']
2025-09-16 19:55:53,671 - base_page.py:[305] - [INFO] - 调用了 find_and_click 方法, 定位方式是 ['resource-id', 'com.blink.blinkfocos:id/agree_continue']
2025-09-16 19:55:59,142 - base_page.py:[348] - [INFO] - 调起了 get_toast_text 方法, 获取到的文本是 None
2025-09-16 19:55:59,143 - test_login.py:[24] - [ERROR] - 执行登录用例失败，错误：assert None == '登录成功'
2025-09-16 19:59:02,607 - base_page.py:[345] - [INFO] - 调用了 scroll_privacy_agreement 方法, 滑动了隐私协议
2025-09-16 19:59:02,668 - base_page.py:[305] - [INFO] - 调用了 find_and_click 方法, 定位方式是 ['resource-id', 'com.blink.blinkfocos:id/privacy_confirm_btn']
2025-09-16 19:59:05,123 - base_page.py:[305] - [INFO] - 调用了 find_and_click 方法, 定位方式是 ['XPATH', '//*[@text="账户"]']
2025-09-16 19:59:07,263 - base_page.py:[305] - [INFO] - 调用了 find_and_click 方法, 定位方式是 ['XPATH', '//*[@text="请登录"]']
2025-09-16 19:59:08,356 - base_page.py:[154] - [INFO] - 点击元素com.blink.blinkfocos:id/type_login成功
2025-09-16 19:59:08,356 - base_page.py:[329] - [INFO] - 调用了 find_one_element_exist_click 方法, 定位方式是 ['resource-id', 'com.blink.blinkfocos:id/type_login'],要获取的文本 密码
2025-09-16 19:59:09,944 - base_page.py:[320] - [INFO] - 调用了 find_and_send 方法, 定位方式是 ['resource-id', 'com.blink.blinkfocos:id/content'],输入的文本 15371972593
2025-09-16 19:59:11,522 - base_page.py:[320] - [INFO] - 调用了 find_and_send 方法, 定位方式是 ['resource-id', 'com.blink.blinkfocos:id/ver_code'],输入的文本 jxx321
2025-09-16 19:59:12,917 - base_page.py:[305] - [INFO] - 调用了 find_and_click 方法, 定位方式是 ['resource-id', 'com.blink.blinkfocos:id/bt_confirm']
2025-09-16 19:59:16,004 - base_page.py:[305] - [INFO] - 调用了 find_and_click 方法, 定位方式是 ['resource-id', 'com.blink.blinkfocos:id/agree_continue']
2025-09-16 19:59:21,290 - base_page.py:[348] - [INFO] - 调起了 get_toast_text 方法, 获取到的文本是 None
2025-09-16 19:59:21,290 - test_login.py:[24] - [ERROR] - 执行登录用例失败，错误：assert None == '登录成功'
2025-09-16 20:01:43,113 - base_page.py:[345] - [INFO] - 调用了 scroll_privacy_agreement 方法, 滑动了隐私协议
2025-09-16 20:01:43,175 - base_page.py:[305] - [INFO] - 调用了 find_and_click 方法, 定位方式是 ['resource-id', 'com.blink.blinkfocos:id/privacy_confirm_btn']
2025-09-16 20:01:45,659 - base_page.py:[305] - [INFO] - 调用了 find_and_click 方法, 定位方式是 ['XPATH', '//*[@text="账户"]']
2025-09-16 20:01:47,819 - base_page.py:[305] - [INFO] - 调用了 find_and_click 方法, 定位方式是 ['XPATH', '//*[@text="请登录"]']
2025-09-16 20:01:48,928 - base_page.py:[154] - [INFO] - 点击元素com.blink.blinkfocos:id/type_login成功
2025-09-16 20:01:48,928 - base_page.py:[329] - [INFO] - 调用了 find_one_element_exist_click 方法, 定位方式是 ['resource-id', 'com.blink.blinkfocos:id/type_login'],要获取的文本 密码
2025-09-16 20:01:50,508 - base_page.py:[320] - [INFO] - 调用了 find_and_send 方法, 定位方式是 ['resource-id', 'com.blink.blinkfocos:id/content'],输入的文本 15371972593
2025-09-16 20:01:51,563 - base_page.py:[320] - [INFO] - 调用了 find_and_send 方法, 定位方式是 ['resource-id', 'com.blink.blinkfocos:id/ver_code'],输入的文本 jxx321
2025-09-16 20:01:52,127 - base_page.py:[305] - [INFO] - 调用了 find_and_click 方法, 定位方式是 ['resource-id', 'com.blink.blinkfocos:id/bt_confirm']
2025-09-16 20:01:55,203 - base_page.py:[305] - [INFO] - 调用了 find_and_click 方法, 定位方式是 ['resource-id', 'com.blink.blinkfocos:id/agree_continue']
2025-09-16 20:02:00,592 - base_page.py:[348] - [INFO] - 调起了 get_toast_text 方法, 获取到的文本是 None
2025-09-16 20:02:00,593 - test_login.py:[24] - [ERROR] - 执行登录用例失败，错误：assert None == '登录成功'
2025-09-16 20:03:03,965 - base_page.py:[345] - [INFO] - 调用了 scroll_privacy_agreement 方法, 滑动了隐私协议
2025-09-16 20:03:04,630 - base_page.py:[305] - [INFO] - 调用了 find_and_click 方法, 定位方式是 ['resource-id', 'com.blink.blinkfocos:id/privacy_confirm_btn']
2025-09-16 20:03:06,508 - base_page.py:[305] - [INFO] - 调用了 find_and_click 方法, 定位方式是 ['XPATH', '//*[@text="账户"]']
2025-09-16 20:03:08,650 - base_page.py:[305] - [INFO] - 调用了 find_and_click 方法, 定位方式是 ['XPATH', '//*[@text="请登录"]']
2025-09-16 20:03:09,740 - base_page.py:[154] - [INFO] - 点击元素com.blink.blinkfocos:id/type_login成功
2025-09-16 20:03:09,740 - base_page.py:[329] - [INFO] - 调用了 find_one_element_exist_click 方法, 定位方式是 ['resource-id', 'com.blink.blinkfocos:id/type_login'],要获取的文本 密码
2025-09-16 20:03:10,827 - base_page.py:[320] - [INFO] - 调用了 find_and_send 方法, 定位方式是 ['resource-id', 'com.blink.blinkfocos:id/content'],输入的文本 15371972593
2025-09-16 20:03:12,400 - base_page.py:[320] - [INFO] - 调用了 find_and_send 方法, 定位方式是 ['resource-id', 'com.blink.blinkfocos:id/ver_code'],输入的文本 jxx321
2025-09-16 20:03:12,974 - base_page.py:[305] - [INFO] - 调用了 find_and_click 方法, 定位方式是 ['resource-id', 'com.blink.blinkfocos:id/bt_confirm']
2025-09-16 20:03:16,063 - base_page.py:[305] - [INFO] - 调用了 find_and_click 方法, 定位方式是 ['resource-id', 'com.blink.blinkfocos:id/agree_continue']
2025-09-16 20:03:21,350 - base_page.py:[348] - [INFO] - 调起了 get_toast_text 方法, 获取到的文本是 None
2025-09-16 20:03:21,351 - test_login.py:[24] - [ERROR] - 执行登录用例失败，错误：assert None == '登录成功'
2025-09-16 20:04:03,865 - base_page.py:[345] - [INFO] - 调用了 scroll_privacy_agreement 方法, 滑动了隐私协议
2025-09-16 20:04:03,938 - base_page.py:[305] - [INFO] - 调用了 find_and_click 方法, 定位方式是 ['resource-id', 'com.blink.blinkfocos:id/privacy_confirm_btn']
2025-09-16 20:04:06,414 - base_page.py:[305] - [INFO] - 调用了 find_and_click 方法, 定位方式是 ['XPATH', '//*[@text="账户"]']
2025-09-16 20:04:08,544 - base_page.py:[305] - [INFO] - 调用了 find_and_click 方法, 定位方式是 ['XPATH', '//*[@text="请登录"]']
2025-09-16 20:04:09,646 - base_page.py:[154] - [INFO] - 点击元素com.blink.blinkfocos:id/type_login成功
2025-09-16 20:04:09,646 - base_page.py:[329] - [INFO] - 调用了 find_one_element_exist_click 方法, 定位方式是 ['resource-id', 'com.blink.blinkfocos:id/type_login'],要获取的文本 密码
2025-09-16 20:04:10,729 - base_page.py:[320] - [INFO] - 调用了 find_and_send 方法, 定位方式是 ['resource-id', 'com.blink.blinkfocos:id/content'],输入的文本 15371972593
2025-09-16 20:04:11,813 - base_page.py:[320] - [INFO] - 调用了 find_and_send 方法, 定位方式是 ['resource-id', 'com.blink.blinkfocos:id/ver_code'],输入的文本 jxx321
2025-09-16 20:04:12,368 - base_page.py:[305] - [INFO] - 调用了 find_and_click 方法, 定位方式是 ['resource-id', 'com.blink.blinkfocos:id/bt_confirm']
2025-09-16 20:04:15,437 - base_page.py:[305] - [INFO] - 调用了 find_and_click 方法, 定位方式是 ['resource-id', 'com.blink.blinkfocos:id/agree_continue']
2025-09-16 20:04:18,524 - base_page.py:[348] - [INFO] - 调起了 get_toast_text 方法, 获取到的文本是 None
2025-09-16 20:04:18,525 - test_login.py:[24] - [ERROR] - 执行登录用例失败，错误：assert None == '登录成功'
2025-09-16 20:06:29,573 - base_page.py:[340] - [INFO] - 调用了 scroll_privacy_agreement 方法, 滑动了隐私协议
2025-09-16 20:06:30,222 - base_page.py:[300] - [INFO] - 调用了 find_and_click 方法, 定位方式是 ['resource-id', 'com.blink.blinkfocos:id/privacy_confirm_btn']
2025-09-16 20:06:32,098 - base_page.py:[300] - [INFO] - 调用了 find_and_click 方法, 定位方式是 ['XPATH', '//*[@text="账户"]']
2025-09-16 20:06:34,265 - base_page.py:[300] - [INFO] - 调用了 find_and_click 方法, 定位方式是 ['XPATH', '//*[@text="请登录"]']
2025-09-16 20:06:35,356 - base_page.py:[149] - [INFO] - 点击元素com.blink.blinkfocos:id/type_login成功
2025-09-16 20:06:35,357 - base_page.py:[324] - [INFO] - 调用了 find_one_element_exist_click 方法, 定位方式是 ['resource-id', 'com.blink.blinkfocos:id/type_login'],要获取的文本 密码
2025-09-16 20:06:36,942 - base_page.py:[315] - [INFO] - 调用了 find_and_send 方法, 定位方式是 ['resource-id', 'com.blink.blinkfocos:id/content'],输入的文本 15371972593
2025-09-16 20:06:38,519 - base_page.py:[315] - [INFO] - 调用了 find_and_send 方法, 定位方式是 ['resource-id', 'com.blink.blinkfocos:id/ver_code'],输入的文本 jxx321
2025-09-16 20:06:39,870 - base_page.py:[300] - [INFO] - 调用了 find_and_click 方法, 定位方式是 ['resource-id', 'com.blink.blinkfocos:id/bt_confirm']
2025-09-16 20:06:42,955 - base_page.py:[300] - [INFO] - 调用了 find_and_click 方法, 定位方式是 ['resource-id', 'com.blink.blinkfocos:id/agree_continue']
2025-09-16 20:06:49,788 - base_page.py:[343] - [INFO] - 调起了 get_toast_text 方法, 获取到的文本是 None
2025-09-16 20:06:49,789 - test_login.py:[24] - [ERROR] - 执行登录用例失败，错误：assert None == '登录成功'
2025-09-16 20:10:46,169 - base_page.py:[341] - [INFO] - 调用了 scroll_privacy_agreement 方法, 滑动了隐私协议
2025-09-16 20:10:46,844 - base_page.py:[301] - [INFO] - 调用了 find_and_click 方法, 定位方式是 ['resource-id', 'com.blink.blinkfocos:id/privacy_confirm_btn']
2025-09-16 20:10:48,705 - base_page.py:[301] - [INFO] - 调用了 find_and_click 方法, 定位方式是 ['XPATH', '//*[@text="账户"]']
2025-09-16 20:10:50,858 - base_page.py:[301] - [INFO] - 调用了 find_and_click 方法, 定位方式是 ['XPATH', '//*[@text="请登录"]']
2025-09-16 20:10:51,952 - base_page.py:[149] - [INFO] - 点击元素com.blink.blinkfocos:id/type_login成功
2025-09-16 20:10:51,952 - base_page.py:[325] - [INFO] - 调用了 find_one_element_exist_click 方法, 定位方式是 ['resource-id', 'com.blink.blinkfocos:id/type_login'],要获取的文本 密码
2025-09-16 20:10:53,053 - base_page.py:[316] - [INFO] - 调用了 find_and_send 方法, 定位方式是 ['resource-id', 'com.blink.blinkfocos:id/content'],输入的文本 15371972593
2025-09-16 20:10:54,635 - base_page.py:[316] - [INFO] - 调用了 find_and_send 方法, 定位方式是 ['resource-id', 'com.blink.blinkfocos:id/ver_code'],输入的文本 jxx321
2025-09-16 20:10:55,193 - base_page.py:[301] - [INFO] - 调用了 find_and_click 方法, 定位方式是 ['resource-id', 'com.blink.blinkfocos:id/bt_confirm']
2025-09-16 20:10:58,292 - base_page.py:[301] - [INFO] - 调用了 find_and_click 方法, 定位方式是 ['resource-id', 'com.blink.blinkfocos:id/agree_continue']
2025-09-16 20:11:05,231 - base_page.py:[344] - [INFO] - 调起了 get_toast_text 方法, 获取到的文本是 None
2025-09-16 20:11:05,232 - test_login.py:[24] - [ERROR] - 执行登录用例失败，错误：assert None == '登录成功'
2025-09-16 20:11:59,087 - base_page.py:[341] - [INFO] - 调用了 scroll_privacy_agreement 方法, 滑动了隐私协议
2025-09-16 20:11:59,157 - base_page.py:[301] - [INFO] - 调用了 find_and_click 方法, 定位方式是 ['resource-id', 'com.blink.blinkfocos:id/privacy_confirm_btn']
2025-09-16 20:12:01,634 - base_page.py:[301] - [INFO] - 调用了 find_and_click 方法, 定位方式是 ['XPATH', '//*[@text="账户"]']
2025-09-16 20:12:03,787 - base_page.py:[301] - [INFO] - 调用了 find_and_click 方法, 定位方式是 ['XPATH', '//*[@text="请登录"]']
2025-09-16 20:12:04,907 - base_page.py:[149] - [INFO] - 点击元素com.blink.blinkfocos:id/type_login成功
2025-09-16 20:12:04,907 - base_page.py:[325] - [INFO] - 调用了 find_one_element_exist_click 方法, 定位方式是 ['resource-id', 'com.blink.blinkfocos:id/type_login'],要获取的文本 密码
2025-09-16 20:12:06,496 - base_page.py:[316] - [INFO] - 调用了 find_and_send 方法, 定位方式是 ['resource-id', 'com.blink.blinkfocos:id/content'],输入的文本 15371972593
2025-09-16 20:12:08,067 - base_page.py:[316] - [INFO] - 调用了 find_and_send 方法, 定位方式是 ['resource-id', 'com.blink.blinkfocos:id/ver_code'],输入的文本 jxx321
2025-09-16 20:12:09,453 - base_page.py:[301] - [INFO] - 调用了 find_and_click 方法, 定位方式是 ['resource-id', 'com.blink.blinkfocos:id/bt_confirm']
2025-09-16 20:12:12,538 - base_page.py:[301] - [INFO] - 调用了 find_and_click 方法, 定位方式是 ['resource-id', 'com.blink.blinkfocos:id/agree_continue']
2025-09-16 20:12:21,933 - base_page.py:[344] - [INFO] - 调起了 get_toast_text 方法, 获取到的文本是 None
2025-09-16 20:12:21,934 - test_login.py:[24] - [ERROR] - 执行登录用例失败，错误：assert None == '登录成功'
2025-09-16 20:13:31,239 - base_page.py:[342] - [INFO] - 调用了 scroll_privacy_agreement 方法, 滑动了隐私协议
2025-09-16 20:13:31,907 - base_page.py:[302] - [INFO] - 调用了 find_and_click 方法, 定位方式是 ['resource-id', 'com.blink.blinkfocos:id/privacy_confirm_btn']
2025-09-16 20:13:33,744 - base_page.py:[302] - [INFO] - 调用了 find_and_click 方法, 定位方式是 ['XPATH', '//*[@text="账户"]']
2025-09-16 20:13:35,902 - base_page.py:[302] - [INFO] - 调用了 find_and_click 方法, 定位方式是 ['XPATH', '//*[@text="请登录"]']
2025-09-16 20:13:37,004 - base_page.py:[150] - [INFO] - 点击元素com.blink.blinkfocos:id/type_login成功
2025-09-16 20:13:37,004 - base_page.py:[326] - [INFO] - 调用了 find_one_element_exist_click 方法, 定位方式是 ['resource-id', 'com.blink.blinkfocos:id/type_login'],要获取的文本 密码
2025-09-16 20:13:38,593 - base_page.py:[317] - [INFO] - 调用了 find_and_send 方法, 定位方式是 ['resource-id', 'com.blink.blinkfocos:id/content'],输入的文本 15371972593
2025-09-16 20:13:40,158 - base_page.py:[317] - [INFO] - 调用了 find_and_send 方法, 定位方式是 ['resource-id', 'com.blink.blinkfocos:id/ver_code'],输入的文本 jxx321
2025-09-16 20:13:41,542 - base_page.py:[302] - [INFO] - 调用了 find_and_click 方法, 定位方式是 ['resource-id', 'com.blink.blinkfocos:id/bt_confirm']
2025-09-16 20:13:44,634 - base_page.py:[302] - [INFO] - 调用了 find_and_click 方法, 定位方式是 ['resource-id', 'com.blink.blinkfocos:id/agree_continue']
2025-09-16 20:13:50,097 - base_page.py:[345] - [INFO] - 调起了 get_toast_text 方法, 获取到的文本是 None
2025-09-16 20:13:50,097 - test_login.py:[24] - [ERROR] - 执行登录用例失败，错误：assert None == '登录成功'
2025-09-16 20:14:26,907 - base_page.py:[342] - [INFO] - 调用了 scroll_privacy_agreement 方法, 滑动了隐私协议
2025-09-16 20:14:27,568 - base_page.py:[302] - [INFO] - 调用了 find_and_click 方法, 定位方式是 ['resource-id', 'com.blink.blinkfocos:id/privacy_confirm_btn']
2025-09-16 20:14:29,458 - base_page.py:[302] - [INFO] - 调用了 find_and_click 方法, 定位方式是 ['XPATH', '//*[@text="账户"]']
2025-09-16 20:14:31,601 - base_page.py:[302] - [INFO] - 调用了 find_and_click 方法, 定位方式是 ['XPATH', '//*[@text="请登录"]']
2025-09-16 20:14:32,701 - base_page.py:[150] - [INFO] - 点击元素com.blink.blinkfocos:id/type_login成功
2025-09-16 20:14:32,701 - base_page.py:[326] - [INFO] - 调用了 find_one_element_exist_click 方法, 定位方式是 ['resource-id', 'com.blink.blinkfocos:id/type_login'],要获取的文本 密码
2025-09-16 20:14:34,279 - base_page.py:[317] - [INFO] - 调用了 find_and_send 方法, 定位方式是 ['resource-id', 'com.blink.blinkfocos:id/content'],输入的文本 15371972593
2025-09-16 20:14:35,345 - base_page.py:[317] - [INFO] - 调用了 find_and_send 方法, 定位方式是 ['resource-id', 'com.blink.blinkfocos:id/ver_code'],输入的文本 jxx321
2025-09-16 20:14:35,902 - base_page.py:[302] - [INFO] - 调用了 find_and_click 方法, 定位方式是 ['resource-id', 'com.blink.blinkfocos:id/bt_confirm']
2025-09-16 20:14:38,975 - base_page.py:[302] - [INFO] - 调用了 find_and_click 方法, 定位方式是 ['resource-id', 'com.blink.blinkfocos:id/agree_continue']
2025-09-16 20:14:40,953 - base_page.py:[345] - [INFO] - 调起了 get_toast_text 方法, 获取到的文本是 None
2025-09-16 20:14:40,953 - test_login.py:[24] - [ERROR] - 执行登录用例失败，错误：assert None == '登录成功'
2025-09-16 20:25:55,185 - base_page.py:[342] - [INFO] - 调用了 scroll_privacy_agreement 方法, 滑动了隐私协议
2025-09-16 20:25:55,250 - base_page.py:[302] - [INFO] - 调用了 find_and_click 方法, 定位方式是 ['resource-id', 'com.blink.blinkfocos:id/privacy_confirm_btn']
2025-09-16 20:25:57,700 - base_page.py:[302] - [INFO] - 调用了 find_and_click 方法, 定位方式是 ['XPATH', '//*[@text="账户"]']
2025-09-16 20:25:59,830 - base_page.py:[302] - [INFO] - 调用了 find_and_click 方法, 定位方式是 ['XPATH', '//*[@text="请登录"]']
2025-09-16 20:26:01,539 - base_page.py:[150] - [INFO] - 点击元素com.blink.blinkfocos:id/type_login成功
2025-09-16 20:26:01,540 - base_page.py:[326] - [INFO] - 调用了 find_one_element_exist_click 方法, 定位方式是 ['resource-id', 'com.blink.blinkfocos:id/type_login'],要获取的文本 密码
2025-09-16 20:26:02,606 - base_page.py:[317] - [INFO] - 调用了 find_and_send 方法, 定位方式是 ['resource-id', 'com.blink.blinkfocos:id/content'],输入的文本 15371972593
2025-09-16 20:26:03,684 - base_page.py:[317] - [INFO] - 调用了 find_and_send 方法, 定位方式是 ['resource-id', 'com.blink.blinkfocos:id/ver_code'],输入的文本 jxx321
2025-09-16 20:26:04,246 - base_page.py:[302] - [INFO] - 调用了 find_and_click 方法, 定位方式是 ['resource-id', 'com.blink.blinkfocos:id/bt_confirm']
2025-09-16 20:26:07,320 - base_page.py:[302] - [INFO] - 调用了 find_and_click 方法, 定位方式是 ['resource-id', 'com.blink.blinkfocos:id/agree_continue']
2025-09-16 20:26:14,455 - base_page.py:[345] - [INFO] - 调起了 get_toast_text 方法, 获取到的文本是 None
2025-09-16 20:26:14,455 - test_login.py:[24] - [ERROR] - 执行登录用例失败，错误：assert None == '登录成功'
2025-09-16 20:36:19,233 - base_page.py:[342] - [INFO] - 调用了 scroll_privacy_agreement 方法, 滑动了隐私协议
2025-09-16 20:36:19,303 - base_page.py:[302] - [INFO] - 调用了 find_and_click 方法, 定位方式是 ['resource-id', 'com.blink.blinkfocos:id/privacy_confirm_btn']
2025-09-16 20:36:21,752 - base_page.py:[302] - [INFO] - 调用了 find_and_click 方法, 定位方式是 ['XPATH', '//*[@text="账户"]']
2025-09-16 20:36:23,918 - base_page.py:[302] - [INFO] - 调用了 find_and_click 方法, 定位方式是 ['XPATH', '//*[@text="请登录"]']
2025-09-16 20:36:25,028 - base_page.py:[150] - [INFO] - 点击元素com.blink.blinkfocos:id/type_login成功
2025-09-16 20:36:25,028 - base_page.py:[326] - [INFO] - 调用了 find_one_element_exist_click 方法, 定位方式是 ['resource-id', 'com.blink.blinkfocos:id/type_login'],要获取的文本 密码
2025-09-16 20:36:26,600 - base_page.py:[317] - [INFO] - 调用了 find_and_send 方法, 定位方式是 ['resource-id', 'com.blink.blinkfocos:id/content'],输入的文本 15371972593
2025-09-16 20:36:28,181 - base_page.py:[317] - [INFO] - 调用了 find_and_send 方法, 定位方式是 ['resource-id', 'com.blink.blinkfocos:id/ver_code'],输入的文本 jxx321
2025-09-16 20:36:29,645 - base_page.py:[302] - [INFO] - 调用了 find_and_click 方法, 定位方式是 ['resource-id', 'com.blink.blinkfocos:id/bt_confirm']
2025-09-16 20:36:32,718 - base_page.py:[302] - [INFO] - 调用了 find_and_click 方法, 定位方式是 ['resource-id', 'com.blink.blinkfocos:id/agree_continue']
2025-09-16 20:36:41,297 - base_page.py:[345] - [INFO] - 调起了 get_toast_text 方法, 获取到的文本是 None
2025-09-16 20:36:41,298 - test_login.py:[24] - [ERROR] - 执行登录用例失败，错误：assert None == '登录成功'
2025-09-16 20:38:28,814 - base_page.py:[344] - [INFO] - 调用了 scroll_privacy_agreement 方法, 滑动了隐私协议
2025-09-16 20:38:28,887 - base_page.py:[304] - [INFO] - 调用了 find_and_click 方法, 定位方式是 ['resource-id', 'com.blink.blinkfocos:id/privacy_confirm_btn']
2025-09-16 20:38:31,373 - base_page.py:[304] - [INFO] - 调用了 find_and_click 方法, 定位方式是 ['XPATH', '//*[@text="账户"]']
2025-09-16 20:38:33,501 - base_page.py:[304] - [INFO] - 调用了 find_and_click 方法, 定位方式是 ['XPATH', '//*[@text="请登录"]']
2025-09-16 20:38:34,629 - base_page.py:[152] - [INFO] - 点击元素com.blink.blinkfocos:id/type_login成功
2025-09-16 20:38:34,630 - base_page.py:[328] - [INFO] - 调用了 find_one_element_exist_click 方法, 定位方式是 ['resource-id', 'com.blink.blinkfocos:id/type_login'],要获取的文本 密码
2025-09-16 20:38:35,718 - base_page.py:[319] - [INFO] - 调用了 find_and_send 方法, 定位方式是 ['resource-id', 'com.blink.blinkfocos:id/content'],输入的文本 15371972593
2025-09-16 20:38:37,295 - base_page.py:[319] - [INFO] - 调用了 find_and_send 方法, 定位方式是 ['resource-id', 'com.blink.blinkfocos:id/ver_code'],输入的文本 jxx321
2025-09-16 20:38:37,863 - base_page.py:[304] - [INFO] - 调用了 find_and_click 方法, 定位方式是 ['resource-id', 'com.blink.blinkfocos:id/bt_confirm']
2025-09-16 20:38:40,927 - base_page.py:[304] - [INFO] - 调用了 find_and_click 方法, 定位方式是 ['resource-id', 'com.blink.blinkfocos:id/agree_continue']
2025-09-16 20:38:48,579 - base_page.py:[347] - [INFO] - 调起了 get_toast_text 方法, 获取到的文本是 None
2025-09-16 20:38:48,580 - test_login.py:[24] - [ERROR] - 执行登录用例失败，错误：assert None == '登录成功'
2025-09-16 20:47:06,393 - base_page.py:[362] - [INFO] - 调用了 scroll_privacy_agreement 方法, 滑动了隐私协议
2025-09-16 20:47:06,460 - base_page.py:[322] - [INFO] - 调用了 find_and_click 方法, 定位方式是 ['resource-id', 'com.blink.blinkfocos:id/privacy_confirm_btn']
2025-09-16 20:47:08,935 - base_page.py:[322] - [INFO] - 调用了 find_and_click 方法, 定位方式是 ['XPATH', '//*[@text="账户"]']
2025-09-16 20:47:11,103 - base_page.py:[322] - [INFO] - 调用了 find_and_click 方法, 定位方式是 ['XPATH', '//*[@text="请登录"]']
2025-09-16 20:47:12,191 - base_page.py:[170] - [INFO] - 点击元素com.blink.blinkfocos:id/type_login成功
2025-09-16 20:47:12,192 - base_page.py:[346] - [INFO] - 调用了 find_one_element_exist_click 方法, 定位方式是 ['resource-id', 'com.blink.blinkfocos:id/type_login'],要获取的文本 密码
2025-09-16 20:47:13,789 - base_page.py:[337] - [INFO] - 调用了 find_and_send 方法, 定位方式是 ['resource-id', 'com.blink.blinkfocos:id/content'],输入的文本 15371972593
2025-09-16 20:47:15,362 - base_page.py:[337] - [INFO] - 调用了 find_and_send 方法, 定位方式是 ['resource-id', 'com.blink.blinkfocos:id/ver_code'],输入的文本 jxx321
2025-09-16 20:47:16,711 - base_page.py:[322] - [INFO] - 调用了 find_and_click 方法, 定位方式是 ['resource-id', 'com.blink.blinkfocos:id/bt_confirm']
2025-09-16 20:47:19,790 - base_page.py:[322] - [INFO] - 调用了 find_and_click 方法, 定位方式是 ['resource-id', 'com.blink.blinkfocos:id/agree_continue']
2025-09-16 20:47:24,158 - base_page.py:[365] - [INFO] - 调起了 get_toast_text 方法, 获取到的文本是 None
2025-09-16 20:47:24,158 - test_login.py:[24] - [ERROR] - 执行登录用例失败，错误：assert None == '登录成功'
2025-09-16 20:52:05,827 - base_page.py:[374] - [INFO] - 调用了 scroll_privacy_agreement 方法, 滑动了隐私协议
2025-09-16 20:52:05,895 - base_page.py:[334] - [INFO] - 调用了 find_and_click 方法, 定位方式是 ['resource-id', 'com.blink.blinkfocos:id/privacy_confirm_btn']
2025-09-16 20:52:08,353 - base_page.py:[334] - [INFO] - 调用了 find_and_click 方法, 定位方式是 ['XPATH', '//*[@text="账户"]']
2025-09-16 20:52:10,502 - base_page.py:[334] - [INFO] - 调用了 find_and_click 方法, 定位方式是 ['XPATH', '//*[@text="请登录"]']
2025-09-16 20:52:11,610 - base_page.py:[182] - [INFO] - 点击元素com.blink.blinkfocos:id/type_login成功
2025-09-16 20:52:11,611 - base_page.py:[358] - [INFO] - 调用了 find_one_element_exist_click 方法, 定位方式是 ['resource-id', 'com.blink.blinkfocos:id/type_login'],要获取的文本 密码
2025-09-16 20:52:13,196 - base_page.py:[349] - [INFO] - 调用了 find_and_send 方法, 定位方式是 ['resource-id', 'com.blink.blinkfocos:id/content'],输入的文本 15371972593
2025-09-16 20:52:14,759 - base_page.py:[349] - [INFO] - 调用了 find_and_send 方法, 定位方式是 ['resource-id', 'com.blink.blinkfocos:id/ver_code'],输入的文本 jxx321
2025-09-16 20:52:16,106 - base_page.py:[334] - [INFO] - 调用了 find_and_click 方法, 定位方式是 ['resource-id', 'com.blink.blinkfocos:id/bt_confirm']
2025-09-16 20:52:19,183 - base_page.py:[334] - [INFO] - 调用了 find_and_click 方法, 定位方式是 ['resource-id', 'com.blink.blinkfocos:id/agree_continue']
2025-09-16 20:52:23,801 - base_page.py:[377] - [INFO] - 调起了 get_toast_text 方法, 获取到的文本是 None
2025-09-16 20:52:23,802 - test_login.py:[24] - [ERROR] - 执行登录用例失败，错误：assert None == '登录成功'
2025-09-16 20:57:13,068 - base_page.py:[374] - [INFO] - 调用了 scroll_privacy_agreement 方法, 滑动了隐私协议
2025-09-16 20:57:13,140 - base_page.py:[334] - [INFO] - 调用了 find_and_click 方法, 定位方式是 ['resource-id', 'com.blink.blinkfocos:id/privacy_confirm_btn']
2025-09-16 20:57:15,623 - base_page.py:[334] - [INFO] - 调用了 find_and_click 方法, 定位方式是 ['XPATH', '//*[@text="账户"]']
2025-09-16 20:57:17,785 - base_page.py:[334] - [INFO] - 调用了 find_and_click 方法, 定位方式是 ['XPATH', '//*[@text="请登录"]']
2025-09-16 20:57:18,904 - base_page.py:[182] - [INFO] - 点击元素com.blink.blinkfocos:id/type_login成功
2025-09-16 20:57:18,905 - base_page.py:[358] - [INFO] - 调用了 find_one_element_exist_click 方法, 定位方式是 ['resource-id', 'com.blink.blinkfocos:id/type_login'],要获取的文本 密码
2025-09-16 20:57:20,497 - base_page.py:[349] - [INFO] - 调用了 find_and_send 方法, 定位方式是 ['resource-id', 'com.blink.blinkfocos:id/content'],输入的文本 15371972593
2025-09-16 20:57:21,583 - base_page.py:[349] - [INFO] - 调用了 find_and_send 方法, 定位方式是 ['resource-id', 'com.blink.blinkfocos:id/ver_code'],输入的文本 jxx321
2025-09-16 20:57:22,161 - base_page.py:[334] - [INFO] - 调用了 find_and_click 方法, 定位方式是 ['resource-id', 'com.blink.blinkfocos:id/bt_confirm']
2025-09-16 20:57:25,231 - base_page.py:[334] - [INFO] - 调用了 find_and_click 方法, 定位方式是 ['resource-id', 'com.blink.blinkfocos:id/agree_continue']
2025-09-16 20:57:29,611 - base_page.py:[377] - [INFO] - 调起了 get_toast_text 方法, 获取到的文本是 None
2025-09-16 20:57:29,612 - test_login.py:[24] - [ERROR] - 执行登录用例失败，错误：assert None == '登录成功'
2025-09-16 21:02:46,635 - base_page.py:[374] - [INFO] - 调用了 scroll_privacy_agreement 方法, 滑动了隐私协议
2025-09-16 21:02:47,291 - base_page.py:[334] - [INFO] - 调用了 find_and_click 方法, 定位方式是 ['resource-id', 'com.blink.blinkfocos:id/privacy_confirm_btn']
2025-09-16 21:02:49,158 - base_page.py:[334] - [INFO] - 调用了 find_and_click 方法, 定位方式是 ['XPATH', '//*[@text="账户"]']
2025-09-16 21:02:51,306 - base_page.py:[334] - [INFO] - 调用了 find_and_click 方法, 定位方式是 ['XPATH', '//*[@text="请登录"]']
2025-09-16 21:02:52,399 - base_page.py:[182] - [INFO] - 点击元素com.blink.blinkfocos:id/type_login成功
2025-09-16 21:02:52,399 - base_page.py:[358] - [INFO] - 调用了 find_one_element_exist_click 方法, 定位方式是 ['resource-id', 'com.blink.blinkfocos:id/type_login'],要获取的文本 密码
2025-09-16 21:02:53,475 - base_page.py:[349] - [INFO] - 调用了 find_and_send 方法, 定位方式是 ['resource-id', 'com.blink.blinkfocos:id/content'],输入的文本 15371972593
2025-09-16 21:02:55,053 - base_page.py:[349] - [INFO] - 调用了 find_and_send 方法, 定位方式是 ['resource-id', 'com.blink.blinkfocos:id/ver_code'],输入的文本 jxx321
2025-09-16 21:02:55,616 - base_page.py:[334] - [INFO] - 调用了 find_and_click 方法, 定位方式是 ['resource-id', 'com.blink.blinkfocos:id/bt_confirm']
2025-09-16 21:02:58,697 - base_page.py:[334] - [INFO] - 调用了 find_and_click 方法, 定位方式是 ['resource-id', 'com.blink.blinkfocos:id/agree_continue']
2025-09-16 21:03:03,254 - base_page.py:[377] - [INFO] - 调起了 get_toast_text 方法, 获取到的文本是 
2025-09-16 21:03:03,255 - test_login.py:[24] - [ERROR] - 执行登录用例失败，错误：assert None == '登录成功'
2025-09-16 21:06:40,105 - base_page.py:[374] - [INFO] - 调用了 scroll_privacy_agreement 方法, 滑动了隐私协议
2025-09-16 21:06:40,162 - base_page.py:[334] - [INFO] - 调用了 find_and_click 方法, 定位方式是 ['resource-id', 'com.blink.blinkfocos:id/privacy_confirm_btn']
2025-09-16 21:06:42,624 - base_page.py:[334] - [INFO] - 调用了 find_and_click 方法, 定位方式是 ['XPATH', '//*[@text="账户"]']
2025-09-16 21:06:44,772 - base_page.py:[334] - [INFO] - 调用了 find_and_click 方法, 定位方式是 ['XPATH', '//*[@text="请登录"]']
2025-09-16 21:06:45,870 - base_page.py:[182] - [INFO] - 点击元素com.blink.blinkfocos:id/type_login成功
2025-09-16 21:06:45,870 - base_page.py:[358] - [INFO] - 调用了 find_one_element_exist_click 方法, 定位方式是 ['resource-id', 'com.blink.blinkfocos:id/type_login'],要获取的文本 密码
2025-09-16 21:06:47,439 - base_page.py:[349] - [INFO] - 调用了 find_and_send 方法, 定位方式是 ['resource-id', 'com.blink.blinkfocos:id/content'],输入的文本 15371972593
2025-09-16 21:06:49,017 - base_page.py:[349] - [INFO] - 调用了 find_and_send 方法, 定位方式是 ['resource-id', 'com.blink.blinkfocos:id/ver_code'],输入的文本 jxx321
2025-09-16 21:06:50,410 - base_page.py:[334] - [INFO] - 调用了 find_and_click 方法, 定位方式是 ['resource-id', 'com.blink.blinkfocos:id/bt_confirm']
2025-09-16 21:06:53,491 - base_page.py:[334] - [INFO] - 调用了 find_and_click 方法, 定位方式是 ['resource-id', 'com.blink.blinkfocos:id/agree_continue']
2025-09-16 21:06:58,224 - base_page.py:[377] - [INFO] - 调起了 get_toast_text 方法 
2025-09-16 21:06:58,224 - test_login.py:[24] - [ERROR] - 执行登录用例失败，错误：assert None == '登录成功'
