2025-09-15 13:31:51,079 - base_page.py:[268] - [INFO] - 调用了 scroll_privacy_agreement 方法, 滑动了隐私协议
2025-09-15 13:31:51,144 - base_page.py:[232] - [INFO] - 调用了 find_and_click 方法, 定位方式是 ['resource-id', 'com.blink.blinkfocos:id/privacy_confirm_btn']
2025-09-15 13:31:53,621 - base_page.py:[232] - [INFO] - 调用了 find_and_click 方法, 定位方式是 ['XPATH', '//*[@text="账户"]']
2025-09-15 13:31:55,794 - base_page.py:[232] - [INFO] - 调用了 find_and_click 方法, 定位方式是 ['XPATH', '//*[@text="请登录"]']
2025-09-15 13:31:57,488 - base_page.py:[102] - [INFO] - 点击元素com.blink.blinkfocos:id/type_login成功
2025-09-15 13:31:57,488 - base_page.py:[252] - [INFO] - 调用了 find_one_element_exist_click 方法, 定位方式是 ['resource-id', 'com.blink.blinkfocos:id/type_login'],要获取的文本 密码
2025-09-15 13:31:59,067 - base_page.py:[246] - [INFO] - 调用了 find_and_send 方法, 定位方式是 ['resource-id', 'com.blink.blinkfocos:id/content'],输入的文本 15371972593
2025-09-15 13:32:00,979 - base_page.py:[246] - [INFO] - 调用了 find_and_send 方法, 定位方式是 ['resource-id', 'com.blink.blinkfocos:id/ver_code'],输入的文本 jxx321
2025-09-15 13:32:02,326 - base_page.py:[232] - [INFO] - 调用了 find_and_click 方法, 定位方式是 ['resource-id', 'com.blink.blinkfocos:id/bt_confirm']
2025-09-15 13:32:03,432 - base_page.py:[232] - [INFO] - 调用了 find_and_click 方法, 定位方式是 ['resource-id', 'com.blink.blinkfocos:id/agree_continue']
2025-09-15 13:32:07,444 - base_page.py:[235] - [INFO] - 调用了 find 方法, 定位方式是 ['XPATH', '//*[@content-desc="Edit Avatar"]/following-sibling::android.widget.TextView[1]']
2025-09-15 13:32:07,457 - test_login.py:[15] - [INFO] - 获取用户名：jxx
2025-09-15 13:36:13,980 - base_page.py:[268] - [INFO] - 调用了 scroll_privacy_agreement 方法, 滑动了隐私协议
2025-09-15 13:36:14,640 - base_page.py:[232] - [INFO] - 调用了 find_and_click 方法, 定位方式是 ['resource-id', 'com.blink.blinkfocos:id/privacy_confirm_btn']
2025-09-15 13:36:16,510 - base_page.py:[232] - [INFO] - 调用了 find_and_click 方法, 定位方式是 ['XPATH', '//*[@text="账户"]']
2025-09-15 13:36:18,675 - base_page.py:[232] - [INFO] - 调用了 find_and_click 方法, 定位方式是 ['XPATH', '//*[@text="请登录"]']
2025-09-15 13:36:19,768 - base_page.py:[102] - [INFO] - 点击元素com.blink.blinkfocos:id/type_login成功
2025-09-15 13:36:19,768 - base_page.py:[252] - [INFO] - 调用了 find_one_element_exist_click 方法, 定位方式是 ['resource-id', 'com.blink.blinkfocos:id/type_login'],要获取的文本 密码
2025-09-15 13:36:21,349 - base_page.py:[246] - [INFO] - 调用了 find_and_send 方法, 定位方式是 ['resource-id', 'com.blink.blinkfocos:id/content'],输入的文本 15371972593
2025-09-15 13:36:22,430 - base_page.py:[246] - [INFO] - 调用了 find_and_send 方法, 定位方式是 ['resource-id', 'com.blink.blinkfocos:id/ver_code'],输入的文本 jxx321
2025-09-15 13:36:22,984 - base_page.py:[232] - [INFO] - 调用了 find_and_click 方法, 定位方式是 ['resource-id', 'com.blink.blinkfocos:id/bt_confirm']
2025-09-15 13:36:24,081 - base_page.py:[232] - [INFO] - 调用了 find_and_click 方法, 定位方式是 ['resource-id', 'com.blink.blinkfocos:id/agree_continue']
2025-09-15 13:36:28,508 - base_page.py:[235] - [INFO] - 调用了 find 方法, 定位方式是 ['XPATH', '//*[@content-desc="Edit Avatar"]/following-sibling::android.widget.TextView[1]']
2025-09-15 13:36:28,515 - test_login.py:[15] - [INFO] - 获取用户名：jxx
2025-09-15 13:36:28,515 - test_login.py:[18] - [ERROR] - 执行登录用例失败，错误：assert 'jxx' == 'jxxx'
  - jxxx
  ?    -
  + jxx
2025-09-15 13:43:51,879 - base_page.py:[268] - [INFO] - 调用了 scroll_privacy_agreement 方法, 滑动了隐私协议
2025-09-15 13:43:52,550 - base_page.py:[232] - [INFO] - 调用了 find_and_click 方法, 定位方式是 ['resource-id', 'com.blink.blinkfocos:id/privacy_confirm_btn']
2025-09-15 13:43:54,420 - base_page.py:[232] - [INFO] - 调用了 find_and_click 方法, 定位方式是 ['XPATH', '//*[@text="账户"]']
2025-09-15 13:43:56,577 - base_page.py:[232] - [INFO] - 调用了 find_and_click 方法, 定位方式是 ['XPATH', '//*[@text="请登录"]']
2025-09-15 13:43:57,692 - base_page.py:[102] - [INFO] - 点击元素com.blink.blinkfocos:id/type_login成功
2025-09-15 13:43:57,692 - base_page.py:[252] - [INFO] - 调用了 find_one_element_exist_click 方法, 定位方式是 ['resource-id', 'com.blink.blinkfocos:id/type_login'],要获取的文本 密码
2025-09-15 13:43:59,271 - base_page.py:[246] - [INFO] - 调用了 find_and_send 方法, 定位方式是 ['resource-id', 'com.blink.blinkfocos:id/content'],输入的文本 15371972593
2025-09-15 13:44:00,972 - base_page.py:[246] - [INFO] - 调用了 find_and_send 方法, 定位方式是 ['resource-id', 'com.blink.blinkfocos:id/ver_code'],输入的文本 jxx321
2025-09-15 13:44:01,530 - base_page.py:[232] - [INFO] - 调用了 find_and_click 方法, 定位方式是 ['resource-id', 'com.blink.blinkfocos:id/bt_confirm']
2025-09-15 13:44:02,623 - base_page.py:[232] - [INFO] - 调用了 find_and_click 方法, 定位方式是 ['resource-id', 'com.blink.blinkfocos:id/agree_continue']
2025-09-15 13:44:07,400 - base_page.py:[235] - [INFO] - 调用了 find 方法, 定位方式是 ['XPATH', '//*[@content-desc="Edit Avatar"]/following-sibling::android.widget.TextView[1]']
2025-09-15 13:44:07,412 - test_login.py:[15] - [INFO] - 获取用户名：jxx
2025-09-15 13:44:07,412 - test_login.py:[18] - [ERROR] - 执行登录用例失败，错误：assert 'jxx' == 'jxxx'
  - jxxx
  ?    -
  + jxx
2025-09-15 14:07:15,935 - base_page.py:[268] - [INFO] - 调用了 scroll_privacy_agreement 方法, 滑动了隐私协议
2025-09-15 14:07:16,598 - base_page.py:[232] - [INFO] - 调用了 find_and_click 方法, 定位方式是 ['resource-id', 'com.blink.blinkfocos:id/privacy_confirm_btn']
2025-09-15 14:07:18,475 - base_page.py:[232] - [INFO] - 调用了 find_and_click 方法, 定位方式是 ['XPATH', '//*[@text="账户"]']
2025-09-15 14:07:20,648 - base_page.py:[232] - [INFO] - 调用了 find_and_click 方法, 定位方式是 ['XPATH', '//*[@text="请登录"]']
2025-09-15 14:07:21,747 - base_page.py:[102] - [INFO] - 点击元素com.blink.blinkfocos:id/type_login成功
2025-09-15 14:07:21,747 - base_page.py:[252] - [INFO] - 调用了 find_one_element_exist_click 方法, 定位方式是 ['resource-id', 'com.blink.blinkfocos:id/type_login'],要获取的文本 密码
2025-09-15 14:07:23,309 - base_page.py:[246] - [INFO] - 调用了 find_and_send 方法, 定位方式是 ['resource-id', 'com.blink.blinkfocos:id/content'],输入的文本 15371972593
2025-09-15 14:07:24,888 - base_page.py:[246] - [INFO] - 调用了 find_and_send 方法, 定位方式是 ['resource-id', 'com.blink.blinkfocos:id/ver_code'],输入的文本 jxx321
2025-09-15 14:07:26,320 - base_page.py:[232] - [INFO] - 调用了 find_and_click 方法, 定位方式是 ['resource-id', 'com.blink.blinkfocos:id/bt_confirm']
2025-09-15 14:07:27,387 - base_page.py:[232] - [INFO] - 调用了 find_and_click 方法, 定位方式是 ['resource-id', 'com.blink.blinkfocos:id/agree_continue']
2025-09-15 14:07:32,029 - base_page.py:[235] - [INFO] - 调用了 find 方法, 定位方式是 ['XPATH', '//*[@content-desc="Edit Avatar"]/following-sibling::android.widget.TextView[1]']
2025-09-15 14:07:32,042 - test_login.py:[15] - [INFO] - 获取用户名：('jxx', <AutoDroid.py_page.my_page.MyPage object at 0x00000227C49F6630>)
2025-09-15 14:07:32,042 - test_login.py:[19] - [ERROR] - 执行登录用例失败，错误：assert ('jxx', <AutoDroid.py_page.my_page.MyPage object at 0x00000227C49F6630>) == 'jxxx'
2025-09-15 14:15:37,344 - base_page.py:[268] - [INFO] - 调用了 scroll_privacy_agreement 方法, 滑动了隐私协议
2025-09-15 14:15:38,004 - base_page.py:[232] - [INFO] - 调用了 find_and_click 方法, 定位方式是 ['resource-id', 'com.blink.blinkfocos:id/privacy_confirm_btn']
2025-09-15 14:15:39,871 - base_page.py:[232] - [INFO] - 调用了 find_and_click 方法, 定位方式是 ['XPATH', '//*[@text="账户"]']
2025-09-15 14:15:42,041 - base_page.py:[232] - [INFO] - 调用了 find_and_click 方法, 定位方式是 ['XPATH', '//*[@text="请登录"]']
2025-09-15 14:15:43,152 - base_page.py:[102] - [INFO] - 点击元素com.blink.blinkfocos:id/type_login成功
2025-09-15 14:15:43,152 - base_page.py:[252] - [INFO] - 调用了 find_one_element_exist_click 方法, 定位方式是 ['resource-id', 'com.blink.blinkfocos:id/type_login'],要获取的文本 密码
2025-09-15 14:15:44,728 - base_page.py:[246] - [INFO] - 调用了 find_and_send 方法, 定位方式是 ['resource-id', 'com.blink.blinkfocos:id/content'],输入的文本 15371972593
2025-09-15 14:15:46,319 - base_page.py:[246] - [INFO] - 调用了 find_and_send 方法, 定位方式是 ['resource-id', 'com.blink.blinkfocos:id/ver_code'],输入的文本 jxx321
2025-09-15 14:15:47,684 - base_page.py:[232] - [INFO] - 调用了 find_and_click 方法, 定位方式是 ['resource-id', 'com.blink.blinkfocos:id/bt_confirm']
2025-09-15 14:15:48,758 - base_page.py:[232] - [INFO] - 调用了 find_and_click 方法, 定位方式是 ['resource-id', 'com.blink.blinkfocos:id/agree_continue']
2025-09-15 14:15:53,143 - base_page.py:[235] - [INFO] - 调用了 find 方法, 定位方式是 ['XPATH', '//*[@content-desc="Edit Avatar"]/following-sibling::android.widget.TextView[1]']
2025-09-15 14:15:53,199 - test_login.py:[16] - [INFO] - 获取用户名：('jxx', <AutoDroid.py_page.my_page.MyPage object at 0x000001F77BD69160>)
2025-09-15 14:15:53,200 - test_login.py:[20] - [ERROR] - 执行登录用例失败，错误：assert ('jxx', <AutoDroid.py_page.my_page.MyPage object at 0x000001F77BD69160>) == 'jxxx'
2025-09-15 15:11:04,874 - base_page.py:[278] - [INFO] - 调用了 scroll_privacy_agreement 方法, 滑动了隐私协议
2025-09-15 15:11:04,946 - base_page.py:[239] - [INFO] - 调用了 find_and_click 方法, 定位方式是 ['resource-id', 'com.blink.blinkfocos:id/privacy_confirm_btn']
2025-09-15 15:11:07,460 - base_page.py:[239] - [INFO] - 调用了 find_and_click 方法, 定位方式是 ['XPATH', '//*[@text="账户"]']
2025-09-15 15:11:09,629 - base_page.py:[239] - [INFO] - 调用了 find_and_click 方法, 定位方式是 ['XPATH', '//*[@text="请登录"]']
2025-09-15 15:11:11,337 - base_page.py:[108] - [INFO] - 点击元素com.blink.blinkfocos:id/type_login成功
2025-09-15 15:11:11,337 - base_page.py:[262] - [INFO] - 调用了 find_one_element_exist_click 方法, 定位方式是 ['resource-id', 'com.blink.blinkfocos:id/type_login'],要获取的文本 密码
2025-09-15 15:11:12,439 - base_page.py:[253] - [INFO] - 调用了 find_and_send 方法, 定位方式是 ['resource-id', 'com.blink.blinkfocos:id/content'],输入的文本 15371972593
2025-09-15 15:11:14,019 - base_page.py:[253] - [INFO] - 调用了 find_and_send 方法, 定位方式是 ['resource-id', 'com.blink.blinkfocos:id/ver_code'],输入的文本 jxx321
2025-09-15 15:11:14,584 - base_page.py:[239] - [INFO] - 调用了 find_and_click 方法, 定位方式是 ['resource-id', 'com.blink.blinkfocos:id/bt_confirm']
2025-09-15 15:11:15,674 - base_page.py:[239] - [INFO] - 调用了 find_and_click 方法, 定位方式是 ['resource-id', 'com.blink.blinkfocos:id/agree_continue']
2025-09-15 15:11:20,201 - base_page.py:[242] - [INFO] - 调用了 find 方法, 定位方式是 ['XPATH', '//*[@content-desc="Edit Avatar"]/following-sibling::android.widget.TextView[1]']
2025-09-15 15:11:20,214 - test_login.py:[15] - [INFO] - 获取用户名：jxx
2025-09-15 15:11:20,215 - test_login.py:[19] - [ERROR] - 执行登录用例失败，错误：assert 'jxx' == 'jxxx'
  - jxxx
  ?    -
  + jxx
2025-09-15 15:25:31,846 - base_page.py:[278] - [INFO] - 调用了 scroll_privacy_agreement 方法, 滑动了隐私协议
2025-09-15 15:25:37,438 - base_page.py:[239] - [INFO] - 调用了 find_and_click 方法, 定位方式是 ['resource-id', 'com.blink.blinkfocos:id/privacy_confirm_btn']
2025-09-15 15:25:49,414 - handle_black.py:[28] - [INFO] - 在黑名单中查找元素('xpath', "//android.widget.ImageView[@content-desc='Close']")
2025-09-15 15:25:59,702 - handle_black.py:[39] - [INFO] - 在黑名单中元素('xpath', "//android.widget.ImageView[@content-desc='Close']")未在页面中定位到
2025-09-15 15:25:59,702 - handle_black.py:[28] - [INFO] - 在黑名单中查找元素('id', 'com.android.permissioncontroller:id/permission_allow_foreground_only_button')
2025-09-15 15:26:09,954 - handle_black.py:[39] - [INFO] - 在黑名单中元素('id', 'com.android.permissioncontroller:id/permission_allow_foreground_only_button')未在页面中定位到
2025-09-15 15:26:09,955 - handle_black.py:[28] - [INFO] - 在黑名单中查找元素('id', 'com.android.permissioncontroller:id/permission_allow_button')
2025-09-15 15:26:20,172 - handle_black.py:[39] - [INFO] - 在黑名单中元素('id', 'com.android.permissioncontroller:id/permission_allow_button')未在页面中定位到
2025-09-15 15:26:20,172 - handle_black.py:[28] - [INFO] - 在黑名单中查找元素('xpath', "//android.widget.ImageView[@content-desc='Close']")
2025-09-15 15:26:47,117 - base_page.py:[278] - [INFO] - 调用了 scroll_privacy_agreement 方法, 滑动了隐私协议
2025-09-15 15:26:47,182 - base_page.py:[239] - [INFO] - 调用了 find_and_click 方法, 定位方式是 ['resource-id', 'com.blink.blinkfocos:id/privacy_confirm_btn']
2025-09-15 15:26:49,667 - base_page.py:[239] - [INFO] - 调用了 find_and_click 方法, 定位方式是 ['XPATH', '//*[@text="账户"]']
2025-09-15 15:26:51,834 - base_page.py:[239] - [INFO] - 调用了 find_and_click 方法, 定位方式是 ['XPATH', '//*[@text="请登录"]']
2025-09-15 15:26:52,940 - base_page.py:[108] - [INFO] - 点击元素com.blink.blinkfocos:id/type_login成功
2025-09-15 15:26:52,940 - base_page.py:[262] - [INFO] - 调用了 find_one_element_exist_click 方法, 定位方式是 ['resource-id', 'com.blink.blinkfocos:id/type_login'],要获取的文本 密码
2025-09-15 15:26:54,029 - base_page.py:[253] - [INFO] - 调用了 find_and_send 方法, 定位方式是 ['resource-id', 'com.blink.blinkfocos:id/content'],输入的文本 15371972593
2025-09-15 15:26:55,603 - base_page.py:[253] - [INFO] - 调用了 find_and_send 方法, 定位方式是 ['resource-id', 'com.blink.blinkfocos:id/ver_code'],输入的文本 jxx321
2025-09-15 15:26:56,161 - base_page.py:[239] - [INFO] - 调用了 find_and_click 方法, 定位方式是 ['resource-id', 'com.blink.blinkfocos:id/bt_confirm']
2025-09-15 15:26:57,235 - base_page.py:[239] - [INFO] - 调用了 find_and_click 方法, 定位方式是 ['resource-id', 'com.blink.blinkfocos:id/agree_continue']
2025-09-15 15:27:01,945 - base_page.py:[242] - [INFO] - 调用了 find 方法, 定位方式是 ['XPATH', '//*[@content-desc="Edit Avatar"]/following-sibling::android.widget.TextView[1]']
2025-09-15 15:27:01,956 - test_login.py:[23] - [ERROR] - 执行登录用例失败，错误：get_text() missing 2 required positional arguments: 'by' and 'locator'
2025-09-15 15:31:41,869 - base_page.py:[278] - [INFO] - 调用了 scroll_privacy_agreement 方法, 滑动了隐私协议
2025-09-15 15:31:41,938 - base_page.py:[239] - [INFO] - 调用了 find_and_click 方法, 定位方式是 ['resource-id', 'com.blink.blinkfocos:id/privacy_confirm_btn']
2025-09-15 15:31:44,424 - base_page.py:[239] - [INFO] - 调用了 find_and_click 方法, 定位方式是 ['XPATH', '//*[@text="账户"]']
2025-09-15 15:31:46,580 - base_page.py:[239] - [INFO] - 调用了 find_and_click 方法, 定位方式是 ['XPATH', '//*[@text="请登录"]']
2025-09-15 15:31:47,714 - base_page.py:[108] - [INFO] - 点击元素com.blink.blinkfocos:id/type_login成功
2025-09-15 15:31:47,714 - base_page.py:[262] - [INFO] - 调用了 find_one_element_exist_click 方法, 定位方式是 ['resource-id', 'com.blink.blinkfocos:id/type_login'],要获取的文本 密码
2025-09-15 15:31:49,304 - base_page.py:[253] - [INFO] - 调用了 find_and_send 方法, 定位方式是 ['resource-id', 'com.blink.blinkfocos:id/content'],输入的文本 15371972593
2025-09-15 15:31:50,883 - base_page.py:[253] - [INFO] - 调用了 find_and_send 方法, 定位方式是 ['resource-id', 'com.blink.blinkfocos:id/ver_code'],输入的文本 jxx321
2025-09-15 15:31:52,213 - base_page.py:[239] - [INFO] - 调用了 find_and_click 方法, 定位方式是 ['resource-id', 'com.blink.blinkfocos:id/bt_confirm']
2025-09-15 15:31:53,293 - base_page.py:[239] - [INFO] - 调用了 find_and_click 方法, 定位方式是 ['resource-id', 'com.blink.blinkfocos:id/agree_continue']
2025-09-15 15:32:00,483 - base_page.py:[242] - [INFO] - 调用了 find 方法, 定位方式是 ['XPATH', '//*[@content-desc="Edit Avatar"]/following-sibling::android.widget.TextView[1]']
2025-09-15 15:32:00,495 - handle_black.py:[28] - [INFO] - 在黑名单中查找元素('xpath', "//android.widget.ImageView[@content-desc='Close']")
2025-09-15 15:32:10,993 - handle_black.py:[39] - [INFO] - 在黑名单中元素('xpath', "//android.widget.ImageView[@content-desc='Close']")未在页面中定位到
2025-09-15 15:32:10,993 - handle_black.py:[28] - [INFO] - 在黑名单中查找元素('id', 'com.android.permissioncontroller:id/permission_allow_foreground_only_button')
2025-09-15 15:32:21,253 - handle_black.py:[39] - [INFO] - 在黑名单中元素('id', 'com.android.permissioncontroller:id/permission_allow_foreground_only_button')未在页面中定位到
2025-09-15 15:32:21,253 - handle_black.py:[28] - [INFO] - 在黑名单中查找元素('id', 'com.android.permissioncontroller:id/permission_allow_button')
2025-09-15 15:32:31,446 - handle_black.py:[39] - [INFO] - 在黑名单中元素('id', 'com.android.permissioncontroller:id/permission_allow_button')未在页面中定位到
2025-09-15 15:32:31,447 - test_login.py:[23] - [ERROR] - 执行登录用例失败，错误：元素定位方式未找到，你传入的是g:\android_auto\autodroid\py_yaml\my_page.yaml
2025-09-15 15:33:47,274 - base_page.py:[280] - [INFO] - 调用了 scroll_privacy_agreement 方法, 滑动了隐私协议
2025-09-15 15:33:47,338 - base_page.py:[241] - [INFO] - 调用了 find_and_click 方法, 定位方式是 ['resource-id', 'com.blink.blinkfocos:id/privacy_confirm_btn']
2025-09-15 15:33:49,807 - base_page.py:[241] - [INFO] - 调用了 find_and_click 方法, 定位方式是 ['XPATH', '//*[@text="账户"]']
2025-09-15 15:33:51,956 - base_page.py:[241] - [INFO] - 调用了 find_and_click 方法, 定位方式是 ['XPATH', '//*[@text="请登录"]']
2025-09-15 15:33:53,071 - base_page.py:[110] - [INFO] - 点击元素com.blink.blinkfocos:id/type_login成功
2025-09-15 15:33:53,071 - base_page.py:[264] - [INFO] - 调用了 find_one_element_exist_click 方法, 定位方式是 ['resource-id', 'com.blink.blinkfocos:id/type_login'],要获取的文本 密码
2025-09-15 15:33:54,165 - base_page.py:[255] - [INFO] - 调用了 find_and_send 方法, 定位方式是 ['resource-id', 'com.blink.blinkfocos:id/content'],输入的文本 15371972593
2025-09-15 15:33:55,742 - base_page.py:[255] - [INFO] - 调用了 find_and_send 方法, 定位方式是 ['resource-id', 'com.blink.blinkfocos:id/ver_code'],输入的文本 jxx321
2025-09-15 15:33:56,303 - base_page.py:[241] - [INFO] - 调用了 find_and_click 方法, 定位方式是 ['resource-id', 'com.blink.blinkfocos:id/bt_confirm']
2025-09-15 15:33:57,396 - base_page.py:[241] - [INFO] - 调用了 find_and_click 方法, 定位方式是 ['resource-id', 'com.blink.blinkfocos:id/agree_continue']
2025-09-15 15:34:02,114 - base_page.py:[244] - [INFO] - 调用了 find 方法, 定位方式是 ['XPATH', '//*[@content-desc="Edit Avatar"]/following-sibling::android.widget.TextView[1]']
2025-09-15 15:34:02,126 - handle_black.py:[28] - [INFO] - 在黑名单中查找元素('xpath', "//android.widget.ImageView[@content-desc='Close']")
2025-09-15 15:34:12,551 - handle_black.py:[39] - [INFO] - 在黑名单中元素('xpath', "//android.widget.ImageView[@content-desc='Close']")未在页面中定位到
2025-09-15 15:34:12,552 - handle_black.py:[28] - [INFO] - 在黑名单中查找元素('id', 'com.android.permissioncontroller:id/permission_allow_foreground_only_button')
2025-09-15 15:34:22,807 - handle_black.py:[39] - [INFO] - 在黑名单中元素('id', 'com.android.permissioncontroller:id/permission_allow_foreground_only_button')未在页面中定位到
2025-09-15 15:34:22,808 - handle_black.py:[28] - [INFO] - 在黑名单中查找元素('id', 'com.android.permissioncontroller:id/permission_allow_button')
2025-09-15 15:34:33,025 - handle_black.py:[39] - [INFO] - 在黑名单中元素('id', 'com.android.permissioncontroller:id/permission_allow_button')未在页面中定位到
2025-09-15 15:34:33,026 - handle_black.py:[28] - [INFO] - 在黑名单中查找元素('xpath', "//android.widget.ImageView[@content-desc='Close']")
2025-09-15 15:34:43,451 - handle_black.py:[39] - [INFO] - 在黑名单中元素('xpath', "//android.widget.ImageView[@content-desc='Close']")未在页面中定位到
2025-09-15 15:34:43,452 - handle_black.py:[28] - [INFO] - 在黑名单中查找元素('id', 'com.android.permissioncontroller:id/permission_allow_foreground_only_button')
2025-09-15 15:34:53,779 - handle_black.py:[39] - [INFO] - 在黑名单中元素('id', 'com.android.permissioncontroller:id/permission_allow_foreground_only_button')未在页面中定位到
2025-09-15 15:34:53,780 - handle_black.py:[28] - [INFO] - 在黑名单中查找元素('id', 'com.android.permissioncontroller:id/permission_allow_button')
2025-09-15 15:35:04,185 - handle_black.py:[39] - [INFO] - 在黑名单中元素('id', 'com.android.permissioncontroller:id/permission_allow_button')未在页面中定位到
2025-09-15 15:35:04,185 - test_login.py:[23] - [ERROR] - 执行登录用例失败，错误：元素定位方式未找到，你传入的是g:\android_auto\autodroid\py_yaml\my_page.yaml
2025-09-15 15:37:51,857 - base_page.py:[280] - [INFO] - 调用了 scroll_privacy_agreement 方法, 滑动了隐私协议
2025-09-15 15:37:52,533 - base_page.py:[241] - [INFO] - 调用了 find_and_click 方法, 定位方式是 ['resource-id', 'com.blink.blinkfocos:id/privacy_confirm_btn']
2025-09-15 15:37:54,404 - base_page.py:[241] - [INFO] - 调用了 find_and_click 方法, 定位方式是 ['XPATH', '//*[@text="账户"]']
2025-09-15 15:37:56,575 - base_page.py:[241] - [INFO] - 调用了 find_and_click 方法, 定位方式是 ['XPATH', '//*[@text="请登录"]']
2025-09-15 15:37:57,679 - base_page.py:[110] - [INFO] - 点击元素com.blink.blinkfocos:id/type_login成功
2025-09-15 15:37:57,679 - base_page.py:[264] - [INFO] - 调用了 find_one_element_exist_click 方法, 定位方式是 ['resource-id', 'com.blink.blinkfocos:id/type_login'],要获取的文本 密码
2025-09-15 15:37:59,261 - base_page.py:[255] - [INFO] - 调用了 find_and_send 方法, 定位方式是 ['resource-id', 'com.blink.blinkfocos:id/content'],输入的文本 15371972593
2025-09-15 15:38:00,984 - base_page.py:[255] - [INFO] - 调用了 find_and_send 方法, 定位方式是 ['resource-id', 'com.blink.blinkfocos:id/ver_code'],输入的文本 jxx321
2025-09-15 15:38:02,437 - base_page.py:[241] - [INFO] - 调用了 find_and_click 方法, 定位方式是 ['resource-id', 'com.blink.blinkfocos:id/bt_confirm']
2025-09-15 15:38:03,544 - base_page.py:[241] - [INFO] - 调用了 find_and_click 方法, 定位方式是 ['resource-id', 'com.blink.blinkfocos:id/agree_continue']
2025-09-15 15:38:08,185 - base_page.py:[244] - [INFO] - 调用了 find 方法, 定位方式是 ['XPATH', '//*[@content-desc="Edit Avatar"]/following-sibling::android.widget.TextView[1]']
2025-09-15 15:38:08,195 - handle_black.py:[28] - [INFO] - 在黑名单中查找元素('xpath', "//android.widget.ImageView[@content-desc='Close']")
2025-09-15 15:38:18,627 - handle_black.py:[39] - [INFO] - 在黑名单中元素('xpath', "//android.widget.ImageView[@content-desc='Close']")未在页面中定位到
2025-09-15 15:38:18,628 - handle_black.py:[28] - [INFO] - 在黑名单中查找元素('id', 'com.android.permissioncontroller:id/permission_allow_foreground_only_button')
2025-09-15 15:38:28,877 - handle_black.py:[39] - [INFO] - 在黑名单中元素('id', 'com.android.permissioncontroller:id/permission_allow_foreground_only_button')未在页面中定位到
2025-09-15 15:38:28,877 - handle_black.py:[28] - [INFO] - 在黑名单中查找元素('id', 'com.android.permissioncontroller:id/permission_allow_button')
2025-09-15 15:38:39,114 - handle_black.py:[39] - [INFO] - 在黑名单中元素('id', 'com.android.permissioncontroller:id/permission_allow_button')未在页面中定位到
2025-09-15 15:38:39,114 - handle_black.py:[28] - [INFO] - 在黑名单中查找元素('xpath', "//android.widget.ImageView[@content-desc='Close']")
2025-09-15 15:38:49,524 - handle_black.py:[39] - [INFO] - 在黑名单中元素('xpath', "//android.widget.ImageView[@content-desc='Close']")未在页面中定位到
2025-09-15 15:38:49,525 - handle_black.py:[28] - [INFO] - 在黑名单中查找元素('id', 'com.android.permissioncontroller:id/permission_allow_foreground_only_button')
2025-09-15 15:38:59,730 - handle_black.py:[39] - [INFO] - 在黑名单中元素('id', 'com.android.permissioncontroller:id/permission_allow_foreground_only_button')未在页面中定位到
2025-09-15 15:38:59,731 - handle_black.py:[28] - [INFO] - 在黑名单中查找元素('id', 'com.android.permissioncontroller:id/permission_allow_button')
2025-09-15 15:39:10,039 - handle_black.py:[39] - [INFO] - 在黑名单中元素('id', 'com.android.permissioncontroller:id/permission_allow_button')未在页面中定位到
2025-09-15 15:39:10,039 - test_login.py:[24] - [ERROR] - 执行登录用例失败，错误：元素定位方式未找到，你传入的是g:\android_auto\autodroid\py_yaml\my_page.yaml
2025-09-15 15:42:06,160 - base_page.py:[280] - [INFO] - 调用了 scroll_privacy_agreement 方法, 滑动了隐私协议
2025-09-15 15:42:06,822 - base_page.py:[241] - [INFO] - 调用了 find_and_click 方法, 定位方式是 ['resource-id', 'com.blink.blinkfocos:id/privacy_confirm_btn']
2025-09-15 15:42:08,697 - base_page.py:[241] - [INFO] - 调用了 find_and_click 方法, 定位方式是 ['XPATH', '//*[@text="账户"]']
2025-09-15 15:42:10,863 - base_page.py:[241] - [INFO] - 调用了 find_and_click 方法, 定位方式是 ['XPATH', '//*[@text="请登录"]']
2025-09-15 15:42:11,955 - base_page.py:[110] - [INFO] - 点击元素com.blink.blinkfocos:id/type_login成功
2025-09-15 15:42:11,956 - base_page.py:[264] - [INFO] - 调用了 find_one_element_exist_click 方法, 定位方式是 ['resource-id', 'com.blink.blinkfocos:id/type_login'],要获取的文本 密码
2025-09-15 15:42:13,543 - base_page.py:[255] - [INFO] - 调用了 find_and_send 方法, 定位方式是 ['resource-id', 'com.blink.blinkfocos:id/content'],输入的文本 15371972593
2025-09-15 15:42:15,114 - base_page.py:[255] - [INFO] - 调用了 find_and_send 方法, 定位方式是 ['resource-id', 'com.blink.blinkfocos:id/ver_code'],输入的文本 jxx321
2025-09-15 15:42:16,430 - base_page.py:[241] - [INFO] - 调用了 find_and_click 方法, 定位方式是 ['resource-id', 'com.blink.blinkfocos:id/bt_confirm']
2025-09-15 15:42:17,520 - base_page.py:[241] - [INFO] - 调用了 find_and_click 方法, 定位方式是 ['resource-id', 'com.blink.blinkfocos:id/agree_continue']
2025-09-15 15:42:22,243 - base_page.py:[244] - [INFO] - 调用了 find 方法, 定位方式是 ['XPATH', '//*[@content-desc="Edit Avatar"]/following-sibling::android.widget.TextView[1]']
2025-09-15 15:42:22,251 - test_login.py:[24] - [ERROR] - 执行登录用例失败，错误：assert ('jxx', <AutoDroid.py_page.my_page.MyPage object at 0x000002A5623FCCF8>) == '登录成功'
2025-09-15 15:50:40,151 - base_page.py:[280] - [INFO] - 调用了 scroll_privacy_agreement 方法, 滑动了隐私协议
2025-09-15 15:50:40,230 - base_page.py:[241] - [INFO] - 调用了 find_and_click 方法, 定位方式是 ['resource-id', 'com.blink.blinkfocos:id/privacy_confirm_btn']
2025-09-15 15:50:42,695 - base_page.py:[241] - [INFO] - 调用了 find_and_click 方法, 定位方式是 ['XPATH', '//*[@text="账户"]']
2025-09-15 15:50:44,843 - base_page.py:[241] - [INFO] - 调用了 find_and_click 方法, 定位方式是 ['XPATH', '//*[@text="请登录"]']
2025-09-15 15:50:46,560 - base_page.py:[110] - [INFO] - 点击元素com.blink.blinkfocos:id/type_login成功
2025-09-15 15:50:46,560 - base_page.py:[264] - [INFO] - 调用了 find_one_element_exist_click 方法, 定位方式是 ['resource-id', 'com.blink.blinkfocos:id/type_login'],要获取的文本 密码
2025-09-15 15:50:47,652 - base_page.py:[255] - [INFO] - 调用了 find_and_send 方法, 定位方式是 ['resource-id', 'com.blink.blinkfocos:id/content'],输入的文本 15371972593
2025-09-15 15:50:49,246 - base_page.py:[255] - [INFO] - 调用了 find_and_send 方法, 定位方式是 ['resource-id', 'com.blink.blinkfocos:id/ver_code'],输入的文本 jxx321
2025-09-15 15:50:49,816 - base_page.py:[241] - [INFO] - 调用了 find_and_click 方法, 定位方式是 ['resource-id', 'com.blink.blinkfocos:id/bt_confirm']
2025-09-15 15:50:50,902 - base_page.py:[241] - [INFO] - 调用了 find_and_click 方法, 定位方式是 ['resource-id', 'com.blink.blinkfocos:id/agree_continue']
2025-09-15 15:50:55,417 - base_page.py:[244] - [INFO] - 调用了 find 方法, 定位方式是 ['XPATH', '//*[@content-desc="Edit Avatar"]/following-sibling::android.widget.TextView[1]']
2025-09-15 15:50:56,496 - base_page.py:[244] - [INFO] - 调用了 find 方法, 定位方式是 ['XPATH', '//*[@content-desc="Edit Avatar"]/following-sibling::android.widget.TextView[1]']
2025-09-15 15:50:56,509 - handle_black.py:[28] - [INFO] - 在黑名单中查找元素('xpath', "//android.widget.ImageView[@content-desc='Close']")
2025-09-15 15:51:07,057 - handle_black.py:[39] - [INFO] - 在黑名单中元素('xpath', "//android.widget.ImageView[@content-desc='Close']")未在页面中定位到
2025-09-15 15:51:07,058 - handle_black.py:[28] - [INFO] - 在黑名单中查找元素('id', 'com.android.permissioncontroller:id/permission_allow_foreground_only_button')
2025-09-15 15:52:43,026 - base_page.py:[280] - [INFO] - 调用了 scroll_privacy_agreement 方法, 滑动了隐私协议
2025-09-15 15:52:43,704 - base_page.py:[241] - [INFO] - 调用了 find_and_click 方法, 定位方式是 ['resource-id', 'com.blink.blinkfocos:id/privacy_confirm_btn']
2025-09-15 15:52:45,569 - base_page.py:[241] - [INFO] - 调用了 find_and_click 方法, 定位方式是 ['XPATH', '//*[@text="账户"]']
2025-09-15 15:52:47,743 - base_page.py:[241] - [INFO] - 调用了 find_and_click 方法, 定位方式是 ['XPATH', '//*[@text="请登录"]']
2025-09-15 15:52:48,850 - base_page.py:[110] - [INFO] - 点击元素com.blink.blinkfocos:id/type_login成功
2025-09-15 15:52:48,851 - base_page.py:[264] - [INFO] - 调用了 find_one_element_exist_click 方法, 定位方式是 ['resource-id', 'com.blink.blinkfocos:id/type_login'],要获取的文本 密码
2025-09-15 15:52:50,439 - base_page.py:[255] - [INFO] - 调用了 find_and_send 方法, 定位方式是 ['resource-id', 'com.blink.blinkfocos:id/content'],输入的文本 15371972593
2025-09-15 15:52:51,513 - base_page.py:[255] - [INFO] - 调用了 find_and_send 方法, 定位方式是 ['resource-id', 'com.blink.blinkfocos:id/ver_code'],输入的文本 jxx321
2025-09-15 15:52:52,092 - base_page.py:[241] - [INFO] - 调用了 find_and_click 方法, 定位方式是 ['resource-id', 'com.blink.blinkfocos:id/bt_confirm']
2025-09-15 15:52:53,190 - base_page.py:[241] - [INFO] - 调用了 find_and_click 方法, 定位方式是 ['resource-id', 'com.blink.blinkfocos:id/agree_continue']
2025-09-15 15:52:57,872 - base_page.py:[244] - [INFO] - 调用了 find 方法, 定位方式是 ['XPATH', '//*[@content-desc="Edit Avatar"]/following-sibling::android.widget.TextView[1]']
2025-09-15 15:52:57,886 - handle_black.py:[28] - [INFO] - 在黑名单中查找元素('xpath', "//android.widget.ImageView[@content-desc='Close']")
2025-09-15 15:53:08,206 - handle_black.py:[39] - [INFO] - 在黑名单中元素('xpath', "//android.widget.ImageView[@content-desc='Close']")未在页面中定位到
2025-09-15 15:53:08,206 - handle_black.py:[28] - [INFO] - 在黑名单中查找元素('id', 'com.android.permissioncontroller:id/permission_allow_foreground_only_button')
2025-09-15 15:54:49,268 - base_page.py:[280] - [INFO] - 调用了 scroll_privacy_agreement 方法, 滑动了隐私协议
2025-09-15 15:54:49,335 - base_page.py:[241] - [INFO] - 调用了 find_and_click 方法, 定位方式是 ['resource-id', 'com.blink.blinkfocos:id/privacy_confirm_btn']
2025-09-15 15:54:51,811 - base_page.py:[241] - [INFO] - 调用了 find_and_click 方法, 定位方式是 ['XPATH', '//*[@text="账户"]']
2025-09-15 15:54:53,966 - base_page.py:[241] - [INFO] - 调用了 find_and_click 方法, 定位方式是 ['XPATH', '//*[@text="请登录"]']
2025-09-15 15:54:55,076 - base_page.py:[110] - [INFO] - 点击元素com.blink.blinkfocos:id/type_login成功
2025-09-15 15:54:55,077 - base_page.py:[264] - [INFO] - 调用了 find_one_element_exist_click 方法, 定位方式是 ['resource-id', 'com.blink.blinkfocos:id/type_login'],要获取的文本 密码
2025-09-15 15:54:56,655 - base_page.py:[255] - [INFO] - 调用了 find_and_send 方法, 定位方式是 ['resource-id', 'com.blink.blinkfocos:id/content'],输入的文本 15371972593
2025-09-15 15:54:58,228 - base_page.py:[255] - [INFO] - 调用了 find_and_send 方法, 定位方式是 ['resource-id', 'com.blink.blinkfocos:id/ver_code'],输入的文本 jxx321
2025-09-15 15:54:59,577 - base_page.py:[241] - [INFO] - 调用了 find_and_click 方法, 定位方式是 ['resource-id', 'com.blink.blinkfocos:id/bt_confirm']
2025-09-15 15:55:00,657 - base_page.py:[241] - [INFO] - 调用了 find_and_click 方法, 定位方式是 ['resource-id', 'com.blink.blinkfocos:id/agree_continue']
2025-09-15 15:55:05,090 - base_page.py:[244] - [INFO] - 调用了 find 方法, 定位方式是 ['XPATH', '//*[@content-desc="Edit Avatar"]/following-sibling::android.widget.TextView[1]']
2025-09-15 15:55:05,105 - handle_black.py:[28] - [INFO] - 在黑名单中查找元素('xpath', "//android.widget.ImageView[@content-desc='Close']")
2025-09-15 15:55:15,538 - handle_black.py:[39] - [INFO] - 在黑名单中元素('xpath', "//android.widget.ImageView[@content-desc='Close']")未在页面中定位到
2025-09-15 15:55:15,539 - handle_black.py:[28] - [INFO] - 在黑名单中查找元素('id', 'com.android.permissioncontroller:id/permission_allow_foreground_only_button')
2025-09-15 16:02:53,062 - base_page.py:[280] - [INFO] - 调用了 scroll_privacy_agreement 方法, 滑动了隐私协议
2025-09-15 16:02:53,124 - base_page.py:[241] - [INFO] - 调用了 find_and_click 方法, 定位方式是 ['resource-id', 'com.blink.blinkfocos:id/privacy_confirm_btn']
2025-09-15 16:02:55,572 - base_page.py:[241] - [INFO] - 调用了 find_and_click 方法, 定位方式是 ['XPATH', '//*[@text="账户"]']
2025-09-15 16:02:57,713 - base_page.py:[241] - [INFO] - 调用了 find_and_click 方法, 定位方式是 ['XPATH', '//*[@text="请登录"]']
2025-09-15 16:02:58,813 - base_page.py:[110] - [INFO] - 点击元素com.blink.blinkfocos:id/type_login成功
2025-09-15 16:02:58,813 - base_page.py:[264] - [INFO] - 调用了 find_one_element_exist_click 方法, 定位方式是 ['resource-id', 'com.blink.blinkfocos:id/type_login'],要获取的文本 密码
2025-09-15 16:03:00,976 - base_page.py:[255] - [INFO] - 调用了 find_and_send 方法, 定位方式是 ['resource-id', 'com.blink.blinkfocos:id/content'],输入的文本 15371972593
2025-09-15 16:03:02,545 - base_page.py:[255] - [INFO] - 调用了 find_and_send 方法, 定位方式是 ['resource-id', 'com.blink.blinkfocos:id/ver_code'],输入的文本 jxx321
2025-09-15 16:03:03,913 - base_page.py:[241] - [INFO] - 调用了 find_and_click 方法, 定位方式是 ['resource-id', 'com.blink.blinkfocos:id/bt_confirm']
2025-09-15 16:03:04,978 - base_page.py:[241] - [INFO] - 调用了 find_and_click 方法, 定位方式是 ['resource-id', 'com.blink.blinkfocos:id/agree_continue']
2025-09-15 16:03:09,393 - base_page.py:[244] - [INFO] - 调用了 find 方法, 定位方式是 ['XPATH', '//*[@content-desc="Edit Avatar"]/following-sibling::android.widget.TextView[1]']
2025-09-15 16:03:09,408 - handle_black.py:[28] - [INFO] - 在黑名单中查找元素('xpath', "//android.widget.ImageView[@content-desc='Close']")
2025-09-15 16:03:19,884 - handle_black.py:[39] - [INFO] - 在黑名单中元素('xpath', "//android.widget.ImageView[@content-desc='Close']")未在页面中定位到
2025-09-15 16:03:19,885 - handle_black.py:[28] - [INFO] - 在黑名单中查找元素('id', 'com.android.permissioncontroller:id/permission_allow_foreground_only_button')
2025-09-15 16:03:30,082 - handle_black.py:[39] - [INFO] - 在黑名单中元素('id', 'com.android.permissioncontroller:id/permission_allow_foreground_only_button')未在页面中定位到
2025-09-15 16:03:30,082 - handle_black.py:[28] - [INFO] - 在黑名单中查找元素('id', 'com.android.permissioncontroller:id/permission_allow_button')
2025-09-15 16:03:40,462 - handle_black.py:[39] - [INFO] - 在黑名单中元素('id', 'com.android.permissioncontroller:id/permission_allow_button')未在页面中定位到
2025-09-15 16:03:40,462 - handle_black.py:[28] - [INFO] - 在黑名单中查找元素('xpath', "//android.widget.ImageView[@content-desc='Close']")
2025-09-15 16:03:50,541 - handle_black.py:[39] - [INFO] - 在黑名单中元素('xpath', "//android.widget.ImageView[@content-desc='Close']")未在页面中定位到
2025-09-15 16:03:50,541 - handle_black.py:[28] - [INFO] - 在黑名单中查找元素('id', 'com.android.permissioncontroller:id/permission_allow_foreground_only_button')
2025-09-15 16:04:00,986 - handle_black.py:[39] - [INFO] - 在黑名单中元素('id', 'com.android.permissioncontroller:id/permission_allow_foreground_only_button')未在页面中定位到
2025-09-15 16:04:00,986 - handle_black.py:[28] - [INFO] - 在黑名单中查找元素('id', 'com.android.permissioncontroller:id/permission_allow_button')
2025-09-15 16:04:11,275 - handle_black.py:[39] - [INFO] - 在黑名单中元素('id', 'com.android.permissioncontroller:id/permission_allow_button')未在页面中定位到
2025-09-15 16:04:11,275 - test_login.py:[23] - [ERROR] - 执行登录用例失败，错误：元素定位方式未找到，你传入的是g:\android_auto\autodroid\py_yaml\my_page.yaml
2025-09-15 16:06:38,107 - base_page.py:[280] - [INFO] - 调用了 scroll_privacy_agreement 方法, 滑动了隐私协议
2025-09-15 16:06:38,176 - base_page.py:[241] - [INFO] - 调用了 find_and_click 方法, 定位方式是 ['resource-id', 'com.blink.blinkfocos:id/privacy_confirm_btn']
2025-09-15 16:06:40,643 - base_page.py:[241] - [INFO] - 调用了 find_and_click 方法, 定位方式是 ['XPATH', '//*[@text="账户"]']
2025-09-15 16:06:42,798 - base_page.py:[241] - [INFO] - 调用了 find_and_click 方法, 定位方式是 ['XPATH', '//*[@text="请登录"]']
2025-09-15 16:06:43,899 - base_page.py:[110] - [INFO] - 点击元素com.blink.blinkfocos:id/type_login成功
2025-09-15 16:06:43,900 - base_page.py:[264] - [INFO] - 调用了 find_one_element_exist_click 方法, 定位方式是 ['resource-id', 'com.blink.blinkfocos:id/type_login'],要获取的文本 密码
2025-09-15 16:06:45,502 - base_page.py:[255] - [INFO] - 调用了 find_and_send 方法, 定位方式是 ['resource-id', 'com.blink.blinkfocos:id/content'],输入的文本 15371972593
2025-09-15 16:06:47,091 - base_page.py:[255] - [INFO] - 调用了 find_and_send 方法, 定位方式是 ['resource-id', 'com.blink.blinkfocos:id/ver_code'],输入的文本 jxx321
2025-09-15 16:06:48,504 - base_page.py:[241] - [INFO] - 调用了 find_and_click 方法, 定位方式是 ['resource-id', 'com.blink.blinkfocos:id/bt_confirm']
2025-09-15 16:06:49,599 - base_page.py:[241] - [INFO] - 调用了 find_and_click 方法, 定位方式是 ['resource-id', 'com.blink.blinkfocos:id/agree_continue']
2025-09-15 16:06:53,967 - base_page.py:[244] - [INFO] - 调用了 find 方法, 定位方式是 ['XPATH', '//*[@content-desc="Edit Avatar"]/following-sibling::android.widget.TextView[1]']
2025-09-15 16:07:07,488 - handle_black.py:[28] - [INFO] - 在黑名单中查找元素('xpath', "//android.widget.ImageView[@content-desc='Close']")
2025-09-15 16:07:17,880 - handle_black.py:[39] - [INFO] - 在黑名单中元素('xpath', "//android.widget.ImageView[@content-desc='Close']")未在页面中定位到
2025-09-15 16:07:17,881 - handle_black.py:[28] - [INFO] - 在黑名单中查找元素('id', 'com.android.permissioncontroller:id/permission_allow_foreground_only_button')
2025-09-15 16:07:28,378 - handle_black.py:[39] - [INFO] - 在黑名单中元素('id', 'com.android.permissioncontroller:id/permission_allow_foreground_only_button')未在页面中定位到
2025-09-15 16:07:28,380 - handle_black.py:[28] - [INFO] - 在黑名单中查找元素('id', 'com.android.permissioncontroller:id/permission_allow_button')
2025-09-15 16:07:38,684 - handle_black.py:[39] - [INFO] - 在黑名单中元素('id', 'com.android.permissioncontroller:id/permission_allow_button')未在页面中定位到
2025-09-15 16:07:38,684 - base_page.py:[287] - [ERROR] - 元素定位交互异常，执行的操作是find,传入的参数 定位方式['XPATH', "//*[@class='android.widget.Toast']"]::下标None::文本None::等待时间None
2025-09-15 16:07:38,684 - base_page.py:[288] - [ERROR] - 报错信息是  Message: 元素定位异常
Stacktrace:
NoSuchElementError: An element could not be located on the page using the given search parameters.
    at AndroidUiautomator2Driver.findElOrEls (C:\Program Files\Appium\resources\app\node_modules\appium\node_modules\appium-android-driver\lib\commands\find.js:75:11)
    at runMicrotasks (<anonymous>)
    at processTicksAndRejections (internal/process/task_queues.js:85:5)
2025-09-15 16:07:38,685 - test_login.py:[23] - [ERROR] - 执行登录用例失败，错误：Message: 元素定位异常
Stacktrace:
NoSuchElementError: An element could not be located on the page using the given search parameters.
    at AndroidUiautomator2Driver.findElOrEls (C:\Program Files\Appium\resources\app\node_modules\appium\node_modules\appium-android-driver\lib\commands\find.js:75:11)
    at runMicrotasks (<anonymous>)
    at processTicksAndRejections (internal/process/task_queues.js:85:5)
2025-09-15 16:16:09,668 - base_page.py:[272] - [INFO] - 调用了 scroll_privacy_agreement 方法, 滑动了隐私协议
2025-09-15 16:16:09,735 - base_page.py:[233] - [INFO] - 调用了 find_and_click 方法, 定位方式是 ['resource-id', 'com.blink.blinkfocos:id/privacy_confirm_btn']
2025-09-15 16:16:12,219 - base_page.py:[233] - [INFO] - 调用了 find_and_click 方法, 定位方式是 ['XPATH', '//*[@text="账户"]']
2025-09-15 16:16:14,338 - base_page.py:[233] - [INFO] - 调用了 find_and_click 方法, 定位方式是 ['XPATH', '//*[@text="请登录"]']
2025-09-15 16:16:15,433 - base_page.py:[103] - [INFO] - 点击元素com.blink.blinkfocos:id/type_login成功
2025-09-15 16:16:15,433 - base_page.py:[256] - [INFO] - 调用了 find_one_element_exist_click 方法, 定位方式是 ['resource-id', 'com.blink.blinkfocos:id/type_login'],要获取的文本 密码
2025-09-15 16:16:17,235 - base_page.py:[247] - [INFO] - 调用了 find_and_send 方法, 定位方式是 ['resource-id', 'com.blink.blinkfocos:id/content'],输入的文本 15371972593
2025-09-15 16:16:18,816 - base_page.py:[247] - [INFO] - 调用了 find_and_send 方法, 定位方式是 ['resource-id', 'com.blink.blinkfocos:id/ver_code'],输入的文本 jxx321
2025-09-15 16:16:19,778 - base_page.py:[233] - [INFO] - 调用了 find_and_click 方法, 定位方式是 ['resource-id', 'com.blink.blinkfocos:id/bt_confirm']
2025-09-15 16:16:20,862 - base_page.py:[233] - [INFO] - 调用了 find_and_click 方法, 定位方式是 ['resource-id', 'com.blink.blinkfocos:id/agree_continue']
2025-09-15 16:16:40,512 - handle_black.py:[28] - [INFO] - 在黑名单中查找元素('xpath', "//android.widget.ImageView[@content-desc='Close']")
2025-09-15 16:16:50,672 - handle_black.py:[39] - [INFO] - 在黑名单中元素('xpath', "//android.widget.ImageView[@content-desc='Close']")未在页面中定位到
2025-09-15 16:16:50,672 - handle_black.py:[28] - [INFO] - 在黑名单中查找元素('id', 'com.android.permissioncontroller:id/permission_allow_foreground_only_button')
2025-09-15 16:17:00,994 - handle_black.py:[39] - [INFO] - 在黑名单中元素('id', 'com.android.permissioncontroller:id/permission_allow_foreground_only_button')未在页面中定位到
2025-09-15 16:17:00,994 - handle_black.py:[28] - [INFO] - 在黑名单中查找元素('id', 'com.android.permissioncontroller:id/permission_allow_button')
2025-09-15 16:17:11,170 - handle_black.py:[39] - [INFO] - 在黑名单中元素('id', 'com.android.permissioncontroller:id/permission_allow_button')未在页面中定位到
2025-09-15 16:17:11,170 - base_page.py:[279] - [ERROR] - 元素定位交互异常，执行的操作是find,传入的参数 定位方式['XPATH', "//*[@class='android.widget.Toast']"]::下标None::文本None::等待时间None
2025-09-15 16:17:11,170 - base_page.py:[280] - [ERROR] - 报错信息是  Message: 元素定位异常
Stacktrace:
NoSuchElementError: An element could not be located on the page using the given search parameters.
    at AndroidUiautomator2Driver.findElOrEls (C:\Program Files\Appium\resources\app\node_modules\appium\node_modules\appium-android-driver\lib\commands\find.js:75:11)
    at runMicrotasks (<anonymous>)
    at processTicksAndRejections (internal/process/task_queues.js:85:5)
2025-09-15 16:17:11,171 - test_login.py:[23] - [ERROR] - 执行登录用例失败，错误：Message: 元素定位异常
Stacktrace:
NoSuchElementError: An element could not be located on the page using the given search parameters.
    at AndroidUiautomator2Driver.findElOrEls (C:\Program Files\Appium\resources\app\node_modules\appium\node_modules\appium-android-driver\lib\commands\find.js:75:11)
    at runMicrotasks (<anonymous>)
    at processTicksAndRejections (internal/process/task_queues.js:85:5)
2025-09-15 16:28:59,065 - base_page.py:[272] - [INFO] - 调用了 scroll_privacy_agreement 方法, 滑动了隐私协议
2025-09-15 16:28:59,748 - base_page.py:[233] - [INFO] - 调用了 find_and_click 方法, 定位方式是 ['resource-id', 'com.blink.blinkfocos:id/privacy_confirm_btn']
2025-09-15 16:29:01,623 - base_page.py:[233] - [INFO] - 调用了 find_and_click 方法, 定位方式是 ['XPATH', '//*[@text="账户"]']
2025-09-15 16:29:03,766 - base_page.py:[233] - [INFO] - 调用了 find_and_click 方法, 定位方式是 ['XPATH', '//*[@text="请登录"]']
2025-09-15 16:29:04,861 - base_page.py:[103] - [INFO] - 点击元素com.blink.blinkfocos:id/type_login成功
2025-09-15 16:29:04,862 - base_page.py:[256] - [INFO] - 调用了 find_one_element_exist_click 方法, 定位方式是 ['resource-id', 'com.blink.blinkfocos:id/type_login'],要获取的文本 密码
2025-09-15 16:29:06,438 - base_page.py:[247] - [INFO] - 调用了 find_and_send 方法, 定位方式是 ['resource-id', 'com.blink.blinkfocos:id/content'],输入的文本 15371972593
2025-09-15 16:29:08,018 - base_page.py:[247] - [INFO] - 调用了 find_and_send 方法, 定位方式是 ['resource-id', 'com.blink.blinkfocos:id/ver_code'],输入的文本 jxx321
2025-09-15 16:29:09,373 - base_page.py:[233] - [INFO] - 调用了 find_and_click 方法, 定位方式是 ['resource-id', 'com.blink.blinkfocos:id/bt_confirm']
2025-09-15 16:29:09,451 - base_page.py:[233] - [INFO] - 调用了 find_and_click 方法, 定位方式是 ['resource-id', 'com.blink.blinkfocos:id/agree_continue']
2025-09-15 16:29:27,897 - handle_black.py:[28] - [INFO] - 在黑名单中查找元素('xpath', "//android.widget.ImageView[@content-desc='Close']")
2025-09-15 16:29:38,379 - handle_black.py:[39] - [INFO] - 在黑名单中元素('xpath', "//android.widget.ImageView[@content-desc='Close']")未在页面中定位到
2025-09-15 16:29:38,379 - handle_black.py:[28] - [INFO] - 在黑名单中查找元素('id', 'com.android.permissioncontroller:id/permission_allow_foreground_only_button')
2025-09-15 16:29:48,601 - handle_black.py:[39] - [INFO] - 在黑名单中元素('id', 'com.android.permissioncontroller:id/permission_allow_foreground_only_button')未在页面中定位到
2025-09-15 16:29:48,602 - handle_black.py:[28] - [INFO] - 在黑名单中查找元素('id', 'com.android.permissioncontroller:id/permission_allow_button')
2025-09-15 16:29:59,053 - handle_black.py:[39] - [INFO] - 在黑名单中元素('id', 'com.android.permissioncontroller:id/permission_allow_button')未在页面中定位到
2025-09-15 16:29:59,053 - base_page.py:[279] - [ERROR] - 元素定位交互异常，执行的操作是find,传入的参数 定位方式['XPATH', "//*[@class='android.widget.Toast']"]::下标None::文本None::等待时间None
2025-09-15 16:29:59,053 - base_page.py:[280] - [ERROR] - 报错信息是  Message: 元素定位异常
Stacktrace:
NoSuchElementError: An element could not be located on the page using the given search parameters.
    at AndroidUiautomator2Driver.findElOrEls (C:\Program Files\Appium\resources\app\node_modules\appium\node_modules\appium-android-driver\lib\commands\find.js:75:11)
    at runMicrotasks (<anonymous>)
    at processTicksAndRejections (internal/process/task_queues.js:85:5)
2025-09-15 16:29:59,054 - test_login.py:[24] - [ERROR] - 执行登录用例失败，错误：Message: 元素定位异常
Stacktrace:
NoSuchElementError: An element could not be located on the page using the given search parameters.
    at AndroidUiautomator2Driver.findElOrEls (C:\Program Files\Appium\resources\app\node_modules\appium\node_modules\appium-android-driver\lib\commands\find.js:75:11)
    at runMicrotasks (<anonymous>)
    at processTicksAndRejections (internal/process/task_queues.js:85:5)
2025-09-15 16:32:21,219 - base_page.py:[272] - [INFO] - 调用了 scroll_privacy_agreement 方法, 滑动了隐私协议
2025-09-15 16:32:21,289 - base_page.py:[233] - [INFO] - 调用了 find_and_click 方法, 定位方式是 ['resource-id', 'com.blink.blinkfocos:id/privacy_confirm_btn']
2025-09-15 16:32:23,759 - base_page.py:[233] - [INFO] - 调用了 find_and_click 方法, 定位方式是 ['XPATH', '//*[@text="账户"]']
2025-09-15 16:32:25,903 - base_page.py:[233] - [INFO] - 调用了 find_and_click 方法, 定位方式是 ['XPATH', '//*[@text="请登录"]']
2025-09-15 16:32:27,155 - base_page.py:[103] - [INFO] - 点击元素com.blink.blinkfocos:id/type_login成功
2025-09-15 16:32:27,155 - base_page.py:[256] - [INFO] - 调用了 find_one_element_exist_click 方法, 定位方式是 ['resource-id', 'com.blink.blinkfocos:id/type_login'],要获取的文本 密码
2025-09-15 16:32:28,748 - base_page.py:[247] - [INFO] - 调用了 find_and_send 方法, 定位方式是 ['resource-id', 'com.blink.blinkfocos:id/content'],输入的文本 15371972593
2025-09-15 16:32:30,339 - base_page.py:[247] - [INFO] - 调用了 find_and_send 方法, 定位方式是 ['resource-id', 'com.blink.blinkfocos:id/ver_code'],输入的文本 jxx321
2025-09-15 16:32:31,756 - base_page.py:[233] - [INFO] - 调用了 find_and_click 方法, 定位方式是 ['resource-id', 'com.blink.blinkfocos:id/bt_confirm']
2025-09-15 16:32:31,829 - base_page.py:[233] - [INFO] - 调用了 find_and_click 方法, 定位方式是 ['resource-id', 'com.blink.blinkfocos:id/agree_continue']
2025-09-15 16:32:36,469 - base_page.py:[236] - [INFO] - 调用了 find 方法, 定位方式是 ['XPATH', '//*[@content-desc="Edit Avatar"]/following-sibling::android.widget.TextView[1]']
2025-09-15 16:32:36,480 - test_login.py:[24] - [ERROR] - 执行登录用例失败，错误：assert 'jxx' == '登录成功'
  - 登录成功
  + jxx
2025-09-15 16:51:24,881 - base_page.py:[273] - [INFO] - 调用了 scroll_privacy_agreement 方法, 滑动了隐私协议
2025-09-15 16:51:24,948 - base_page.py:[234] - [INFO] - 调用了 find_and_click 方法, 定位方式是 ['resource-id', 'com.blink.blinkfocos:id/privacy_confirm_btn']
2025-09-15 16:51:27,431 - base_page.py:[234] - [INFO] - 调用了 find_and_click 方法, 定位方式是 ['XPATH', '//*[@text="账户"]']
2025-09-15 16:51:29,571 - base_page.py:[234] - [INFO] - 调用了 find_and_click 方法, 定位方式是 ['XPATH', '//*[@text="请登录"]']
2025-09-15 16:51:31,282 - base_page.py:[104] - [INFO] - 点击元素com.blink.blinkfocos:id/type_login成功
2025-09-15 16:51:31,283 - base_page.py:[257] - [INFO] - 调用了 find_one_element_exist_click 方法, 定位方式是 ['resource-id', 'com.blink.blinkfocos:id/type_login'],要获取的文本 密码
2025-09-15 16:51:32,853 - base_page.py:[248] - [INFO] - 调用了 find_and_send 方法, 定位方式是 ['resource-id', 'com.blink.blinkfocos:id/content'],输入的文本 15371972593
2025-09-15 16:51:34,440 - base_page.py:[248] - [INFO] - 调用了 find_and_send 方法, 定位方式是 ['resource-id', 'com.blink.blinkfocos:id/ver_code'],输入的文本 jxx321
2025-09-15 16:51:35,790 - base_page.py:[234] - [INFO] - 调用了 find_and_click 方法, 定位方式是 ['resource-id', 'com.blink.blinkfocos:id/bt_confirm']
2025-09-15 16:51:35,879 - base_page.py:[234] - [INFO] - 调用了 find_and_click 方法, 定位方式是 ['resource-id', 'com.blink.blinkfocos:id/agree_continue']
2025-09-15 16:51:54,444 - handle_black.py:[28] - [INFO] - 在黑名单中查找元素('xpath', "//android.widget.ImageView[@content-desc='Close']")
2025-09-15 16:52:04,772 - handle_black.py:[39] - [INFO] - 在黑名单中元素('xpath', "//android.widget.ImageView[@content-desc='Close']")未在页面中定位到
2025-09-15 16:52:04,773 - handle_black.py:[28] - [INFO] - 在黑名单中查找元素('id', 'com.android.permissioncontroller:id/permission_allow_foreground_only_button')
2025-09-15 16:52:15,109 - handle_black.py:[39] - [INFO] - 在黑名单中元素('id', 'com.android.permissioncontroller:id/permission_allow_foreground_only_button')未在页面中定位到
2025-09-15 16:52:15,110 - handle_black.py:[28] - [INFO] - 在黑名单中查找元素('id', 'com.android.permissioncontroller:id/permission_allow_button')
2025-09-15 16:52:25,455 - handle_black.py:[39] - [INFO] - 在黑名单中元素('id', 'com.android.permissioncontroller:id/permission_allow_button')未在页面中定位到
2025-09-15 16:52:25,455 - base_page.py:[280] - [ERROR] - 元素定位交互异常，执行的操作是find,传入的参数 定位方式['XPATH', "//*[@class='android.widget.Toast']"]::下标None::文本None::等待时间None
2025-09-15 16:52:25,455 - base_page.py:[281] - [ERROR] - 报错信息是  Message: 元素定位异常
Stacktrace:
NoSuchElementError: An element could not be located on the page using the given search parameters.
    at AndroidUiautomator2Driver.findElOrEls (C:\Program Files\Appium\resources\app\node_modules\appium\node_modules\appium-android-driver\lib\commands\find.js:75:11)
    at processTicksAndRejections (internal/process/task_queues.js:85:5)
2025-09-15 16:52:25,457 - test_login.py:[24] - [ERROR] - 执行登录用例失败，错误：Message: 元素定位异常
Stacktrace:
NoSuchElementError: An element could not be located on the page using the given search parameters.
    at AndroidUiautomator2Driver.findElOrEls (C:\Program Files\Appium\resources\app\node_modules\appium\node_modules\appium-android-driver\lib\commands\find.js:75:11)
    at processTicksAndRejections (internal/process/task_queues.js:85:5)
2025-09-15 17:00:15,814 - base_page.py:[273] - [INFO] - 调用了 scroll_privacy_agreement 方法, 滑动了隐私协议
2025-09-15 17:00:16,478 - base_page.py:[234] - [INFO] - 调用了 find_and_click 方法, 定位方式是 ['resource-id', 'com.blink.blinkfocos:id/privacy_confirm_btn']
2025-09-15 17:00:18,387 - base_page.py:[234] - [INFO] - 调用了 find_and_click 方法, 定位方式是 ['XPATH', '//*[@text="账户"]']
2025-09-15 17:00:20,514 - base_page.py:[234] - [INFO] - 调用了 find_and_click 方法, 定位方式是 ['XPATH', '//*[@text="请登录"]']
2025-09-15 17:00:21,598 - base_page.py:[104] - [INFO] - 点击元素com.blink.blinkfocos:id/type_login成功
2025-09-15 17:00:21,599 - base_page.py:[257] - [INFO] - 调用了 find_one_element_exist_click 方法, 定位方式是 ['resource-id', 'com.blink.blinkfocos:id/type_login'],要获取的文本 密码
2025-09-15 17:00:23,186 - base_page.py:[248] - [INFO] - 调用了 find_and_send 方法, 定位方式是 ['resource-id', 'com.blink.blinkfocos:id/content'],输入的文本 15371972593
2025-09-15 17:00:24,772 - base_page.py:[248] - [INFO] - 调用了 find_and_send 方法, 定位方式是 ['resource-id', 'com.blink.blinkfocos:id/ver_code'],输入的文本 jxx321
2025-09-15 17:00:26,133 - base_page.py:[234] - [INFO] - 调用了 find_and_click 方法, 定位方式是 ['resource-id', 'com.blink.blinkfocos:id/bt_confirm']
2025-09-15 17:00:26,205 - base_page.py:[234] - [INFO] - 调用了 find_and_click 方法, 定位方式是 ['resource-id', 'com.blink.blinkfocos:id/agree_continue']
2025-09-15 17:00:44,322 - handle_black.py:[28] - [INFO] - 在黑名单中查找元素('xpath', "//android.widget.ImageView[@content-desc='Close']")
2025-09-15 17:00:54,790 - handle_black.py:[39] - [INFO] - 在黑名单中元素('xpath', "//android.widget.ImageView[@content-desc='Close']")未在页面中定位到
2025-09-15 17:00:54,790 - handle_black.py:[28] - [INFO] - 在黑名单中查找元素('id', 'com.android.permissioncontroller:id/permission_allow_foreground_only_button')
2025-09-15 17:01:05,305 - handle_black.py:[39] - [INFO] - 在黑名单中元素('id', 'com.android.permissioncontroller:id/permission_allow_foreground_only_button')未在页面中定位到
2025-09-15 17:01:05,305 - handle_black.py:[28] - [INFO] - 在黑名单中查找元素('id', 'com.android.permissioncontroller:id/permission_allow_button')
2025-09-15 17:01:15,573 - handle_black.py:[39] - [INFO] - 在黑名单中元素('id', 'com.android.permissioncontroller:id/permission_allow_button')未在页面中定位到
2025-09-15 17:01:15,573 - base_page.py:[280] - [ERROR] - 元素定位交互异常，执行的操作是find,传入的参数 定位方式['XPATH', "//*[@text='登录成功']"]::下标None::文本None::等待时间None
2025-09-15 17:01:15,574 - base_page.py:[281] - [ERROR] - 报错信息是  Message: 元素定位异常
Stacktrace:
NoSuchElementError: An element could not be located on the page using the given search parameters.
    at AndroidUiautomator2Driver.findElOrEls (C:\Program Files\Appium\resources\app\node_modules\appium\node_modules\appium-android-driver\lib\commands\find.js:75:11)
    at processTicksAndRejections (internal/process/task_queues.js:85:5)
2025-09-15 17:01:15,574 - test_login.py:[24] - [ERROR] - 执行登录用例失败，错误：Message: 元素定位异常
Stacktrace:
NoSuchElementError: An element could not be located on the page using the given search parameters.
    at AndroidUiautomator2Driver.findElOrEls (C:\Program Files\Appium\resources\app\node_modules\appium\node_modules\appium-android-driver\lib\commands\find.js:75:11)
    at processTicksAndRejections (internal/process/task_queues.js:85:5)
2025-09-15 17:04:35,731 - base_page.py:[273] - [INFO] - 调用了 scroll_privacy_agreement 方法, 滑动了隐私协议
2025-09-15 17:04:36,392 - base_page.py:[234] - [INFO] - 调用了 find_and_click 方法, 定位方式是 ['resource-id', 'com.blink.blinkfocos:id/privacy_confirm_btn']
2025-09-15 17:04:38,270 - base_page.py:[234] - [INFO] - 调用了 find_and_click 方法, 定位方式是 ['XPATH', '//*[@text="账户"]']
2025-09-15 17:04:40,439 - base_page.py:[234] - [INFO] - 调用了 find_and_click 方法, 定位方式是 ['XPATH', '//*[@text="请登录"]']
2025-09-15 17:04:41,543 - base_page.py:[104] - [INFO] - 点击元素com.blink.blinkfocos:id/type_login成功
2025-09-15 17:04:41,544 - base_page.py:[257] - [INFO] - 调用了 find_one_element_exist_click 方法, 定位方式是 ['resource-id', 'com.blink.blinkfocos:id/type_login'],要获取的文本 密码
2025-09-15 17:04:42,628 - base_page.py:[248] - [INFO] - 调用了 find_and_send 方法, 定位方式是 ['resource-id', 'com.blink.blinkfocos:id/content'],输入的文本 15371972593
2025-09-15 17:04:44,205 - base_page.py:[248] - [INFO] - 调用了 find_and_send 方法, 定位方式是 ['resource-id', 'com.blink.blinkfocos:id/ver_code'],输入的文本 jxx321
2025-09-15 17:04:44,761 - base_page.py:[234] - [INFO] - 调用了 find_and_click 方法, 定位方式是 ['resource-id', 'com.blink.blinkfocos:id/bt_confirm']
2025-09-15 17:04:45,566 - base_page.py:[234] - [INFO] - 调用了 find_and_click 方法, 定位方式是 ['resource-id', 'com.blink.blinkfocos:id/agree_continue']
2025-09-15 17:05:03,693 - base_page.py:[280] - [ERROR] - 元素定位交互异常，执行的操作是find,传入的参数 定位方式['XPATH', "//*[@text='登录成功']"]::下标None::文本None::等待时间None
2025-09-15 17:05:03,693 - base_page.py:[281] - [ERROR] - 报错信息是  Message: 元素定位异常
Stacktrace:
NoSuchElementError: An element could not be located on the page using the given search parameters.
    at AndroidUiautomator2Driver.findElOrEls (C:\Program Files\Appium\resources\app\node_modules\appium\node_modules\appium-android-driver\lib\commands\find.js:75:11)
    at runMicrotasks (<anonymous>)
    at processTicksAndRejections (internal/process/task_queues.js:85:5)
2025-09-15 17:05:03,693 - test_login.py:[24] - [ERROR] - 执行登录用例失败，错误：Message: 元素定位异常
Stacktrace:
NoSuchElementError: An element could not be located on the page using the given search parameters.
    at AndroidUiautomator2Driver.findElOrEls (C:\Program Files\Appium\resources\app\node_modules\appium\node_modules\appium-android-driver\lib\commands\find.js:75:11)
    at runMicrotasks (<anonymous>)
    at processTicksAndRejections (internal/process/task_queues.js:85:5)
2025-09-15 17:07:37,135 - base_page.py:[273] - [INFO] - 调用了 scroll_privacy_agreement 方法, 滑动了隐私协议
2025-09-15 17:07:37,808 - base_page.py:[234] - [INFO] - 调用了 find_and_click 方法, 定位方式是 ['resource-id', 'com.blink.blinkfocos:id/privacy_confirm_btn']
2025-09-15 17:07:39,669 - base_page.py:[234] - [INFO] - 调用了 find_and_click 方法, 定位方式是 ['XPATH', '//*[@text="账户"]']
2025-09-15 17:07:41,830 - base_page.py:[234] - [INFO] - 调用了 find_and_click 方法, 定位方式是 ['XPATH', '//*[@text="请登录"]']
2025-09-15 17:07:42,934 - base_page.py:[104] - [INFO] - 点击元素com.blink.blinkfocos:id/type_login成功
2025-09-15 17:07:42,935 - base_page.py:[257] - [INFO] - 调用了 find_one_element_exist_click 方法, 定位方式是 ['resource-id', 'com.blink.blinkfocos:id/type_login'],要获取的文本 密码
2025-09-15 17:07:44,028 - base_page.py:[248] - [INFO] - 调用了 find_and_send 方法, 定位方式是 ['resource-id', 'com.blink.blinkfocos:id/content'],输入的文本 15371972593
2025-09-15 17:07:45,105 - base_page.py:[248] - [INFO] - 调用了 find_and_send 方法, 定位方式是 ['resource-id', 'com.blink.blinkfocos:id/ver_code'],输入的文本 jxx321
2025-09-15 17:07:45,665 - base_page.py:[234] - [INFO] - 调用了 find_and_click 方法, 定位方式是 ['resource-id', 'com.blink.blinkfocos:id/bt_confirm']
2025-09-15 17:07:46,464 - base_page.py:[234] - [INFO] - 调用了 find_and_click 方法, 定位方式是 ['resource-id', 'com.blink.blinkfocos:id/agree_continue']
2025-09-15 17:08:04,297 - base_page.py:[280] - [ERROR] - 元素定位交互异常，执行的操作是find,传入的参数 定位方式['XPATH', "//*[@text='登录成功']"]::下标None::文本None::等待时间None
2025-09-15 17:08:04,297 - base_page.py:[281] - [ERROR] - 报错信息是  Message: 元素定位异常
Stacktrace:
NoSuchElementError: An element could not be located on the page using the given search parameters.
    at AndroidUiautomator2Driver.findElOrEls (C:\Program Files\Appium\resources\app\node_modules\appium\node_modules\appium-android-driver\lib\commands\find.js:75:11)
    at runMicrotasks (<anonymous>)
    at processTicksAndRejections (internal/process/task_queues.js:85:5)
2025-09-15 17:08:04,297 - test_login.py:[23] - [ERROR] - 执行登录用例失败，错误：Message: 元素定位异常
Stacktrace:
NoSuchElementError: An element could not be located on the page using the given search parameters.
    at AndroidUiautomator2Driver.findElOrEls (C:\Program Files\Appium\resources\app\node_modules\appium\node_modules\appium-android-driver\lib\commands\find.js:75:11)
    at runMicrotasks (<anonymous>)
    at processTicksAndRejections (internal/process/task_queues.js:85:5)
2025-09-15 17:09:40,249 - base_page.py:[273] - [INFO] - 调用了 scroll_privacy_agreement 方法, 滑动了隐私协议
2025-09-15 17:09:40,954 - base_page.py:[234] - [INFO] - 调用了 find_and_click 方法, 定位方式是 ['resource-id', 'com.blink.blinkfocos:id/privacy_confirm_btn']
2025-09-15 17:09:42,819 - base_page.py:[234] - [INFO] - 调用了 find_and_click 方法, 定位方式是 ['XPATH', '//*[@text="账户"]']
2025-09-15 17:09:44,956 - base_page.py:[234] - [INFO] - 调用了 find_and_click 方法, 定位方式是 ['XPATH', '//*[@text="请登录"]']
2025-09-15 17:09:46,040 - base_page.py:[104] - [INFO] - 点击元素com.blink.blinkfocos:id/type_login成功
2025-09-15 17:09:46,041 - base_page.py:[257] - [INFO] - 调用了 find_one_element_exist_click 方法, 定位方式是 ['resource-id', 'com.blink.blinkfocos:id/type_login'],要获取的文本 密码
2025-09-15 17:09:47,619 - base_page.py:[248] - [INFO] - 调用了 find_and_send 方法, 定位方式是 ['resource-id', 'com.blink.blinkfocos:id/content'],输入的文本 15371972593
2025-09-15 17:09:49,186 - base_page.py:[248] - [INFO] - 调用了 find_and_send 方法, 定位方式是 ['resource-id', 'com.blink.blinkfocos:id/ver_code'],输入的文本 jxx321
2025-09-15 17:09:50,580 - base_page.py:[234] - [INFO] - 调用了 find_and_click 方法, 定位方式是 ['resource-id', 'com.blink.blinkfocos:id/bt_confirm']
2025-09-15 17:09:50,656 - base_page.py:[234] - [INFO] - 调用了 find_and_click 方法, 定位方式是 ['resource-id', 'com.blink.blinkfocos:id/agree_continue']
2025-09-15 17:10:09,218 - base_page.py:[280] - [ERROR] - 元素定位交互异常，执行的操作是find,传入的参数 定位方式['XPATH', "//*[@text='登录成功']"]::下标None::文本None::等待时间1
2025-09-15 17:10:09,218 - base_page.py:[281] - [ERROR] - 报错信息是  Message: 元素定位异常
Stacktrace:
NoSuchElementError: An element could not be located on the page using the given search parameters.
    at AndroidUiautomator2Driver.findElOrEls (C:\Program Files\Appium\resources\app\node_modules\appium\node_modules\appium-android-driver\lib\commands\find.js:75:11)
    at runMicrotasks (<anonymous>)
    at processTicksAndRejections (internal/process/task_queues.js:85:5)
2025-09-15 17:10:09,218 - test_login.py:[23] - [ERROR] - 执行登录用例失败，错误：Message: 元素定位异常
Stacktrace:
NoSuchElementError: An element could not be located on the page using the given search parameters.
    at AndroidUiautomator2Driver.findElOrEls (C:\Program Files\Appium\resources\app\node_modules\appium\node_modules\appium-android-driver\lib\commands\find.js:75:11)
    at runMicrotasks (<anonymous>)
    at processTicksAndRejections (internal/process/task_queues.js:85:5)
2025-09-15 17:11:00,288 - base_page.py:[273] - [INFO] - 调用了 scroll_privacy_agreement 方法, 滑动了隐私协议
2025-09-15 17:11:00,365 - base_page.py:[234] - [INFO] - 调用了 find_and_click 方法, 定位方式是 ['resource-id', 'com.blink.blinkfocos:id/privacy_confirm_btn']
2025-09-15 17:11:02,872 - base_page.py:[234] - [INFO] - 调用了 find_and_click 方法, 定位方式是 ['XPATH', '//*[@text="账户"]']
2025-09-15 17:11:05,017 - base_page.py:[234] - [INFO] - 调用了 find_and_click 方法, 定位方式是 ['XPATH', '//*[@text="请登录"]']
2025-09-15 17:11:06,112 - base_page.py:[104] - [INFO] - 点击元素com.blink.blinkfocos:id/type_login成功
2025-09-15 17:11:06,113 - base_page.py:[257] - [INFO] - 调用了 find_one_element_exist_click 方法, 定位方式是 ['resource-id', 'com.blink.blinkfocos:id/type_login'],要获取的文本 密码
2025-09-15 17:11:07,693 - base_page.py:[248] - [INFO] - 调用了 find_and_send 方法, 定位方式是 ['resource-id', 'com.blink.blinkfocos:id/content'],输入的文本 15371972593
2025-09-15 17:11:09,277 - base_page.py:[248] - [INFO] - 调用了 find_and_send 方法, 定位方式是 ['resource-id', 'com.blink.blinkfocos:id/ver_code'],输入的文本 jxx321
2025-09-15 17:11:10,643 - base_page.py:[234] - [INFO] - 调用了 find_and_click 方法, 定位方式是 ['resource-id', 'com.blink.blinkfocos:id/bt_confirm']
2025-09-15 17:11:10,717 - base_page.py:[234] - [INFO] - 调用了 find_and_click 方法, 定位方式是 ['resource-id', 'com.blink.blinkfocos:id/agree_continue']
2025-09-15 17:11:28,953 - base_page.py:[280] - [ERROR] - 元素定位交互异常，执行的操作是find,传入的参数 定位方式['XPATH', "//*[@text='登录成功']"]::下标None::文本None::等待时间1
2025-09-15 17:11:28,953 - base_page.py:[281] - [ERROR] - 报错信息是  Message: 元素定位异常
Stacktrace:
NoSuchElementError: An element could not be located on the page using the given search parameters.
    at AndroidUiautomator2Driver.findElOrEls (C:\Program Files\Appium\resources\app\node_modules\appium\node_modules\appium-android-driver\lib\commands\find.js:75:11)
    at runMicrotasks (<anonymous>)
    at processTicksAndRejections (internal/process/task_queues.js:85:5)
2025-09-15 17:11:28,953 - test_login.py:[23] - [ERROR] - 执行登录用例失败，错误：Message: 元素定位异常
Stacktrace:
NoSuchElementError: An element could not be located on the page using the given search parameters.
    at AndroidUiautomator2Driver.findElOrEls (C:\Program Files\Appium\resources\app\node_modules\appium\node_modules\appium-android-driver\lib\commands\find.js:75:11)
    at runMicrotasks (<anonymous>)
    at processTicksAndRejections (internal/process/task_queues.js:85:5)
2025-09-15 17:11:57,409 - base_page.py:[273] - [INFO] - 调用了 scroll_privacy_agreement 方法, 滑动了隐私协议
2025-09-15 17:11:57,484 - base_page.py:[234] - [INFO] - 调用了 find_and_click 方法, 定位方式是 ['resource-id', 'com.blink.blinkfocos:id/privacy_confirm_btn']
2025-09-15 17:12:00,477 - base_page.py:[234] - [INFO] - 调用了 find_and_click 方法, 定位方式是 ['XPATH', '//*[@text="账户"]']
2025-09-15 17:12:02,632 - base_page.py:[234] - [INFO] - 调用了 find_and_click 方法, 定位方式是 ['XPATH', '//*[@text="请登录"]']
2025-09-15 17:12:03,726 - base_page.py:[104] - [INFO] - 点击元素com.blink.blinkfocos:id/type_login成功
2025-09-15 17:12:03,726 - base_page.py:[257] - [INFO] - 调用了 find_one_element_exist_click 方法, 定位方式是 ['resource-id', 'com.blink.blinkfocos:id/type_login'],要获取的文本 密码
2025-09-15 17:12:04,794 - base_page.py:[248] - [INFO] - 调用了 find_and_send 方法, 定位方式是 ['resource-id', 'com.blink.blinkfocos:id/content'],输入的文本 15371972593
2025-09-15 17:12:06,371 - base_page.py:[248] - [INFO] - 调用了 find_and_send 方法, 定位方式是 ['resource-id', 'com.blink.blinkfocos:id/ver_code'],输入的文本 jxx321
2025-09-15 17:12:06,931 - base_page.py:[234] - [INFO] - 调用了 find_and_click 方法, 定位方式是 ['resource-id', 'com.blink.blinkfocos:id/bt_confirm']
2025-09-15 17:12:07,716 - base_page.py:[234] - [INFO] - 调用了 find_and_click 方法, 定位方式是 ['resource-id', 'com.blink.blinkfocos:id/agree_continue']
2025-09-15 17:12:23,597 - base_page.py:[280] - [ERROR] - 元素定位交互异常，执行的操作是find,传入的参数 定位方式['XPATH', "//*[@text='登录成功']"]::下标None::文本None::等待时间1
2025-09-15 17:12:23,597 - base_page.py:[281] - [ERROR] - 报错信息是  Message: 元素定位异常
Stacktrace:
NoSuchElementError: An element could not be located on the page using the given search parameters.
    at AndroidUiautomator2Driver.findElOrEls (C:\Program Files\Appium\resources\app\node_modules\appium\node_modules\appium-android-driver\lib\commands\find.js:75:11)
    at runMicrotasks (<anonymous>)
    at processTicksAndRejections (internal/process/task_queues.js:85:5)
2025-09-15 17:12:23,597 - test_login.py:[23] - [ERROR] - 执行登录用例失败，错误：Message: 元素定位异常
Stacktrace:
NoSuchElementError: An element could not be located on the page using the given search parameters.
    at AndroidUiautomator2Driver.findElOrEls (C:\Program Files\Appium\resources\app\node_modules\appium\node_modules\appium-android-driver\lib\commands\find.js:75:11)
    at runMicrotasks (<anonymous>)
    at processTicksAndRejections (internal/process/task_queues.js:85:5)
2025-09-15 17:16:47,949 - base_page.py:[273] - [INFO] - 调用了 scroll_privacy_agreement 方法, 滑动了隐私协议
2025-09-15 17:16:48,630 - base_page.py:[234] - [INFO] - 调用了 find_and_click 方法, 定位方式是 ['resource-id', 'com.blink.blinkfocos:id/privacy_confirm_btn']
2025-09-15 17:16:50,501 - base_page.py:[234] - [INFO] - 调用了 find_and_click 方法, 定位方式是 ['XPATH', '//*[@text="账户"]']
2025-09-15 17:16:52,655 - base_page.py:[234] - [INFO] - 调用了 find_and_click 方法, 定位方式是 ['XPATH', '//*[@text="请登录"]']
2025-09-15 17:16:53,767 - base_page.py:[104] - [INFO] - 点击元素com.blink.blinkfocos:id/type_login成功
2025-09-15 17:16:53,767 - base_page.py:[257] - [INFO] - 调用了 find_one_element_exist_click 方法, 定位方式是 ['resource-id', 'com.blink.blinkfocos:id/type_login'],要获取的文本 密码
2025-09-15 17:16:54,850 - base_page.py:[248] - [INFO] - 调用了 find_and_send 方法, 定位方式是 ['resource-id', 'com.blink.blinkfocos:id/content'],输入的文本 15371972593
2025-09-15 17:16:56,416 - base_page.py:[248] - [INFO] - 调用了 find_and_send 方法, 定位方式是 ['resource-id', 'com.blink.blinkfocos:id/ver_code'],输入的文本 jxx321
2025-09-15 17:16:56,982 - base_page.py:[234] - [INFO] - 调用了 find_and_click 方法, 定位方式是 ['resource-id', 'com.blink.blinkfocos:id/bt_confirm']
2025-09-15 17:16:57,783 - base_page.py:[234] - [INFO] - 调用了 find_and_click 方法, 定位方式是 ['resource-id', 'com.blink.blinkfocos:id/agree_continue']
2025-09-15 17:17:16,263 - base_page.py:[280] - [ERROR] - 元素定位交互异常，执行的操作是find,传入的参数 定位方式['XPATH', "//*[@class='android.widget.Toast']"]::下标None::文本None::等待时间1
2025-09-15 17:17:16,263 - base_page.py:[281] - [ERROR] - 报错信息是  Message: 元素定位异常
Stacktrace:
NoSuchElementError: An element could not be located on the page using the given search parameters.
    at AndroidUiautomator2Driver.findElOrEls (C:\Program Files\Appium\resources\app\node_modules\appium\node_modules\appium-android-driver\lib\commands\find.js:75:11)
    at runMicrotasks (<anonymous>)
    at processTicksAndRejections (internal/process/task_queues.js:85:5)
2025-09-15 17:17:16,264 - test_login.py:[23] - [ERROR] - 执行登录用例失败，错误：Message: 元素定位异常
Stacktrace:
NoSuchElementError: An element could not be located on the page using the given search parameters.
    at AndroidUiautomator2Driver.findElOrEls (C:\Program Files\Appium\resources\app\node_modules\appium\node_modules\appium-android-driver\lib\commands\find.js:75:11)
    at runMicrotasks (<anonymous>)
    at processTicksAndRejections (internal/process/task_queues.js:85:5)
2025-09-15 17:25:34,481 - base_page.py:[273] - [INFO] - 调用了 scroll_privacy_agreement 方法, 滑动了隐私协议
2025-09-15 17:25:34,555 - base_page.py:[234] - [INFO] - 调用了 find_and_click 方法, 定位方式是 ['resource-id', 'com.blink.blinkfocos:id/privacy_confirm_btn']
2025-09-15 17:25:37,038 - base_page.py:[234] - [INFO] - 调用了 find_and_click 方法, 定位方式是 ['XPATH', '//*[@text="账户"]']
2025-09-15 17:25:39,182 - base_page.py:[234] - [INFO] - 调用了 find_and_click 方法, 定位方式是 ['XPATH', '//*[@text="请登录"]']
2025-09-15 17:25:40,296 - base_page.py:[104] - [INFO] - 点击元素com.blink.blinkfocos:id/type_login成功
2025-09-15 17:25:40,297 - base_page.py:[257] - [INFO] - 调用了 find_one_element_exist_click 方法, 定位方式是 ['resource-id', 'com.blink.blinkfocos:id/type_login'],要获取的文本 密码
2025-09-15 17:25:41,883 - base_page.py:[248] - [INFO] - 调用了 find_and_send 方法, 定位方式是 ['resource-id', 'com.blink.blinkfocos:id/content'],输入的文本 15371972593
2025-09-15 17:25:42,952 - base_page.py:[248] - [INFO] - 调用了 find_and_send 方法, 定位方式是 ['resource-id', 'com.blink.blinkfocos:id/ver_code'],输入的文本 jxx321
2025-09-15 17:25:43,520 - base_page.py:[234] - [INFO] - 调用了 find_and_click 方法, 定位方式是 ['resource-id', 'com.blink.blinkfocos:id/bt_confirm']
2025-09-15 17:25:44,325 - base_page.py:[234] - [INFO] - 调用了 find_and_click 方法, 定位方式是 ['resource-id', 'com.blink.blinkfocos:id/agree_continue']
2025-09-15 17:25:56,178 - base_page.py:[280] - [ERROR] - 元素定位交互异常，执行的操作是find,传入的参数 定位方式['XPATH', "//*[contains(@text, '用户名或密码错误')]"]::下标None::文本None::等待时间1
2025-09-15 17:25:56,178 - base_page.py:[281] - [ERROR] - 报错信息是  Message: 元素定位异常
Stacktrace:
NoSuchElementError: An element could not be located on the page using the given search parameters.
    at AndroidUiautomator2Driver.findElOrEls (C:\Program Files\Appium\resources\app\node_modules\appium\node_modules\appium-android-driver\lib\commands\find.js:75:11)
    at processTicksAndRejections (internal/process/task_queues.js:85:5)
2025-09-15 17:25:56,178 - test_login.py:[23] - [ERROR] - 执行登录用例失败，错误：Message: 元素定位异常
Stacktrace:
NoSuchElementError: An element could not be located on the page using the given search parameters.
    at AndroidUiautomator2Driver.findElOrEls (C:\Program Files\Appium\resources\app\node_modules\appium\node_modules\appium-android-driver\lib\commands\find.js:75:11)
    at processTicksAndRejections (internal/process/task_queues.js:85:5)
2025-09-15 17:26:50,991 - base_page.py:[273] - [INFO] - 调用了 scroll_privacy_agreement 方法, 滑动了隐私协议
2025-09-15 17:26:51,056 - base_page.py:[234] - [INFO] - 调用了 find_and_click 方法, 定位方式是 ['resource-id', 'com.blink.blinkfocos:id/privacy_confirm_btn']
2025-09-15 17:26:53,542 - base_page.py:[234] - [INFO] - 调用了 find_and_click 方法, 定位方式是 ['XPATH', '//*[@text="账户"]']
2025-09-15 17:26:55,703 - base_page.py:[234] - [INFO] - 调用了 find_and_click 方法, 定位方式是 ['XPATH', '//*[@text="请登录"]']
2025-09-15 17:26:56,804 - base_page.py:[104] - [INFO] - 点击元素com.blink.blinkfocos:id/type_login成功
2025-09-15 17:26:56,804 - base_page.py:[257] - [INFO] - 调用了 find_one_element_exist_click 方法, 定位方式是 ['resource-id', 'com.blink.blinkfocos:id/type_login'],要获取的文本 密码
2025-09-15 17:26:58,385 - base_page.py:[248] - [INFO] - 调用了 find_and_send 方法, 定位方式是 ['resource-id', 'com.blink.blinkfocos:id/content'],输入的文本 15371972593
2025-09-15 17:27:00,435 - base_page.py:[248] - [INFO] - 调用了 find_and_send 方法, 定位方式是 ['resource-id', 'com.blink.blinkfocos:id/ver_code'],输入的文本 jxx321
2025-09-15 17:27:00,996 - base_page.py:[234] - [INFO] - 调用了 find_and_click 方法, 定位方式是 ['resource-id', 'com.blink.blinkfocos:id/bt_confirm']
2025-09-15 17:27:01,804 - base_page.py:[234] - [INFO] - 调用了 find_and_click 方法, 定位方式是 ['resource-id', 'com.blink.blinkfocos:id/agree_continue']
2025-09-15 17:27:20,546 - base_page.py:[280] - [ERROR] - 元素定位交互异常，执行的操作是find,传入的参数 定位方式['XPATH', "//*[contains(@text, '登录成功')]"]::下标None::文本None::等待时间1
2025-09-15 17:27:20,546 - base_page.py:[281] - [ERROR] - 报错信息是  Message: 元素定位异常
Stacktrace:
NoSuchElementError: An element could not be located on the page using the given search parameters.
    at AndroidUiautomator2Driver.findElOrEls (C:\Program Files\Appium\resources\app\node_modules\appium\node_modules\appium-android-driver\lib\commands\find.js:75:11)
    at runMicrotasks (<anonymous>)
    at processTicksAndRejections (internal/process/task_queues.js:85:5)
2025-09-15 17:27:20,546 - test_login.py:[23] - [ERROR] - 执行登录用例失败，错误：Message: 元素定位异常
Stacktrace:
NoSuchElementError: An element could not be located on the page using the given search parameters.
    at AndroidUiautomator2Driver.findElOrEls (C:\Program Files\Appium\resources\app\node_modules\appium\node_modules\appium-android-driver\lib\commands\find.js:75:11)
    at runMicrotasks (<anonymous>)
    at processTicksAndRejections (internal/process/task_queues.js:85:5)
2025-09-15 17:34:47,586 - base_page.py:[276] - [INFO] - 调用了 scroll_privacy_agreement 方法, 滑动了隐私协议
2025-09-15 17:34:47,650 - base_page.py:[236] - [INFO] - 调用了 find_and_click 方法, 定位方式是 ['resource-id', 'com.blink.blinkfocos:id/privacy_confirm_btn']
2025-09-15 17:34:50,134 - base_page.py:[236] - [INFO] - 调用了 find_and_click 方法, 定位方式是 ['XPATH', '//*[@text="账户"]']
2025-09-15 17:34:52,290 - base_page.py:[236] - [INFO] - 调用了 find_and_click 方法, 定位方式是 ['XPATH', '//*[@text="请登录"]']
2025-09-15 17:34:53,375 - base_page.py:[106] - [INFO] - 点击元素com.blink.blinkfocos:id/type_login成功
2025-09-15 17:34:53,375 - base_page.py:[260] - [INFO] - 调用了 find_one_element_exist_click 方法, 定位方式是 ['resource-id', 'com.blink.blinkfocos:id/type_login'],要获取的文本 密码
2025-09-15 17:34:54,962 - base_page.py:[251] - [INFO] - 调用了 find_and_send 方法, 定位方式是 ['resource-id', 'com.blink.blinkfocos:id/content'],输入的文本 15371972593
2025-09-15 17:34:56,542 - base_page.py:[251] - [INFO] - 调用了 find_and_send 方法, 定位方式是 ['resource-id', 'com.blink.blinkfocos:id/ver_code'],输入的文本 jxx321
2025-09-15 17:34:57,892 - base_page.py:[236] - [INFO] - 调用了 find_and_click 方法, 定位方式是 ['resource-id', 'com.blink.blinkfocos:id/bt_confirm']
2025-09-15 17:34:57,955 - base_page.py:[236] - [INFO] - 调用了 find_and_click 方法, 定位方式是 ['resource-id', 'com.blink.blinkfocos:id/agree_continue']
2025-09-15 17:35:09,681 - base_page.py:[283] - [ERROR] - 元素定位交互异常，执行的操作是find,传入的参数 定位方式['uam', 'new UiSelector().text("登录成功")']::下标None::文本None::等待时间1
2025-09-15 17:35:09,681 - base_page.py:[284] - [ERROR] - 报错信息是  Message: 元素定位异常
Stacktrace:
NoSuchElementError: An element could not be located on the page using the given search parameters.
    at AndroidUiautomator2Driver.findElOrEls (C:\Program Files\Appium\resources\app\node_modules\appium\node_modules\appium-android-driver\lib\commands\find.js:75:11)
    at runMicrotasks (<anonymous>)
    at processTicksAndRejections (internal/process/task_queues.js:85:5)
2025-09-15 17:35:09,682 - test_login.py:[23] - [ERROR] - 执行登录用例失败，错误：Message: 元素定位异常
Stacktrace:
NoSuchElementError: An element could not be located on the page using the given search parameters.
    at AndroidUiautomator2Driver.findElOrEls (C:\Program Files\Appium\resources\app\node_modules\appium\node_modules\appium-android-driver\lib\commands\find.js:75:11)
    at runMicrotasks (<anonymous>)
    at processTicksAndRejections (internal/process/task_queues.js:85:5)
2025-09-15 17:37:57,212 - base_page.py:[276] - [INFO] - 调用了 scroll_privacy_agreement 方法, 滑动了隐私协议
2025-09-15 17:37:57,271 - base_page.py:[236] - [INFO] - 调用了 find_and_click 方法, 定位方式是 ['resource-id', 'com.blink.blinkfocos:id/privacy_confirm_btn']
2025-09-15 17:37:59,774 - base_page.py:[236] - [INFO] - 调用了 find_and_click 方法, 定位方式是 ['XPATH', '//*[@text="账户"]']
2025-09-15 17:38:01,928 - base_page.py:[236] - [INFO] - 调用了 find_and_click 方法, 定位方式是 ['XPATH', '//*[@text="请登录"]']
2025-09-15 17:38:03,004 - base_page.py:[106] - [INFO] - 点击元素com.blink.blinkfocos:id/type_login成功
2025-09-15 17:38:03,005 - base_page.py:[260] - [INFO] - 调用了 find_one_element_exist_click 方法, 定位方式是 ['resource-id', 'com.blink.blinkfocos:id/type_login'],要获取的文本 密码
2025-09-15 17:38:04,592 - base_page.py:[251] - [INFO] - 调用了 find_and_send 方法, 定位方式是 ['resource-id', 'com.blink.blinkfocos:id/content'],输入的文本 15371972593
2025-09-15 17:38:06,166 - base_page.py:[251] - [INFO] - 调用了 find_and_send 方法, 定位方式是 ['resource-id', 'com.blink.blinkfocos:id/ver_code'],输入的文本 jxx321
2025-09-15 17:38:07,505 - base_page.py:[236] - [INFO] - 调用了 find_and_click 方法, 定位方式是 ['resource-id', 'com.blink.blinkfocos:id/bt_confirm']
2025-09-15 17:38:07,577 - base_page.py:[236] - [INFO] - 调用了 find_and_click 方法, 定位方式是 ['resource-id', 'com.blink.blinkfocos:id/agree_continue']
2025-09-15 17:38:19,397 - base_page.py:[283] - [ERROR] - 元素定位交互异常，执行的操作是find,传入的参数 定位方式['uam', 'new UiSelector().text("登录成功")']::下标None::文本None::等待时间1
2025-09-15 17:38:19,397 - base_page.py:[284] - [ERROR] - 报错信息是  Message: 元素定位异常
Stacktrace:
NoSuchElementError: An element could not be located on the page using the given search parameters.
    at AndroidUiautomator2Driver.findElOrEls (C:\Program Files\Appium\resources\app\node_modules\appium\node_modules\appium-android-driver\lib\commands\find.js:75:11)
    at runMicrotasks (<anonymous>)
    at processTicksAndRejections (internal/process/task_queues.js:85:5)
2025-09-15 17:38:19,398 - test_login.py:[23] - [ERROR] - 执行登录用例失败，错误：Message: 元素定位异常
Stacktrace:
NoSuchElementError: An element could not be located on the page using the given search parameters.
    at AndroidUiautomator2Driver.findElOrEls (C:\Program Files\Appium\resources\app\node_modules\appium\node_modules\appium-android-driver\lib\commands\find.js:75:11)
    at runMicrotasks (<anonymous>)
    at processTicksAndRejections (internal/process/task_queues.js:85:5)
2025-09-15 17:41:56,687 - base_page.py:[277] - [INFO] - 调用了 scroll_privacy_agreement 方法, 滑动了隐私协议
2025-09-15 17:41:56,759 - base_page.py:[237] - [INFO] - 调用了 find_and_click 方法, 定位方式是 ['resource-id', 'com.blink.blinkfocos:id/privacy_confirm_btn']
2025-09-15 17:41:59,224 - base_page.py:[237] - [INFO] - 调用了 find_and_click 方法, 定位方式是 ['XPATH', '//*[@text="账户"]']
2025-09-15 17:42:01,560 - base_page.py:[237] - [INFO] - 调用了 find_and_click 方法, 定位方式是 ['XPATH', '//*[@text="请登录"]']
2025-09-15 17:42:02,657 - base_page.py:[107] - [INFO] - 点击元素com.blink.blinkfocos:id/type_login成功
2025-09-15 17:42:02,658 - base_page.py:[261] - [INFO] - 调用了 find_one_element_exist_click 方法, 定位方式是 ['resource-id', 'com.blink.blinkfocos:id/type_login'],要获取的文本 密码
2025-09-15 17:42:03,737 - base_page.py:[252] - [INFO] - 调用了 find_and_send 方法, 定位方式是 ['resource-id', 'com.blink.blinkfocos:id/content'],输入的文本 15371972593
2025-09-15 17:42:05,322 - base_page.py:[252] - [INFO] - 调用了 find_and_send 方法, 定位方式是 ['resource-id', 'com.blink.blinkfocos:id/ver_code'],输入的文本 jxx321
2025-09-15 17:42:05,879 - base_page.py:[237] - [INFO] - 调用了 find_and_click 方法, 定位方式是 ['resource-id', 'com.blink.blinkfocos:id/bt_confirm']
2025-09-15 17:42:06,696 - base_page.py:[237] - [INFO] - 调用了 find_and_click 方法, 定位方式是 ['resource-id', 'com.blink.blinkfocos:id/agree_continue']
2025-09-15 17:42:18,455 - base_page.py:[284] - [ERROR] - 元素定位交互异常，执行的操作是find,传入的参数 定位方式['uam', 'new UiSelector().text("登录成功")']::下标None::文本None::等待时间1
2025-09-15 17:42:18,455 - base_page.py:[285] - [ERROR] - 报错信息是  Message: 元素定位异常
Stacktrace:
NoSuchElementError: An element could not be located on the page using the given search parameters.
    at AndroidUiautomator2Driver.findElOrEls (C:\Program Files\Appium\resources\app\node_modules\appium\node_modules\appium-android-driver\lib\commands\find.js:75:11)
    at runMicrotasks (<anonymous>)
    at processTicksAndRejections (internal/process/task_queues.js:85:5)
2025-09-15 17:42:18,456 - test_login.py:[23] - [ERROR] - 执行登录用例失败，错误：Message: 元素定位异常
Stacktrace:
NoSuchElementError: An element could not be located on the page using the given search parameters.
    at AndroidUiautomator2Driver.findElOrEls (C:\Program Files\Appium\resources\app\node_modules\appium\node_modules\appium-android-driver\lib\commands\find.js:75:11)
    at runMicrotasks (<anonymous>)
    at processTicksAndRejections (internal/process/task_queues.js:85:5)
2025-09-15 17:44:01,340 - base_page.py:[277] - [INFO] - 调用了 scroll_privacy_agreement 方法, 滑动了隐私协议
2025-09-15 17:44:01,414 - base_page.py:[237] - [INFO] - 调用了 find_and_click 方法, 定位方式是 ['resource-id', 'com.blink.blinkfocos:id/privacy_confirm_btn']
2025-09-15 17:44:03,889 - base_page.py:[237] - [INFO] - 调用了 find_and_click 方法, 定位方式是 ['XPATH', '//*[@text="账户"]']
2025-09-15 17:44:06,033 - base_page.py:[237] - [INFO] - 调用了 find_and_click 方法, 定位方式是 ['XPATH', '//*[@text="请登录"]']
2025-09-15 17:44:07,108 - base_page.py:[107] - [INFO] - 点击元素com.blink.blinkfocos:id/type_login成功
2025-09-15 17:44:07,109 - base_page.py:[261] - [INFO] - 调用了 find_one_element_exist_click 方法, 定位方式是 ['resource-id', 'com.blink.blinkfocos:id/type_login'],要获取的文本 密码
2025-09-15 17:44:08,690 - base_page.py:[252] - [INFO] - 调用了 find_and_send 方法, 定位方式是 ['resource-id', 'com.blink.blinkfocos:id/content'],输入的文本 15371972593
2025-09-15 17:44:10,264 - base_page.py:[252] - [INFO] - 调用了 find_and_send 方法, 定位方式是 ['resource-id', 'com.blink.blinkfocos:id/ver_code'],输入的文本 jxx321
2025-09-15 17:44:11,604 - base_page.py:[237] - [INFO] - 调用了 find_and_click 方法, 定位方式是 ['resource-id', 'com.blink.blinkfocos:id/bt_confirm']
2025-09-15 17:44:11,683 - base_page.py:[237] - [INFO] - 调用了 find_and_click 方法, 定位方式是 ['resource-id', 'com.blink.blinkfocos:id/agree_continue']
2025-09-15 17:44:22,962 - base_page.py:[284] - [ERROR] - 元素定位交互异常，执行的操作是find,传入的参数 定位方式['uam', 'new UiSelector().text("登录成功")']::下标None::文本None::等待时间1
2025-09-15 17:44:22,963 - base_page.py:[285] - [ERROR] - 报错信息是  Message: 元素定位异常
Stacktrace:
NoSuchElementError: An element could not be located on the page using the given search parameters.
    at AndroidUiautomator2Driver.findElOrEls (C:\Program Files\Appium\resources\app\node_modules\appium\node_modules\appium-android-driver\lib\commands\find.js:75:11)
    at runMicrotasks (<anonymous>)
    at processTicksAndRejections (internal/process/task_queues.js:85:5)
2025-09-15 17:44:22,963 - test_login.py:[23] - [ERROR] - 执行登录用例失败，错误：Message: 元素定位异常
Stacktrace:
NoSuchElementError: An element could not be located on the page using the given search parameters.
    at AndroidUiautomator2Driver.findElOrEls (C:\Program Files\Appium\resources\app\node_modules\appium\node_modules\appium-android-driver\lib\commands\find.js:75:11)
    at runMicrotasks (<anonymous>)
    at processTicksAndRejections (internal/process/task_queues.js:85:5)
